[ 2017-07-11T11:27:20+08:00 ] ::1 /qmss/
INFO: [ app_init ] --START--
INFO: Run Behavior\BuildLiteBehavior [ RunTime:0.000013s ]
INFO: [ app_init ] --END-- [ RunTime:0.000895s ]
INFO: [ app_begin ] --START--
INFO: Run Behavior\ReadHtmlCacheBehavior [ RunTime:0.042407s ]
INFO: [ app_begin ] --END-- [ RunTime:0.042496s ]
SQL: SHOW COLUMNS FROM `tp_banner` [ RunTime:0.0557s ]
SQL: SELECT * FROM `tp_banner` ORDER BY create_time desc LIMIT 3   [ RunTime:0.0003s ]
SQL: SHOW COLUMNS FROM `tp_product` [ RunTime:0.0080s ]
SQL: SELECT * FROM `tp_product` ORDER BY create_time desc LIMIT 8   [ RunTime:0.0195s ]
INFO: [ view_parse ] --START--
INFO: [ template_filter ] --START--
INFO: Run Behavior\ContentReplaceBehavior [ RunTime:0.000184s ]
INFO: [ template_filter ] --END-- [ RunTime:0.000379s ]
NOTIC: [8] Undefined index: user D:\phpStudy\WWW\qmss\Application\Runtime\Cache\Home\2a94b8bda04ff446dcedd42276fc99ee.php 第 71 行.
INFO: Run Behavior\ParseTemplateBehavior [ RunTime:0.662564s ]
INFO: [ view_parse ] --END-- [ RunTime:0.662668s ]
INFO: [ view_filter ] --START--
INFO: Run Behavior\WriteHtmlCacheBehavior [ RunTime:0.065419s ]
INFO: [ view_filter ] --END-- [ RunTime:0.065497s ]
INFO: [ app_end ] --START--
INFO: Run Behavior\ShowPageTraceBehavior [ RunTime:0.044197s ]
INFO: [ app_end ] --END-- [ RunTime:0.044258s ]

[ 2017-07-11T11:27:33+08:00 ] ::1 /qmss/index.php/Home/Brand/index.html
INFO: [ app_init ] --START--
INFO: Run Behavior\BuildLiteBehavior [ RunTime:0.000011s ]
INFO: [ app_init ] --END-- [ RunTime:0.000391s ]
INFO: [ app_begin ] --START--
INFO: Run Behavior\ReadHtmlCacheBehavior [ RunTime:0.000567s ]
INFO: [ app_begin ] --END-- [ RunTime:0.000617s ]
SQL: SHOW COLUMNS FROM `tp_brand` [ RunTime:0.0496s ]
SQL: SELECT * FROM `tp_brand` LIMIT 1   [ RunTime:0.0009s ]
INFO: [ view_parse ] --START--
INFO: [ template_filter ] --START--
INFO: Run Behavior\ContentReplaceBehavior [ RunTime:0.000041s ]
INFO: [ template_filter ] --END-- [ RunTime:0.000081s ]
NOTIC: [8] Undefined index: user D:\phpStudy\WWW\qmss\Application\Runtime\Cache\Home\71c02c7fc19ac63fd395c35404938535.php 第 20 行.
INFO: Run Behavior\ParseTemplateBehavior [ RunTime:0.085994s ]
INFO: [ view_parse ] --END-- [ RunTime:0.086090s ]
INFO: [ view_filter ] --START--
INFO: Run Behavior\WriteHtmlCacheBehavior [ RunTime:0.000435s ]
INFO: [ view_filter ] --END-- [ RunTime:0.000469s ]
INFO: [ app_end ] --START--
INFO: Run Behavior\ShowPageTraceBehavior [ RunTime:0.000552s ]
INFO: [ app_end ] --END-- [ RunTime:0.000591s ]

[ 2017-07-11T11:27:38+08:00 ] ::1 /qmss/index.php/Home/News/index/p/1.html
INFO: [ app_init ] --START--
INFO: Run Behavior\BuildLiteBehavior [ RunTime:0.000021s ]
INFO: [ app_init ] --END-- [ RunTime:0.000572s ]
INFO: [ app_begin ] --START--
INFO: Run Behavior\ReadHtmlCacheBehavior [ RunTime:0.000682s ]
INFO: [ app_begin ] --END-- [ RunTime:0.000733s ]
SQL: SHOW COLUMNS FROM `tp_news` [ RunTime:0.1348s ]
SQL: SELECT * FROM `tp_news` ORDER BY create_time desc LIMIT 0,2   [ RunTime:0.0015s ]
SQL: SELECT COUNT(*) AS tp_count FROM `tp_news` LIMIT 1   [ RunTime:0.0239s ]
INFO: [ view_parse ] --START--
INFO: [ template_filter ] --START--
INFO: Run Behavior\ContentReplaceBehavior [ RunTime:0.000097s ]
INFO: [ template_filter ] --END-- [ RunTime:0.000194s ]
NOTIC: [8] Undefined index: user D:\phpStudy\WWW\qmss\Application\Runtime\Cache\Home\3e24b471de08a8366f7660bb176a5e74.php 第 20 行.
NOTIC: [8] Use of undefined constant utf8 - assumed 'utf8' D:\phpStudy\WWW\qmss\Application\Runtime\Cache\Home\3e24b471de08a8366f7660bb176a5e74.php 第 96 行.
NOTIC: [8] Use of undefined constant utf8 - assumed 'utf8' D:\phpStudy\WWW\qmss\Application\Runtime\Cache\Home\3e24b471de08a8366f7660bb176a5e74.php 第 96 行.
INFO: Run Behavior\ParseTemplateBehavior [ RunTime:0.043272s ]
INFO: [ view_parse ] --END-- [ RunTime:0.043347s ]
INFO: [ view_filter ] --START--
INFO: Run Behavior\WriteHtmlCacheBehavior [ RunTime:0.000753s ]
INFO: [ view_filter ] --END-- [ RunTime:0.000792s ]
INFO: [ app_end ] --START--
INFO: Run Behavior\ShowPageTraceBehavior [ RunTime:0.000775s ]
INFO: [ app_end ] --END-- [ RunTime:0.000832s ]

[ 2017-07-11T11:27:41+08:00 ] ::1 /qmss/index.php/Home/Product/index/p/1.html
INFO: [ app_init ] --START--
INFO: Run Behavior\BuildLiteBehavior [ RunTime:0.000030s ]
INFO: [ app_init ] --END-- [ RunTime:0.001113s ]
INFO: [ app_begin ] --START--
INFO: Run Behavior\ReadHtmlCacheBehavior [ RunTime:0.000557s ]
INFO: [ app_begin ] --END-- [ RunTime:0.000610s ]
SQL: SHOW COLUMNS FROM `tp_product_cate` [ RunTime:0.1005s ]
SQL: SELECT * FROM `tp_product_cate` WHERE ( pid=0 )  [ RunTime:0.0005s ]
SQL: SHOW COLUMNS FROM `tp_product` [ RunTime:0.0286s ]
SQL: SELECT * FROM `tp_product` WHERE `cate` = 1 ORDER BY create_time desc LIMIT 0,3   [ RunTime:0.0004s ]
SQL: SELECT COUNT(*) AS tp_count FROM `tp_product` WHERE `cate` = 1 LIMIT 1   [ RunTime:0.0002s ]
INFO: [ view_parse ] --START--
INFO: [ template_filter ] --START--
INFO: Run Behavior\ContentReplaceBehavior [ RunTime:0.000065s ]
INFO: [ template_filter ] --END-- [ RunTime:0.000110s ]
NOTIC: [8] Undefined index: user D:\phpStudy\WWW\qmss\Application\Runtime\Cache\Home\3458861da0342b1f9413030055ee3fb6.php 第 20 行.
INFO: Run Behavior\ParseTemplateBehavior [ RunTime:0.024959s ]
INFO: [ view_parse ] --END-- [ RunTime:0.025163s ]
INFO: [ view_filter ] --START--
INFO: Run Behavior\WriteHtmlCacheBehavior [ RunTime:0.000921s ]
INFO: [ view_filter ] --END-- [ RunTime:0.001006s ]
INFO: [ app_end ] --START--
INFO: Run Behavior\ShowPageTraceBehavior [ RunTime:0.000972s ]
INFO: [ app_end ] --END-- [ RunTime:0.001035s ]

[ 2017-07-11T11:27:42+08:00 ] ::1 /qmss/index.php/Home/Shopping/center.html
INFO: [ app_init ] --START--
INFO: Run Behavior\BuildLiteBehavior [ RunTime:0.000050s ]
INFO: [ app_init ] --END-- [ RunTime:0.000862s ]
INFO: [ app_begin ] --START--
INFO: Run Behavior\ReadHtmlCacheBehavior [ RunTime:0.000589s ]
INFO: [ app_begin ] --END-- [ RunTime:0.000648s ]

[ 2017-07-11T11:27:43+08:00 ] ::1 /qmss/index.php/Home/Members/login.html
INFO: [ app_init ] --START--
INFO: Run Behavior\BuildLiteBehavior [ RunTime:0.000068s ]
INFO: [ app_init ] --END-- [ RunTime:0.000807s ]
INFO: [ app_begin ] --START--
INFO: Run Behavior\ReadHtmlCacheBehavior [ RunTime:0.001049s ]
INFO: [ app_begin ] --END-- [ RunTime:0.001145s ]
INFO: [ view_parse ] --START--
INFO: [ template_filter ] --START--
INFO: Run Behavior\ContentReplaceBehavior [ RunTime:0.000043s ]
INFO: [ template_filter ] --END-- [ RunTime:0.000083s ]
NOTIC: [8] Undefined index: user D:\phpStudy\WWW\qmss\Application\Runtime\Cache\Home\2574a9564b5f0b89c8a068b81a9c05d5.php 第 20 行.
INFO: Run Behavior\ParseTemplateBehavior [ RunTime:0.029003s ]
INFO: [ view_parse ] --END-- [ RunTime:0.029055s ]
INFO: [ view_filter ] --START--
INFO: Run Behavior\WriteHtmlCacheBehavior [ RunTime:0.000431s ]
INFO: [ view_filter ] --END-- [ RunTime:0.000467s ]
INFO: [ app_end ] --START--
INFO: Run Behavior\ShowPageTraceBehavior [ RunTime:0.000761s ]
INFO: [ app_end ] --END-- [ RunTime:0.000822s ]

[ 2017-07-11T11:27:44+08:00 ] ::1 /qmss/index.php/Home/Members/images/login_check.png
INFO: [ app_init ] --START--
INFO: Run Behavior\BuildLiteBehavior [ RunTime:0.000023s ]
INFO: [ app_init ] --END-- [ RunTime:0.001151s ]

[ 2017-07-11T11:28:34+08:00 ] ::1 /qmss/index.php/Home/Members/login
INFO: [ app_init ] --START--
INFO: Run Behavior\BuildLiteBehavior [ RunTime:0.000031s ]
INFO: [ app_init ] --END-- [ RunTime:0.000839s ]
INFO: [ app_begin ] --START--
INFO: Run Behavior\ReadHtmlCacheBehavior [ RunTime:0.000645s ]
INFO: [ app_begin ] --END-- [ RunTime:0.000697s ]
SQL: SHOW COLUMNS FROM `tp_members` [ RunTime:0.0073s ]
SQL: SELECT * FROM `tp_members` WHERE ( `user` = 'aaaaaa' OR `email` = 'aaaaaa' OR `phone` = 'aaaaaa' ) AND `password` = '0b4e7a0e5fe84ad35fb5f95b9ceeac79' LIMIT 1   [ RunTime:0.0243s ]
INFO: [ view_parse ] --START--
INFO: [ template_filter ] --START--
INFO: Run Behavior\ContentReplaceBehavior [ RunTime:0.000030s ]
INFO: [ template_filter ] --END-- [ RunTime:0.000072s ]
INFO: Run Behavior\ParseTemplateBehavior [ RunTime:0.032372s ]
INFO: [ view_parse ] --END-- [ RunTime:0.032436s ]
INFO: [ view_filter ] --START--
INFO: Run Behavior\WriteHtmlCacheBehavior [ RunTime:0.000489s ]
INFO: [ view_filter ] --END-- [ RunTime:0.000521s ]

[ 2017-07-11T11:28:58+08:00 ] ::1 /qmss/index.php/Home/Members/login
INFO: [ app_init ] --START--
INFO: Run Behavior\BuildLiteBehavior [ RunTime:0.000010s ]
INFO: [ app_init ] --END-- [ RunTime:0.000432s ]
INFO: [ app_begin ] --START--
INFO: Run Behavior\ReadHtmlCacheBehavior [ RunTime:0.001050s ]
INFO: [ app_begin ] --END-- [ RunTime:0.001133s ]
SQL: SHOW COLUMNS FROM `tp_members` [ RunTime:0.0302s ]
SQL: SELECT * FROM `tp_members` WHERE ( `user` = '1321410656@qq.com' OR `email` = '1321410656@qq.com' OR `phone` = '1321410656@qq.com' ) AND `password` = '594f803b380a41396ed63dca39503542' LIMIT 1   [ RunTime:0.0005s ]
INFO: [ view_parse ] --START--
INFO: [ template_filter ] --START--
INFO: Run Behavior\ContentReplaceBehavior [ RunTime:0.000030s ]
INFO: [ template_filter ] --END-- [ RunTime:0.000070s ]
INFO: Run Behavior\ParseTemplateBehavior [ RunTime:0.004481s ]
INFO: [ view_parse ] --END-- [ RunTime:0.004530s ]
INFO: [ view_filter ] --START--
INFO: Run Behavior\WriteHtmlCacheBehavior [ RunTime:0.000351s ]
INFO: [ view_filter ] --END-- [ RunTime:0.000380s ]

[ 2017-07-11T11:29:14+08:00 ] ::1 /qmss/index.php/Home/Members/login
INFO: [ app_init ] --START--
INFO: Run Behavior\BuildLiteBehavior [ RunTime:0.000012s ]
INFO: [ app_init ] --END-- [ RunTime:0.000380s ]
INFO: [ app_begin ] --START--
INFO: Run Behavior\ReadHtmlCacheBehavior [ RunTime:0.001612s ]
INFO: [ app_begin ] --END-- [ RunTime:0.001863s ]
SQL: SHOW COLUMNS FROM `tp_members` [ RunTime:0.0042s ]
SQL: SELECT * FROM `tp_members` WHERE ( `user` = '1321410656@qq.com' OR `email` = '1321410656@qq.com' OR `phone` = '1321410656@qq.com' ) AND `password` = '0b4e7a0e5fe84ad35fb5f95b9ceeac79' LIMIT 1   [ RunTime:0.0003s ]
INFO: [ view_parse ] --START--
INFO: [ template_filter ] --START--
INFO: Run Behavior\ContentReplaceBehavior [ RunTime:0.000032s ]
INFO: [ template_filter ] --END-- [ RunTime:0.000075s ]
INFO: Run Behavior\ParseTemplateBehavior [ RunTime:0.005255s ]
INFO: [ view_parse ] --END-- [ RunTime:0.005337s ]
INFO: [ view_filter ] --START--
INFO: Run Behavior\WriteHtmlCacheBehavior [ RunTime:0.000583s ]
INFO: [ view_filter ] --END-- [ RunTime:0.000630s ]

[ 2017-07-11T11:29:41+08:00 ] ::1 /qmss/index.php/Home/Members/login
INFO: [ app_init ] --START--
INFO: Run Behavior\BuildLiteBehavior [ RunTime:0.000011s ]
INFO: [ app_init ] --END-- [ RunTime:0.000517s ]
INFO: [ app_begin ] --START--
INFO: Run Behavior\ReadHtmlCacheBehavior [ RunTime:0.000624s ]
INFO: [ app_begin ] --END-- [ RunTime:0.000665s ]
SQL: SHOW COLUMNS FROM `tp_members` [ RunTime:0.1787s ]
SQL: SELECT * FROM `tp_members` WHERE ( `user` = '1321410656@qq.com' OR `email` = '1321410656@qq.com' OR `phone` = '1321410656@qq.com' ) AND `password` = '343b1c4a3ea721b2d640fc8700db0f36' LIMIT 1   [ RunTime:0.0005s ]
INFO: [ view_parse ] --START--
INFO: [ template_filter ] --START--
INFO: Run Behavior\ContentReplaceBehavior [ RunTime:0.000045s ]
INFO: [ template_filter ] --END-- [ RunTime:0.000106s ]
INFO: Run Behavior\ParseTemplateBehavior [ RunTime:0.006958s ]
INFO: [ view_parse ] --END-- [ RunTime:0.007056s ]
INFO: [ view_filter ] --START--
INFO: Run Behavior\WriteHtmlCacheBehavior [ RunTime:0.000767s ]
INFO: [ view_filter ] --END-- [ RunTime:0.000831s ]

[ 2017-07-11T11:30:01+08:00 ] ::1 /qmss/index.php/Home/Members/login
INFO: [ app_init ] --START--
INFO: Run Behavior\BuildLiteBehavior [ RunTime:0.000027s ]
INFO: [ app_init ] --END-- [ RunTime:0.000843s ]
INFO: [ app_begin ] --START--
INFO: Run Behavior\ReadHtmlCacheBehavior [ RunTime:0.000696s ]
INFO: [ app_begin ] --END-- [ RunTime:0.000762s ]
SQL: SHOW COLUMNS FROM `tp_members` [ RunTime:0.0044s ]
SQL: SELECT * FROM `tp_members` WHERE ( `user` = '1321410656@qq.com' OR `email` = '1321410656@qq.com' OR `phone` = '1321410656@qq.com' ) AND `password` = '343b1c4a3ea721b2d640fc8700db0f36' LIMIT 1   [ RunTime:0.0003s ]
INFO: [ view_parse ] --START--
INFO: [ template_filter ] --START--
INFO: Run Behavior\ContentReplaceBehavior [ RunTime:0.000030s ]
INFO: [ template_filter ] --END-- [ RunTime:0.000076s ]
INFO: Run Behavior\ParseTemplateBehavior [ RunTime:0.006227s ]
INFO: [ view_parse ] --END-- [ RunTime:0.006329s ]
INFO: [ view_filter ] --START--
INFO: Run Behavior\WriteHtmlCacheBehavior [ RunTime:0.000725s ]
INFO: [ view_filter ] --END-- [ RunTime:0.000790s ]

[ 2017-07-11T11:30:15+08:00 ] ::1 /qmss/index.php/Home/Members/login
INFO: [ app_init ] --START--
INFO: Run Behavior\BuildLiteBehavior [ RunTime:0.000028s ]
INFO: [ app_init ] --END-- [ RunTime:0.000728s ]
INFO: [ app_begin ] --START--
INFO: Run Behavior\ReadHtmlCacheBehavior [ RunTime:0.000744s ]
INFO: [ app_begin ] --END-- [ RunTime:0.000811s ]
SQL: SHOW COLUMNS FROM `tp_members` [ RunTime:0.0205s ]
SQL: SELECT * FROM `tp_members` WHERE ( `user` = '1321410656@qq.com' OR `email` = '1321410656@qq.com' OR `phone` = '1321410656@qq.com' ) AND `password` = '0b4e7a0e5fe84ad35fb5f95b9ceeac79' LIMIT 1   [ RunTime:0.0003s ]
INFO: [ view_parse ] --START--
INFO: [ template_filter ] --START--
INFO: Run Behavior\ContentReplaceBehavior [ RunTime:0.000032s ]
INFO: [ template_filter ] --END-- [ RunTime:0.000074s ]
INFO: Run Behavior\ParseTemplateBehavior [ RunTime:0.007435s ]
INFO: [ view_parse ] --END-- [ RunTime:0.007499s ]
INFO: [ view_filter ] --START--
INFO: Run Behavior\WriteHtmlCacheBehavior [ RunTime:0.000448s ]
INFO: [ view_filter ] --END-- [ RunTime:0.000488s ]

[ 2017-07-11T11:30:38+08:00 ] ::1 /qmss/index.php/Home/Members/login
INFO: [ app_init ] --START--
INFO: Run Behavior\BuildLiteBehavior [ RunTime:0.000018s ]
INFO: [ app_init ] --END-- [ RunTime:0.000648s ]
INFO: [ app_begin ] --START--
INFO: Run Behavior\ReadHtmlCacheBehavior [ RunTime:0.000779s ]
INFO: [ app_begin ] --END-- [ RunTime:0.000851s ]
SQL: SHOW COLUMNS FROM `tp_members` [ RunTime:0.0075s ]
SQL: SELECT * FROM `tp_members` WHERE ( `user` = 'qqqqqq' OR `email` = 'qqqqqq' OR `phone` = 'qqqqqq' ) AND `password` = '343b1c4a3ea721b2d640fc8700db0f36' LIMIT 1   [ RunTime:0.0003s ]
INFO: [ view_parse ] --START--
INFO: [ template_filter ] --START--
INFO: Run Behavior\ContentReplaceBehavior [ RunTime:0.000034s ]
INFO: [ template_filter ] --END-- [ RunTime:0.000079s ]
INFO: Run Behavior\ParseTemplateBehavior [ RunTime:0.005205s ]
INFO: [ view_parse ] --END-- [ RunTime:0.005258s ]
INFO: [ view_filter ] --START--
INFO: Run Behavior\WriteHtmlCacheBehavior [ RunTime:0.000572s ]
INFO: [ view_filter ] --END-- [ RunTime:0.000613s ]

[ 2017-07-11T11:30:48+08:00 ] ::1 /qmss/index.php/Home/Members/login
INFO: [ app_init ] --START--
INFO: Run Behavior\BuildLiteBehavior [ RunTime:0.000019s ]
INFO: [ app_init ] --END-- [ RunTime:0.000725s ]
INFO: [ app_begin ] --START--
INFO: Run Behavior\ReadHtmlCacheBehavior [ RunTime:0.000574s ]
INFO: [ app_begin ] --END-- [ RunTime:0.000619s ]
SQL: SHOW COLUMNS FROM `tp_members` [ RunTime:0.0238s ]
SQL: SELECT * FROM `tp_members` WHERE ( `user` = 'aaaaaa' OR `email` = 'aaaaaa' OR `phone` = 'aaaaaa' ) AND `password` = '0b4e7a0e5fe84ad35fb5f95b9ceeac79' LIMIT 1   [ RunTime:0.0003s ]
INFO: [ view_parse ] --START--
INFO: [ template_filter ] --START--
INFO: Run Behavior\ContentReplaceBehavior [ RunTime:0.000046s ]
INFO: [ template_filter ] --END-- [ RunTime:0.000090s ]
INFO: Run Behavior\ParseTemplateBehavior [ RunTime:0.005680s ]
INFO: [ view_parse ] --END-- [ RunTime:0.005761s ]
INFO: [ view_filter ] --START--
INFO: Run Behavior\WriteHtmlCacheBehavior [ RunTime:0.000570s ]
INFO: [ view_filter ] --END-- [ RunTime:0.000601s ]

[ 2017-07-11T11:31:12+08:00 ] ::1 /qmss/index.php/Home/Members/login
INFO: [ app_init ] --START--
INFO: Run Behavior\BuildLiteBehavior [ RunTime:0.000012s ]
INFO: [ app_init ] --END-- [ RunTime:0.000384s ]
INFO: [ app_begin ] --START--
INFO: Run Behavior\ReadHtmlCacheBehavior [ RunTime:0.000964s ]
INFO: [ app_begin ] --END-- [ RunTime:0.001070s ]
SQL: SHOW COLUMNS FROM `tp_members` [ RunTime:0.0041s ]
SQL: SELECT * FROM `tp_members` WHERE ( `user` = '1321410656@qq.com' OR `email` = '1321410656@qq.com' OR `phone` = '1321410656@qq.com' ) AND `password` = '21232f297a57a5a743894a0e4a801fc3' LIMIT 1   [ RunTime:0.0003s ]
INFO: [ view_parse ] --START--
INFO: [ template_filter ] --START--
INFO: Run Behavior\ContentReplaceBehavior [ RunTime:0.000049s ]
INFO: [ template_filter ] --END-- [ RunTime:0.000111s ]
INFO: Run Behavior\ParseTemplateBehavior [ RunTime:0.005867s ]
INFO: [ view_parse ] --END-- [ RunTime:0.005928s ]
INFO: [ view_filter ] --START--
INFO: Run Behavior\WriteHtmlCacheBehavior [ RunTime:0.000358s ]
INFO: [ view_filter ] --END-- [ RunTime:0.000389s ]

[ 2017-07-11T11:31:43+08:00 ] ::1 /qmss/index.php/Home/Members/login
INFO: [ app_init ] --START--
INFO: Run Behavior\BuildLiteBehavior [ RunTime:0.000015s ]
INFO: [ app_init ] --END-- [ RunTime:0.000386s ]
INFO: [ app_begin ] --START--
INFO: Run Behavior\ReadHtmlCacheBehavior [ RunTime:0.000956s ]
INFO: [ app_begin ] --END-- [ RunTime:0.001073s ]
SQL: SHOW COLUMNS FROM `tp_members` [ RunTime:0.0173s ]
SQL: SELECT * FROM `tp_members` WHERE ( `user` = 'qqqqqq' OR `email` = 'qqqqqq' OR `phone` = 'qqqqqq' ) AND `password` = '21232f297a57a5a743894a0e4a801fc3' LIMIT 1   [ RunTime:0.0006s ]
INFO: [ view_parse ] --START--
INFO: [ template_filter ] --START--
INFO: Run Behavior\ContentReplaceBehavior [ RunTime:0.000032s ]
INFO: [ template_filter ] --END-- [ RunTime:0.000074s ]
INFO: Run Behavior\ParseTemplateBehavior [ RunTime:0.005348s ]
INFO: [ view_parse ] --END-- [ RunTime:0.005413s ]
INFO: [ view_filter ] --START--
INFO: Run Behavior\WriteHtmlCacheBehavior [ RunTime:0.000516s ]
INFO: [ view_filter ] --END-- [ RunTime:0.000565s ]

[ 2017-07-11T11:31:50+08:00 ] ::1 /qmss/index.php/Home/Members/login
INFO: [ app_init ] --START--
INFO: Run Behavior\BuildLiteBehavior [ RunTime:0.000012s ]
INFO: [ app_init ] --END-- [ RunTime:0.000525s ]
INFO: [ app_begin ] --START--
INFO: Run Behavior\ReadHtmlCacheBehavior [ RunTime:0.000591s ]
INFO: [ app_begin ] --END-- [ RunTime:0.000641s ]
SQL: SHOW COLUMNS FROM `tp_members` [ RunTime:0.0070s ]
SQL: SELECT * FROM `tp_members` WHERE ( `user` = 'qqqqqq' OR `email` = 'qqqqqq' OR `phone` = 'qqqqqq' ) AND `password` = '0b4e7a0e5fe84ad35fb5f95b9ceeac79' LIMIT 1   [ RunTime:0.0008s ]
INFO: [ view_parse ] --START--
INFO: [ template_filter ] --START--
INFO: Run Behavior\ContentReplaceBehavior [ RunTime:0.000030s ]
INFO: [ template_filter ] --END-- [ RunTime:0.000076s ]
INFO: Run Behavior\ParseTemplateBehavior [ RunTime:0.006220s ]
INFO: [ view_parse ] --END-- [ RunTime:0.006302s ]
INFO: [ view_filter ] --START--
INFO: Run Behavior\WriteHtmlCacheBehavior [ RunTime:0.000597s ]
INFO: [ view_filter ] --END-- [ RunTime:0.000655s ]

[ 2017-07-11T12:03:11+08:00 ] ::1 /qmss/index.php/Home/Product/index/p/1.html
INFO: [ app_init ] --START--
INFO: Run Behavior\BuildLiteBehavior [ RunTime:0.000055s ]
INFO: [ app_init ] --END-- [ RunTime:0.010736s ]
INFO: [ app_begin ] --START--
INFO: Run Behavior\ReadHtmlCacheBehavior [ RunTime:0.004457s ]
INFO: [ app_begin ] --END-- [ RunTime:0.004652s ]
SQL: SHOW COLUMNS FROM `tp_product_cate` [ RunTime:0.0481s ]
SQL: SELECT * FROM `tp_product_cate` WHERE ( pid=0 )  [ RunTime:0.0902s ]
SQL: SHOW COLUMNS FROM `tp_product` [ RunTime:0.0644s ]
SQL: SELECT * FROM `tp_product` WHERE `cate` = 1 ORDER BY create_time desc LIMIT 0,3   [ RunTime:0.0018s ]
SQL: SELECT COUNT(*) AS tp_count FROM `tp_product` WHERE `cate` = 1 LIMIT 1   [ RunTime:0.0009s ]
INFO: [ view_parse ] --START--
INFO: [ template_filter ] --START--
INFO: Run Behavior\ContentReplaceBehavior [ RunTime:0.000219s ]
INFO: [ template_filter ] --END-- [ RunTime:0.000368s ]
NOTIC: [8] Undefined index: user D:\phpStudy\WWW\qmss\Application\Runtime\Cache\Home\3458861da0342b1f9413030055ee3fb6.php 第 20 行.
INFO: Run Behavior\ParseTemplateBehavior [ RunTime:0.300731s ]
INFO: [ view_parse ] --END-- [ RunTime:0.300930s ]
INFO: [ view_filter ] --START--
INFO: Run Behavior\WriteHtmlCacheBehavior [ RunTime:0.035504s ]
INFO: [ view_filter ] --END-- [ RunTime:0.035654s ]
INFO: [ app_end ] --START--
INFO: Run Behavior\ShowPageTraceBehavior [ RunTime:0.012762s ]
INFO: [ app_end ] --END-- [ RunTime:0.012975s ]

[ 2017-07-11T12:03:18+08:00 ] ::1 /qmss/index.php/Home/News/index/p/1.html
INFO: [ app_init ] --START--
INFO: Run Behavior\BuildLiteBehavior [ RunTime:0.000033s ]
INFO: [ app_init ] --END-- [ RunTime:0.001017s ]
INFO: [ app_begin ] --START--
INFO: Run Behavior\ReadHtmlCacheBehavior [ RunTime:0.001279s ]
INFO: [ app_begin ] --END-- [ RunTime:0.001379s ]
SQL: SHOW COLUMNS FROM `tp_news` [ RunTime:0.2543s ]
SQL: SELECT * FROM `tp_news` ORDER BY create_time desc LIMIT 0,2   [ RunTime:0.0023s ]
SQL: SELECT COUNT(*) AS tp_count FROM `tp_news` LIMIT 1   [ RunTime:0.0007s ]
INFO: [ view_parse ] --START--
INFO: [ template_filter ] --START--
INFO: Run Behavior\ContentReplaceBehavior [ RunTime:0.000104s ]
INFO: [ template_filter ] --END-- [ RunTime:0.000178s ]
NOTIC: [8] Undefined index: user D:\phpStudy\WWW\qmss\Application\Runtime\Cache\Home\3e24b471de08a8366f7660bb176a5e74.php 第 20 行.
NOTIC: [8] Use of undefined constant utf8 - assumed 'utf8' D:\phpStudy\WWW\qmss\Application\Runtime\Cache\Home\3e24b471de08a8366f7660bb176a5e74.php 第 96 行.
NOTIC: [8] Use of undefined constant utf8 - assumed 'utf8' D:\phpStudy\WWW\qmss\Application\Runtime\Cache\Home\3e24b471de08a8366f7660bb176a5e74.php 第 96 行.
INFO: Run Behavior\ParseTemplateBehavior [ RunTime:0.089766s ]
INFO: [ view_parse ] --END-- [ RunTime:0.089943s ]
INFO: [ view_filter ] --START--
INFO: Run Behavior\WriteHtmlCacheBehavior [ RunTime:0.001233s ]
INFO: [ view_filter ] --END-- [ RunTime:0.001318s ]
INFO: [ app_end ] --START--
INFO: Run Behavior\ShowPageTraceBehavior [ RunTime:0.001377s ]
INFO: [ app_end ] --END-- [ RunTime:0.001471s ]

[ 2017-07-11T12:03:19+08:00 ] ::1 /qmss/index.php/Home/News/news_details?id=13
INFO: [ app_init ] --START--
INFO: Run Behavior\BuildLiteBehavior [ RunTime:0.000012s ]
INFO: [ app_init ] --END-- [ RunTime:0.000410s ]
INFO: [ app_begin ] --START--
INFO: Run Behavior\ReadHtmlCacheBehavior [ RunTime:0.000551s ]
INFO: [ app_begin ] --END-- [ RunTime:0.000592s ]
SQL: SHOW COLUMNS FROM `tp_news` [ RunTime:0.0145s ]
SQL: SELECT * FROM `tp_news` WHERE `id` = 13 LIMIT 1   [ RunTime:0.0012s ]
SQL: SELECT * FROM `tp_news` WHERE ( `create_time` > 1496220875 ) ORDER BY create_time asc LIMIT 1   [ RunTime:0.0012s ]
SQL: SELECT * FROM `tp_news` WHERE ( `create_time` < 1496220875 ) ORDER BY create_time desc LIMIT 1   [ RunTime:0.0010s ]
INFO: [ view_parse ] --START--
INFO: [ template_filter ] --START--
INFO: Run Behavior\ContentReplaceBehavior [ RunTime:0.000260s ]
INFO: [ template_filter ] --END-- [ RunTime:0.000469s ]
NOTIC: [8] Undefined index: user D:\phpStudy\WWW\qmss\Application\Runtime\Cache\Home\633e89f1f3101f9a738eef68e0efe52c.php 第 20 行.
INFO: Run Behavior\ParseTemplateBehavior [ RunTime:0.228422s ]
INFO: [ view_parse ] --END-- [ RunTime:0.228500s ]
INFO: [ view_filter ] --START--
INFO: Run Behavior\WriteHtmlCacheBehavior [ RunTime:0.000481s ]
INFO: [ view_filter ] --END-- [ RunTime:0.000513s ]
INFO: [ app_end ] --START--
INFO: Run Behavior\ShowPageTraceBehavior [ RunTime:0.000559s ]
INFO: [ app_end ] --END-- [ RunTime:0.000599s ]

[ 2017-07-11T12:03:25+08:00 ] ::1 /qmss/index.php/Home/Product/index/p/1.html
INFO: [ app_init ] --START--
INFO: Run Behavior\BuildLiteBehavior [ RunTime:0.000014s ]
INFO: [ app_init ] --END-- [ RunTime:0.000729s ]
INFO: [ app_begin ] --START--
INFO: Run Behavior\ReadHtmlCacheBehavior [ RunTime:0.000914s ]
INFO: [ app_begin ] --END-- [ RunTime:0.000962s ]
SQL: SHOW COLUMNS FROM `tp_product_cate` [ RunTime:0.0153s ]
SQL: SELECT * FROM `tp_product_cate` WHERE ( pid=0 )  [ RunTime:0.0013s ]
SQL: SHOW COLUMNS FROM `tp_product` [ RunTime:0.0156s ]
SQL: SELECT * FROM `tp_product` WHERE `cate` = 1 ORDER BY create_time desc LIMIT 0,3   [ RunTime:0.0015s ]
SQL: SELECT COUNT(*) AS tp_count FROM `tp_product` WHERE `cate` = 1 LIMIT 1   [ RunTime:0.0011s ]
INFO: [ view_parse ] --START--
INFO: [ template_filter ] --START--
INFO: Run Behavior\ContentReplaceBehavior [ RunTime:0.000248s ]
INFO: [ template_filter ] --END-- [ RunTime:0.000429s ]
NOTIC: [8] Undefined index: user D:\phpStudy\WWW\qmss\Application\Runtime\Cache\Home\3458861da0342b1f9413030055ee3fb6.php 第 20 行.
INFO: Run Behavior\ParseTemplateBehavior [ RunTime:0.123727s ]
INFO: [ view_parse ] --END-- [ RunTime:0.123948s ]
INFO: [ view_filter ] --START--
INFO: Run Behavior\WriteHtmlCacheBehavior [ RunTime:0.002815s ]
INFO: [ view_filter ] --END-- [ RunTime:0.002985s ]
INFO: [ app_end ] --START--
INFO: Run Behavior\ShowPageTraceBehavior [ RunTime:0.005124s ]
INFO: [ app_end ] --END-- [ RunTime:0.005325s ]

[ 2017-07-11T12:03:27+08:00 ] ::1 /qmss/index.php/Home/Product/pro_details?id=10
INFO: [ app_init ] --START--
INFO: Run Behavior\BuildLiteBehavior [ RunTime:0.000043s ]
INFO: [ app_init ] --END-- [ RunTime:0.000817s ]
INFO: [ app_begin ] --START--
INFO: Run Behavior\ReadHtmlCacheBehavior [ RunTime:0.000855s ]
INFO: [ app_begin ] --END-- [ RunTime:0.000906s ]
SQL: SHOW COLUMNS FROM `tp_product_cate` [ RunTime:0.0055s ]
SQL: SELECT * FROM `tp_product_cate` WHERE ( pid=0 )  [ RunTime:0.0004s ]
SQL: SHOW COLUMNS FROM `tp_product` [ RunTime:0.0061s ]
SQL: SELECT * FROM `tp_product` WHERE ( id=10 ) LIMIT 1   [ RunTime:0.0004s ]
INFO: [ view_parse ] --START--
INFO: [ template_filter ] --START--
INFO: Run Behavior\ContentReplaceBehavior [ RunTime:0.000195s ]
INFO: [ template_filter ] --END-- [ RunTime:0.000307s ]
NOTIC: [8] Undefined index: user D:\phpStudy\WWW\qmss\Application\Runtime\Cache\Home\f391e383773027cb0c31f1a4280110a8.php 第 20 行.
INFO: Run Behavior\ParseTemplateBehavior [ RunTime:0.074829s ]
INFO: [ view_parse ] --END-- [ RunTime:0.074920s ]
INFO: [ view_filter ] --START--
INFO: Run Behavior\WriteHtmlCacheBehavior [ RunTime:0.001869s ]
INFO: [ view_filter ] --END-- [ RunTime:0.001968s ]
INFO: [ app_end ] --START--
INFO: Run Behavior\ShowPageTraceBehavior [ RunTime:0.003293s ]
INFO: [ app_end ] --END-- [ RunTime:0.003422s ]

[ 2017-07-11T15:19:15+08:00 ] ::1 /qmss/index.php/Home/Shopping/center.html
INFO: [ app_init ] --START--
INFO: Run Behavior\BuildLiteBehavior [ RunTime:0.000017s ]
INFO: [ app_init ] --END-- [ RunTime:0.000983s ]
INFO: [ app_begin ] --START--
INFO: Run Behavior\ReadHtmlCacheBehavior [ RunTime:0.001104s ]
INFO: [ app_begin ] --END-- [ RunTime:0.001162s ]

[ 2017-07-11T15:19:16+08:00 ] ::1 /qmss/index.php/Home/Members/login.html
INFO: [ app_init ] --START--
INFO: Run Behavior\BuildLiteBehavior [ RunTime:0.000010s ]
INFO: [ app_init ] --END-- [ RunTime:0.000421s ]
INFO: [ app_begin ] --START--
INFO: Run Behavior\ReadHtmlCacheBehavior [ RunTime:0.000536s ]
INFO: [ app_begin ] --END-- [ RunTime:0.000574s ]
INFO: [ view_parse ] --START--
INFO: [ template_filter ] --START--
INFO: Run Behavior\ContentReplaceBehavior [ RunTime:0.000043s ]
INFO: [ template_filter ] --END-- [ RunTime:0.000084s ]
NOTIC: [8] Undefined index: user D:\phpStudy\WWW\qmss\Application\Runtime\Cache\Home\2574a9564b5f0b89c8a068b81a9c05d5.php 第 20 行.
INFO: Run Behavior\ParseTemplateBehavior [ RunTime:0.020913s ]
INFO: [ view_parse ] --END-- [ RunTime:0.020960s ]
INFO: [ view_filter ] --START--
INFO: Run Behavior\WriteHtmlCacheBehavior [ RunTime:0.000857s ]
INFO: [ view_filter ] --END-- [ RunTime:0.000897s ]
INFO: [ app_end ] --START--
INFO: Run Behavior\ShowPageTraceBehavior [ RunTime:0.001602s ]
INFO: [ app_end ] --END-- [ RunTime:0.001652s ]

[ 2017-07-11T15:19:16+08:00 ] ::1 /qmss/index.php/Home/Members/images/login_check.png
INFO: [ app_init ] --START--
INFO: Run Behavior\BuildLiteBehavior [ RunTime:0.000010s ]
INFO: [ app_init ] --END-- [ RunTime:0.000425s ]

[ 2017-07-11T15:19:30+08:00 ] ::1 /qmss/index.php/Home/Members/login
INFO: [ app_init ] --START--
INFO: Run Behavior\BuildLiteBehavior [ RunTime:0.000010s ]
INFO: [ app_init ] --END-- [ RunTime:0.000415s ]
INFO: [ app_begin ] --START--
INFO: Run Behavior\ReadHtmlCacheBehavior [ RunTime:0.000558s ]
INFO: [ app_begin ] --END-- [ RunTime:0.000598s ]
SQL: SHOW COLUMNS FROM `tp_members` [ RunTime:0.1234s ]
SQL: SELECT * FROM `tp_members` WHERE ( `user` = 'admin' OR `email` = 'admin' OR `phone` = 'admin' ) AND `password` = '5d793fc5b00a2348c3fb9ab59e5ca98a' LIMIT 1   [ RunTime:0.0180s ]
INFO: [ view_parse ] --START--
INFO: [ template_filter ] --START--
INFO: Run Behavior\ContentReplaceBehavior [ RunTime:0.000032s ]
INFO: [ template_filter ] --END-- [ RunTime:0.000077s ]
INFO: Run Behavior\ParseTemplateBehavior [ RunTime:0.014186s ]
INFO: [ view_parse ] --END-- [ RunTime:0.014248s ]
INFO: [ view_filter ] --START--
INFO: Run Behavior\WriteHtmlCacheBehavior [ RunTime:0.000408s ]
INFO: [ view_filter ] --END-- [ RunTime:0.000441s ]

[ 2017-07-11T15:20:01+08:00 ] ::1 /qmss/index.php/Home/Members/login
INFO: [ app_init ] --START--
INFO: Run Behavior\BuildLiteBehavior [ RunTime:0.000010s ]
INFO: [ app_init ] --END-- [ RunTime:0.000411s ]
INFO: [ app_begin ] --START--
INFO: Run Behavior\ReadHtmlCacheBehavior [ RunTime:0.000528s ]
INFO: [ app_begin ] --END-- [ RunTime:0.000571s ]
SQL: SHOW COLUMNS FROM `tp_members` [ RunTime:0.0799s ]
SQL: SELECT * FROM `tp_members` WHERE ( `user` = '1321410656@qq.com' OR `email` = '1321410656@qq.com' OR `phone` = '1321410656@qq.com' ) AND `password` = '0b4e7a0e5fe84ad35fb5f95b9ceeac79' LIMIT 1   [ RunTime:0.0010s ]
INFO: [ view_parse ] --START--
INFO: [ template_filter ] --START--
INFO: Run Behavior\ContentReplaceBehavior [ RunTime:0.000050s ]
INFO: [ template_filter ] --END-- [ RunTime:0.000123s ]
INFO: Run Behavior\ParseTemplateBehavior [ RunTime:0.009971s ]
INFO: [ view_parse ] --END-- [ RunTime:0.010059s ]
INFO: [ view_filter ] --START--
INFO: Run Behavior\WriteHtmlCacheBehavior [ RunTime:0.000613s ]
INFO: [ view_filter ] --END-- [ RunTime:0.000660s ]

[ 2017-07-11T15:20:20+08:00 ] ::1 /qmss/index.php/Home/Members/login
INFO: [ app_init ] --START--
INFO: Run Behavior\BuildLiteBehavior [ RunTime:0.000010s ]
INFO: [ app_init ] --END-- [ RunTime:0.000434s ]
INFO: [ app_begin ] --START--
INFO: Run Behavior\ReadHtmlCacheBehavior [ RunTime:0.000553s ]
INFO: [ app_begin ] --END-- [ RunTime:0.000600s ]
SQL: SHOW COLUMNS FROM `tp_members` [ RunTime:0.0157s ]
SQL: SELECT * FROM `tp_members` WHERE ( `user` = '1321410656@qq.com' OR `email` = '1321410656@qq.com' OR `phone` = '1321410656@qq.com' ) AND `password` = '343b1c4a3ea721b2d640fc8700db0f36' LIMIT 1   [ RunTime:0.0007s ]
INFO: [ view_parse ] --START--
INFO: [ template_filter ] --START--
INFO: Run Behavior\ContentReplaceBehavior [ RunTime:0.000085s ]
INFO: [ template_filter ] --END-- [ RunTime:0.000159s ]
INFO: Run Behavior\ParseTemplateBehavior [ RunTime:0.009178s ]
INFO: [ view_parse ] --END-- [ RunTime:0.009265s ]
INFO: [ view_filter ] --START--
INFO: Run Behavior\WriteHtmlCacheBehavior [ RunTime:0.000618s ]
INFO: [ view_filter ] --END-- [ RunTime:0.000663s ]

[ 2017-07-11T15:20:34+08:00 ] ::1 /qmss/index.php/Home/Members/login
INFO: [ app_init ] --START--
INFO: Run Behavior\BuildLiteBehavior [ RunTime:0.000010s ]
INFO: [ app_init ] --END-- [ RunTime:0.000439s ]
INFO: [ app_begin ] --START--
INFO: Run Behavior\ReadHtmlCacheBehavior [ RunTime:0.000609s ]
INFO: [ app_begin ] --END-- [ RunTime:0.000649s ]
SQL: SHOW COLUMNS FROM `tp_members` [ RunTime:0.0075s ]
SQL: SELECT * FROM `tp_members` WHERE ( `user` = 'aaaaaa' OR `email` = 'aaaaaa' OR `phone` = 'aaaaaa' ) AND `password` = '30ae43ad1aa0a416699051b73a3dfcf6' LIMIT 1   [ RunTime:0.0006s ]
INFO: [ view_parse ] --START--
INFO: [ template_filter ] --START--
INFO: Run Behavior\ContentReplaceBehavior [ RunTime:0.000049s ]
INFO: [ template_filter ] --END-- [ RunTime:0.000120s ]
INFO: Run Behavior\ParseTemplateBehavior [ RunTime:0.010843s ]
INFO: [ view_parse ] --END-- [ RunTime:0.010936s ]
INFO: [ view_filter ] --START--
INFO: Run Behavior\WriteHtmlCacheBehavior [ RunTime:0.000762s ]
INFO: [ view_filter ] --END-- [ RunTime:0.000811s ]

[ 2017-07-11T15:20:44+08:00 ] ::1 /qmss/index.php/Home/Members/login
INFO: [ app_init ] --START--
INFO: Run Behavior\BuildLiteBehavior [ RunTime:0.000010s ]
INFO: [ app_init ] --END-- [ RunTime:0.000449s ]
INFO: [ app_begin ] --START--
INFO: Run Behavior\ReadHtmlCacheBehavior [ RunTime:0.001112s ]
INFO: [ app_begin ] --END-- [ RunTime:0.001197s ]
SQL: SHOW COLUMNS FROM `tp_members` [ RunTime:0.0176s ]
SQL: SELECT * FROM `tp_members` WHERE ( `user` = 'admin' OR `email` = 'admin' OR `phone` = 'admin' ) AND `password` = '0b4e7a0e5fe84ad35fb5f95b9ceeac79' LIMIT 1   [ RunTime:0.0011s ]
INFO: [ view_parse ] --START--
INFO: [ template_filter ] --START--
INFO: Run Behavior\ContentReplaceBehavior [ RunTime:0.000056s ]
INFO: [ template_filter ] --END-- [ RunTime:0.000134s ]
INFO: Run Behavior\ParseTemplateBehavior [ RunTime:0.012003s ]
INFO: [ view_parse ] --END-- [ RunTime:0.012147s ]
INFO: [ view_filter ] --START--
INFO: Run Behavior\WriteHtmlCacheBehavior [ RunTime:0.000764s ]
INFO: [ view_filter ] --END-- [ RunTime:0.000814s ]

[ 2017-07-11T15:21:25+08:00 ] ::1 /qmss/index.php/Home/Members/login.html
INFO: [ app_init ] --START--
INFO: Run Behavior\BuildLiteBehavior [ RunTime:0.000010s ]
INFO: [ app_init ] --END-- [ RunTime:0.000410s ]
INFO: [ app_begin ] --START--
INFO: Run Behavior\ReadHtmlCacheBehavior [ RunTime:0.000566s ]
INFO: [ app_begin ] --END-- [ RunTime:0.000610s ]
INFO: [ view_parse ] --START--
INFO: [ template_filter ] --START--
INFO: Run Behavior\ContentReplaceBehavior [ RunTime:0.000041s ]
INFO: [ template_filter ] --END-- [ RunTime:0.000076s ]
NOTIC: [8] Undefined index: user D:\phpStudy\WWW\qmss\Application\Runtime\Cache\Home\2574a9564b5f0b89c8a068b81a9c05d5.php 第 20 行.
INFO: Run Behavior\ParseTemplateBehavior [ RunTime:0.006477s ]
INFO: [ view_parse ] --END-- [ RunTime:0.006514s ]
INFO: [ view_filter ] --START--
INFO: Run Behavior\WriteHtmlCacheBehavior [ RunTime:0.000519s ]
INFO: [ view_filter ] --END-- [ RunTime:0.000579s ]
INFO: [ app_end ] --START--
INFO: Run Behavior\ShowPageTraceBehavior [ RunTime:0.001693s ]
INFO: [ app_end ] --END-- [ RunTime:0.001746s ]

[ 2017-07-11T15:21:25+08:00 ] ::1 /qmss/index.php/Home/Members/images/login_check.png
INFO: [ app_init ] --START--
INFO: Run Behavior\BuildLiteBehavior [ RunTime:0.000010s ]
INFO: [ app_init ] --END-- [ RunTime:0.000433s ]

[ 2017-07-11T15:21:43+08:00 ] ::1 /qmss/index.php/Home/Members/login
INFO: [ app_init ] --START--
INFO: Run Behavior\BuildLiteBehavior [ RunTime:0.000011s ]
INFO: [ app_init ] --END-- [ RunTime:0.000458s ]
INFO: [ app_begin ] --START--
INFO: Run Behavior\ReadHtmlCacheBehavior [ RunTime:0.000554s ]
INFO: [ app_begin ] --END-- [ RunTime:0.000593s ]
SQL: SHOW COLUMNS FROM `tp_members` [ RunTime:0.0120s ]
SQL: SELECT * FROM `tp_members` WHERE ( `user` = 'aaaaaa' OR `email` = 'aaaaaa' OR `phone` = 'aaaaaa' ) AND `password` = 'e10adc3949ba59abbe56e057f20f883e' LIMIT 1   [ RunTime:0.0008s ]
INFO: [ view_parse ] --START--
INFO: [ template_filter ] --START--
INFO: Run Behavior\ContentReplaceBehavior [ RunTime:0.000052s ]
INFO: [ template_filter ] --END-- [ RunTime:0.000130s ]
INFO: Run Behavior\ParseTemplateBehavior [ RunTime:0.009976s ]
INFO: [ view_parse ] --END-- [ RunTime:0.010062s ]
INFO: [ view_filter ] --START--
INFO: Run Behavior\WriteHtmlCacheBehavior [ RunTime:0.000610s ]
INFO: [ view_filter ] --END-- [ RunTime:0.000657s ]

[ 2017-07-11T15:22:28+08:00 ] ::1 /qmss/index.php/Home/Members/login
INFO: [ app_init ] --START--
INFO: Run Behavior\BuildLiteBehavior [ RunTime:0.000010s ]
INFO: [ app_init ] --END-- [ RunTime:0.000450s ]
INFO: [ app_begin ] --START--
INFO: Run Behavior\ReadHtmlCacheBehavior [ RunTime:0.000539s ]
INFO: [ app_begin ] --END-- [ RunTime:0.000580s ]
SQL: SHOW COLUMNS FROM `tp_members` [ RunTime:0.0167s ]
SQL: SELECT * FROM `tp_members` WHERE ( `user` = 'aaaaaa' OR `email` = 'aaaaaa' OR `phone` = 'aaaaaa' ) AND `password` = 'e10adc3949ba59abbe56e057f20f883e' LIMIT 1   [ RunTime:0.0006s ]
INFO: [ view_parse ] --START--
INFO: [ template_filter ] --START--
INFO: Run Behavior\ContentReplaceBehavior [ RunTime:0.000045s ]
INFO: [ template_filter ] --END-- [ RunTime:0.000107s ]
INFO: Run Behavior\ParseTemplateBehavior [ RunTime:0.008445s ]
INFO: [ view_parse ] --END-- [ RunTime:0.008529s ]
INFO: [ view_filter ] --START--
INFO: Run Behavior\WriteHtmlCacheBehavior [ RunTime:0.000547s ]
INFO: [ view_filter ] --END-- [ RunTime:0.000591s ]

[ 2017-07-11T15:22:40+08:00 ] ::1 /qmss/index.php/Home/Members/login
INFO: [ app_init ] --START--
INFO: Run Behavior\BuildLiteBehavior [ RunTime:0.000010s ]
INFO: [ app_init ] --END-- [ RunTime:0.000424s ]
INFO: [ app_begin ] --START--
INFO: Run Behavior\ReadHtmlCacheBehavior [ RunTime:0.000599s ]
INFO: [ app_begin ] --END-- [ RunTime:0.000639s ]
SQL: SHOW COLUMNS FROM `tp_members` [ RunTime:0.0155s ]
SQL: SELECT * FROM `tp_members` WHERE ( `user` = 'aaaaaa' OR `email` = 'aaaaaa' OR `phone` = 'aaaaaa' ) AND `password` = 'e10adc3949ba59abbe56e057f20f883e' LIMIT 1   [ RunTime:0.0008s ]
INFO: [ view_parse ] --START--
INFO: [ template_filter ] --START--
INFO: Run Behavior\ContentReplaceBehavior [ RunTime:0.000050s ]
INFO: [ template_filter ] --END-- [ RunTime:0.000123s ]
INFO: Run Behavior\ParseTemplateBehavior [ RunTime:0.011051s ]
INFO: [ view_parse ] --END-- [ RunTime:0.011151s ]
INFO: [ view_filter ] --START--
INFO: Run Behavior\WriteHtmlCacheBehavior [ RunTime:0.000867s ]
INFO: [ view_filter ] --END-- [ RunTime:0.000925s ]

[ 2017-07-11T15:22:47+08:00 ] ::1 /qmss/index.php/Home/Members/login.html
INFO: [ app_init ] --START--
INFO: Run Behavior\BuildLiteBehavior [ RunTime:0.000010s ]
INFO: [ app_init ] --END-- [ RunTime:0.000410s ]
INFO: [ app_begin ] --START--
INFO: Run Behavior\ReadHtmlCacheBehavior [ RunTime:0.000513s ]
INFO: [ app_begin ] --END-- [ RunTime:0.000551s ]
INFO: [ view_parse ] --START--
INFO: [ template_filter ] --START--
INFO: Run Behavior\ContentReplaceBehavior [ RunTime:0.000069s ]
INFO: [ template_filter ] --END-- [ RunTime:0.000146s ]
NOTIC: [8] Undefined index: user D:\phpStudy\WWW\qmss\Application\Runtime\Cache\Home\2574a9564b5f0b89c8a068b81a9c05d5.php 第 20 行.
INFO: Run Behavior\ParseTemplateBehavior [ RunTime:0.007908s ]
INFO: [ view_parse ] --END-- [ RunTime:0.007954s ]
INFO: [ view_filter ] --START--
INFO: Run Behavior\WriteHtmlCacheBehavior [ RunTime:0.000440s ]
INFO: [ view_filter ] --END-- [ RunTime:0.000473s ]
INFO: [ app_end ] --START--
INFO: Run Behavior\ShowPageTraceBehavior [ RunTime:0.000580s ]
INFO: [ app_end ] --END-- [ RunTime:0.000615s ]

[ 2017-07-11T15:22:48+08:00 ] ::1 /qmss/index.php/Home/Members/images/login_check.png
INFO: [ app_init ] --START--
INFO: Run Behavior\BuildLiteBehavior [ RunTime:0.000009s ]
INFO: [ app_init ] --END-- [ RunTime:0.000391s ]

[ 2017-07-11T15:22:58+08:00 ] ::1 /qmss/index.php/Home/Members/login
INFO: [ app_init ] --START--
INFO: Run Behavior\BuildLiteBehavior [ RunTime:0.000010s ]
INFO: [ app_init ] --END-- [ RunTime:0.000387s ]
INFO: [ app_begin ] --START--
INFO: Run Behavior\ReadHtmlCacheBehavior [ RunTime:0.000448s ]
INFO: [ app_begin ] --END-- [ RunTime:0.000487s ]
SQL: SHOW COLUMNS FROM `tp_members` [ RunTime:0.0131s ]
SQL: SELECT * FROM `tp_members` WHERE ( `user` = 'aaaaaa' OR `email` = 'aaaaaa' OR `phone` = 'aaaaaa' ) AND `password` = 'e10adc3949ba59abbe56e057f20f883e' LIMIT 1   [ RunTime:0.0008s ]
INFO: [ view_parse ] --START--
INFO: [ template_filter ] --START--
INFO: Run Behavior\ContentReplaceBehavior [ RunTime:0.000045s ]
INFO: [ template_filter ] --END-- [ RunTime:0.000106s ]
INFO: Run Behavior\ParseTemplateBehavior [ RunTime:0.008666s ]
INFO: [ view_parse ] --END-- [ RunTime:0.008760s ]
INFO: [ view_filter ] --START--
INFO: Run Behavior\WriteHtmlCacheBehavior [ RunTime:0.000704s ]
INFO: [ view_filter ] --END-- [ RunTime:0.000758s ]

[ 2017-07-11T15:23:11+08:00 ] ::1 /qmss/index.php/Home/Members/login.html
INFO: [ app_init ] --START--
INFO: Run Behavior\BuildLiteBehavior [ RunTime:0.000011s ]
INFO: [ app_init ] --END-- [ RunTime:0.000407s ]
INFO: [ app_begin ] --START--
INFO: Run Behavior\ReadHtmlCacheBehavior [ RunTime:0.000474s ]
INFO: [ app_begin ] --END-- [ RunTime:0.000518s ]
INFO: [ view_parse ] --START--
INFO: [ template_filter ] --START--
INFO: Run Behavior\ContentReplaceBehavior [ RunTime:0.000040s ]
INFO: [ template_filter ] --END-- [ RunTime:0.000077s ]
NOTIC: [8] Undefined index: user D:\phpStudy\WWW\qmss\Application\Runtime\Cache\Home\2574a9564b5f0b89c8a068b81a9c05d5.php 第 20 行.
INFO: Run Behavior\ParseTemplateBehavior [ RunTime:0.006275s ]
INFO: [ view_parse ] --END-- [ RunTime:0.006311s ]
INFO: [ view_filter ] --START--
INFO: Run Behavior\WriteHtmlCacheBehavior [ RunTime:0.000438s ]
INFO: [ view_filter ] --END-- [ RunTime:0.000471s ]
INFO: [ app_end ] --START--
INFO: Run Behavior\ShowPageTraceBehavior [ RunTime:0.000693s ]
INFO: [ app_end ] --END-- [ RunTime:0.000748s ]

[ 2017-07-11T15:23:11+08:00 ] ::1 /qmss/index.php/Home/Members/images/login_check.png
INFO: [ app_init ] --START--
INFO: Run Behavior\BuildLiteBehavior [ RunTime:0.000010s ]
INFO: [ app_init ] --END-- [ RunTime:0.000360s ]

[ 2017-07-11T15:23:12+08:00 ] ::1 /qmss/index.php/Home/Members/login.html
INFO: [ app_init ] --START--
INFO: Run Behavior\BuildLiteBehavior [ RunTime:0.000013s ]
INFO: [ app_init ] --END-- [ RunTime:0.000346s ]
INFO: [ app_begin ] --START--
INFO: Run Behavior\ReadHtmlCacheBehavior [ RunTime:0.000413s ]
INFO: [ app_begin ] --END-- [ RunTime:0.000455s ]
INFO: [ view_parse ] --START--
INFO: [ template_filter ] --START--
INFO: Run Behavior\ContentReplaceBehavior [ RunTime:0.000039s ]
INFO: [ template_filter ] --END-- [ RunTime:0.000077s ]
NOTIC: [8] Undefined index: user D:\phpStudy\WWW\qmss\Application\Runtime\Cache\Home\2574a9564b5f0b89c8a068b81a9c05d5.php 第 20 行.
INFO: Run Behavior\ParseTemplateBehavior [ RunTime:0.006445s ]
INFO: [ view_parse ] --END-- [ RunTime:0.006492s ]
INFO: [ view_filter ] --START--
INFO: Run Behavior\WriteHtmlCacheBehavior [ RunTime:0.000375s ]
INFO: [ view_filter ] --END-- [ RunTime:0.000405s ]
INFO: [ app_end ] --START--
INFO: Run Behavior\ShowPageTraceBehavior [ RunTime:0.000493s ]
INFO: [ app_end ] --END-- [ RunTime:0.000528s ]

[ 2017-07-11T15:23:12+08:00 ] ::1 /qmss/index.php/Home/Members/images/login_check.png
INFO: [ app_init ] --START--
INFO: Run Behavior\BuildLiteBehavior [ RunTime:0.000011s ]
INFO: [ app_init ] --END-- [ RunTime:0.000320s ]

[ 2017-07-11T15:23:20+08:00 ] ::1 /qmss/index.php/Home/Members/create_user.html
INFO: [ app_init ] --START--
INFO: Run Behavior\BuildLiteBehavior [ RunTime:0.000010s ]
INFO: [ app_init ] --END-- [ RunTime:0.000425s ]
INFO: [ app_begin ] --START--
INFO: Run Behavior\ReadHtmlCacheBehavior [ RunTime:0.000420s ]
INFO: [ app_begin ] --END-- [ RunTime:0.000461s ]
INFO: [ view_parse ] --START--
INFO: [ template_filter ] --START--
INFO: Run Behavior\ContentReplaceBehavior [ RunTime:0.000102s ]
INFO: [ template_filter ] --END-- [ RunTime:0.000182s ]
NOTIC: [8] Undefined index: user D:\phpStudy\WWW\qmss\Application\Runtime\Cache\Home\31cd73e7c7ad4a78a51ab0bcd749b5c5.php 第 20 行.
INFO: Run Behavior\ParseTemplateBehavior [ RunTime:0.074104s ]
INFO: [ view_parse ] --END-- [ RunTime:0.074166s ]
INFO: [ view_filter ] --START--
INFO: Run Behavior\WriteHtmlCacheBehavior [ RunTime:0.000780s ]
INFO: [ view_filter ] --END-- [ RunTime:0.000838s ]
INFO: [ app_end ] --START--
INFO: Run Behavior\ShowPageTraceBehavior [ RunTime:0.001440s ]
INFO: [ app_end ] --END-- [ RunTime:0.001546s ]

[ 2017-07-11T15:23:25+08:00 ] ::1 /qmss/index.php/Home/Members/create_user?user=admin
INFO: [ app_init ] --START--
INFO: Run Behavior\BuildLiteBehavior [ RunTime:0.000010s ]
INFO: [ app_init ] --END-- [ RunTime:0.000409s ]
INFO: [ app_begin ] --START--
INFO: Run Behavior\ReadHtmlCacheBehavior [ RunTime:0.000446s ]
INFO: [ app_begin ] --END-- [ RunTime:0.000482s ]
SQL: SHOW COLUMNS FROM `tp_members` [ RunTime:0.0121s ]
SQL: SELECT * FROM `tp_members` WHERE `user` = 'admin' LIMIT 1   [ RunTime:0.0010s ]

[ 2017-07-11T15:23:56+08:00 ] ::1 /qmss/index.php/Home/Members/send_email
INFO: [ app_init ] --START--
INFO: Run Behavior\BuildLiteBehavior [ RunTime:0.000010s ]
INFO: [ app_init ] --END-- [ RunTime:0.000397s ]
INFO: [ app_begin ] --START--
INFO: Run Behavior\ReadHtmlCacheBehavior [ RunTime:0.000485s ]
INFO: [ app_begin ] --END-- [ RunTime:0.000526s ]
INFO: [ app_end ] --START--
INFO: Run Behavior\ShowPageTraceBehavior [ RunTime:0.002424s ]
INFO: [ app_end ] --END-- [ RunTime:0.002613s ]

[ 2017-07-11T15:26:10+08:00 ] ::1 /qmss/index.php/Home/Members/send_email
INFO: [ app_init ] --START--
INFO: Run Behavior\BuildLiteBehavior [ RunTime:0.000012s ]
INFO: [ app_init ] --END-- [ RunTime:0.000384s ]
INFO: [ app_begin ] --START--
INFO: Run Behavior\ReadHtmlCacheBehavior [ RunTime:0.000555s ]
INFO: [ app_begin ] --END-- [ RunTime:0.000598s ]
INFO: [ app_end ] --START--
INFO: Run Behavior\ShowPageTraceBehavior [ RunTime:0.000961s ]
INFO: [ app_end ] --END-- [ RunTime:0.001064s ]

[ 2017-07-11T15:26:12+08:00 ] ::1 /qmss/index.php/Home/Members/send_email
INFO: [ app_init ] --START--
INFO: Run Behavior\BuildLiteBehavior [ RunTime:0.000012s ]
INFO: [ app_init ] --END-- [ RunTime:0.000475s ]
INFO: [ app_begin ] --START--
INFO: Run Behavior\ReadHtmlCacheBehavior [ RunTime:0.000519s ]
INFO: [ app_begin ] --END-- [ RunTime:0.000564s ]
INFO: [ app_end ] --START--
INFO: Run Behavior\ShowPageTraceBehavior [ RunTime:0.002602s ]
INFO: [ app_end ] --END-- [ RunTime:0.002801s ]

[ 2017-07-11T15:26:15+08:00 ] ::1 /qmss/index.php/Home/Members/send_email
INFO: [ app_init ] --START--
INFO: Run Behavior\BuildLiteBehavior [ RunTime:0.000010s ]
INFO: [ app_init ] --END-- [ RunTime:0.000430s ]
INFO: [ app_begin ] --START--
INFO: Run Behavior\ReadHtmlCacheBehavior [ RunTime:0.000781s ]
INFO: [ app_begin ] --END-- [ RunTime:0.000839s ]
INFO: [ app_end ] --START--
INFO: Run Behavior\ShowPageTraceBehavior [ RunTime:0.001234s ]
INFO: [ app_end ] --END-- [ RunTime:0.001322s ]

[ 2017-07-11T15:26:18+08:00 ] ::1 /qmss/index.php/Home/Members/send_email
INFO: [ app_init ] --START--
INFO: Run Behavior\BuildLiteBehavior [ RunTime:0.000011s ]
INFO: [ app_init ] --END-- [ RunTime:0.000477s ]
INFO: [ app_begin ] --START--
INFO: Run Behavior\ReadHtmlCacheBehavior [ RunTime:0.000417s ]
INFO: [ app_begin ] --END-- [ RunTime:0.000456s ]
INFO: [ app_end ] --START--
INFO: Run Behavior\ShowPageTraceBehavior [ RunTime:0.002562s ]
INFO: [ app_end ] --END-- [ RunTime:0.002767s ]

[ 2017-07-11T15:26:18+08:00 ] ::1 /qmss/index.php/Home/Members/create_user.html
INFO: [ app_init ] --START--
INFO: Run Behavior\BuildLiteBehavior [ RunTime:0.000010s ]
INFO: [ app_init ] --END-- [ RunTime:0.000426s ]
INFO: [ app_begin ] --START--
INFO: Run Behavior\ReadHtmlCacheBehavior [ RunTime:0.000605s ]
INFO: [ app_begin ] --END-- [ RunTime:0.000643s ]
INFO: [ view_parse ] --START--
INFO: [ template_filter ] --START--
INFO: Run Behavior\ContentReplaceBehavior [ RunTime:0.000083s ]
INFO: [ template_filter ] --END-- [ RunTime:0.000138s ]
NOTIC: [8] Undefined index: user D:\phpStudy\WWW\qmss\Application\Runtime\Cache\Home\31cd73e7c7ad4a78a51ab0bcd749b5c5.php 第 20 行.
INFO: Run Behavior\ParseTemplateBehavior [ RunTime:0.012174s ]
INFO: [ view_parse ] --END-- [ RunTime:0.012262s ]
INFO: [ view_filter ] --START--
INFO: Run Behavior\WriteHtmlCacheBehavior [ RunTime:0.000612s ]
INFO: [ view_filter ] --END-- [ RunTime:0.000652s ]
INFO: [ app_end ] --START--
INFO: Run Behavior\ShowPageTraceBehavior [ RunTime:0.001012s ]
INFO: [ app_end ] --END-- [ RunTime:0.001068s ]

[ 2017-07-11T15:26:31+08:00 ] ::1 /qmss/index.php/Home/Members/send_email
INFO: [ app_init ] --START--
INFO: Run Behavior\BuildLiteBehavior [ RunTime:0.000010s ]
INFO: [ app_init ] --END-- [ RunTime:0.000403s ]
INFO: [ app_begin ] --START--
INFO: Run Behavior\ReadHtmlCacheBehavior [ RunTime:0.000562s ]
INFO: [ app_begin ] --END-- [ RunTime:0.000598s ]
INFO: [ app_end ] --START--
INFO: Run Behavior\ShowPageTraceBehavior [ RunTime:0.002666s ]
INFO: [ app_end ] --END-- [ RunTime:0.002871s ]

[ 2017-07-11T15:26:50+08:00 ] ::1 /qmss/index.php/Home/Members/check_ver?code=2663
INFO: [ app_init ] --START--
INFO: Run Behavior\BuildLiteBehavior [ RunTime:0.000011s ]
INFO: [ app_init ] --END-- [ RunTime:0.000449s ]
INFO: [ app_begin ] --START--
INFO: Run Behavior\ReadHtmlCacheBehavior [ RunTime:0.000607s ]
INFO: [ app_begin ] --END-- [ RunTime:0.000643s ]

[ 2017-07-11T15:27:01+08:00 ] ::1 /qmss/index.php/Home/Members/create_user?user=admin123
INFO: [ app_init ] --START--
INFO: Run Behavior\BuildLiteBehavior [ RunTime:0.000010s ]
INFO: [ app_init ] --END-- [ RunTime:0.000446s ]
INFO: [ app_begin ] --START--
INFO: Run Behavior\ReadHtmlCacheBehavior [ RunTime:0.000614s ]
INFO: [ app_begin ] --END-- [ RunTime:0.000648s ]
SQL: SHOW COLUMNS FROM `tp_members` [ RunTime:0.0125s ]
SQL: SELECT * FROM `tp_members` WHERE `user` = 'admin123' LIMIT 1   [ RunTime:0.0010s ]

[ 2017-07-11T15:27:09+08:00 ] ::1 /qmss/index.php/Home/Members/add_user
INFO: [ app_init ] --START--
INFO: Run Behavior\BuildLiteBehavior [ RunTime:0.000009s ]
INFO: [ app_init ] --END-- [ RunTime:0.000411s ]
INFO: [ app_begin ] --START--
INFO: Run Behavior\ReadHtmlCacheBehavior [ RunTime:0.000566s ]
INFO: [ app_begin ] --END-- [ RunTime:0.000605s ]
SQL: SHOW COLUMNS FROM `tp_members` [ RunTime:0.0105s ]
SQL: SELECT * FROM `tp_members` WHERE `user` = 'admin123' LIMIT 1   [ RunTime:0.0005s ]
SQL: INSERT INTO `tp_members` (`user`,`password`,`email`,`phone`,`exp`,`vip`,`integral`,`coupons`,`create_time`) VALUES ('admin123','0192023a7bbd73250516f069df18b500','715684372@qq.com','13554955454','0','1','0','0','1499758028') [ RunTime:0.0005s ]

[ 2017-07-11T15:27:10+08:00 ] ::1 /qmss/index.php/Home/Index/index.html
INFO: [ app_init ] --START--
INFO: Run Behavior\BuildLiteBehavior [ RunTime:0.000009s ]
INFO: [ app_init ] --END-- [ RunTime:0.000390s ]
INFO: [ app_begin ] --START--
INFO: Run Behavior\ReadHtmlCacheBehavior [ RunTime:0.000645s ]
INFO: [ app_begin ] --END-- [ RunTime:0.000696s ]
SQL: SHOW COLUMNS FROM `tp_banner` [ RunTime:0.0710s ]
SQL: SELECT * FROM `tp_banner` ORDER BY create_time desc LIMIT 3   [ RunTime:0.0003s ]
SQL: SHOW COLUMNS FROM `tp_product` [ RunTime:0.0233s ]
SQL: SELECT * FROM `tp_product` ORDER BY create_time desc LIMIT 8   [ RunTime:0.0007s ]
INFO: [ view_parse ] --START--
INFO: [ template_filter ] --START--
INFO: Run Behavior\ContentReplaceBehavior [ RunTime:0.000056s ]
INFO: [ template_filter ] --END-- [ RunTime:0.000094s ]
INFO: Run Behavior\ParseTemplateBehavior [ RunTime:0.014706s ]
INFO: [ view_parse ] --END-- [ RunTime:0.014754s ]
INFO: [ view_filter ] --START--
INFO: Run Behavior\WriteHtmlCacheBehavior [ RunTime:0.000417s ]
INFO: [ view_filter ] --END-- [ RunTime:0.000447s ]
INFO: [ app_end ] --START--
INFO: Run Behavior\ShowPageTraceBehavior [ RunTime:0.000667s ]
INFO: [ app_end ] --END-- [ RunTime:0.000713s ]

[ 2017-07-11T15:27:15+08:00 ] ::1 /qmss/index.php/Home/Product/index/p/1.html
INFO: [ app_init ] --START--
INFO: Run Behavior\BuildLiteBehavior [ RunTime:0.000010s ]
INFO: [ app_init ] --END-- [ RunTime:0.000447s ]
INFO: [ app_begin ] --START--
INFO: Run Behavior\ReadHtmlCacheBehavior [ RunTime:0.000573s ]
INFO: [ app_begin ] --END-- [ RunTime:0.000613s ]
SQL: SHOW COLUMNS FROM `tp_product_cate` [ RunTime:0.0734s ]
SQL: SELECT * FROM `tp_product_cate` WHERE ( pid=0 )  [ RunTime:0.0010s ]
SQL: SHOW COLUMNS FROM `tp_product` [ RunTime:0.0100s ]
SQL: SELECT * FROM `tp_product` WHERE `cate` = 1 ORDER BY create_time desc LIMIT 0,3   [ RunTime:0.0006s ]
SQL: SELECT COUNT(*) AS tp_count FROM `tp_product` WHERE `cate` = 1 LIMIT 1   [ RunTime:0.0004s ]
INFO: [ view_parse ] --START--
INFO: [ template_filter ] --START--
INFO: Run Behavior\ContentReplaceBehavior [ RunTime:0.000107s ]
INFO: [ template_filter ] --END-- [ RunTime:0.000188s ]
INFO: Run Behavior\ParseTemplateBehavior [ RunTime:0.016886s ]
INFO: [ view_parse ] --END-- [ RunTime:0.016982s ]
INFO: [ view_filter ] --START--
INFO: Run Behavior\WriteHtmlCacheBehavior [ RunTime:0.000899s ]
INFO: [ view_filter ] --END-- [ RunTime:0.000958s ]
INFO: [ app_end ] --START--
INFO: Run Behavior\ShowPageTraceBehavior [ RunTime:0.001189s ]
INFO: [ app_end ] --END-- [ RunTime:0.001263s ]

[ 2017-07-11T15:27:18+08:00 ] ::1 /qmss/index.php/Home/Product/pro_details?id=10
INFO: [ app_init ] --START--
INFO: Run Behavior\BuildLiteBehavior [ RunTime:0.000010s ]
INFO: [ app_init ] --END-- [ RunTime:0.000341s ]
INFO: [ app_begin ] --START--
INFO: Run Behavior\ReadHtmlCacheBehavior [ RunTime:0.000545s ]
INFO: [ app_begin ] --END-- [ RunTime:0.000596s ]
SQL: SHOW COLUMNS FROM `tp_product_cate` [ RunTime:0.0073s ]
SQL: SELECT * FROM `tp_product_cate` WHERE ( pid=0 )  [ RunTime:0.0006s ]
SQL: SHOW COLUMNS FROM `tp_product` [ RunTime:0.0078s ]
SQL: SELECT * FROM `tp_product` WHERE ( id=10 ) LIMIT 1   [ RunTime:0.0007s ]
INFO: [ view_parse ] --START--
INFO: [ template_filter ] --START--
INFO: Run Behavior\ContentReplaceBehavior [ RunTime:0.000094s ]
INFO: [ template_filter ] --END-- [ RunTime:0.000148s ]
INFO: Run Behavior\ParseTemplateBehavior [ RunTime:0.027829s ]
INFO: [ view_parse ] --END-- [ RunTime:0.027912s ]
INFO: [ view_filter ] --START--
INFO: Run Behavior\WriteHtmlCacheBehavior [ RunTime:0.000602s ]
INFO: [ view_filter ] --END-- [ RunTime:0.000643s ]
INFO: [ app_end ] --START--
INFO: Run Behavior\ShowPageTraceBehavior [ RunTime:0.001018s ]
INFO: [ app_end ] --END-- [ RunTime:0.001070s ]

[ 2017-07-11T15:27:22+08:00 ] ::1 /qmss/index.php/Home/Shopping/add_cart.html?id=10&number=1&attr={%223%22:%22%E4%BA%BA%22,%224%22:%22%E4%BA%BA%22}
INFO: [ app_init ] --START--
INFO: Run Behavior\BuildLiteBehavior [ RunTime:0.000010s ]
INFO: [ app_init ] --END-- [ RunTime:0.000423s ]
INFO: [ app_begin ] --START--
INFO: Run Behavior\ReadHtmlCacheBehavior [ RunTime:0.000609s ]
INFO: [ app_begin ] --END-- [ RunTime:0.000644s ]
SQL: SHOW COLUMNS FROM `tp_product` [ RunTime:0.0125s ]
SQL: SELECT * FROM `tp_product` WHERE `id` = 10 LIMIT 1   [ RunTime:0.0010s ]
SQL: SHOW COLUMNS FROM `tp_shopping_cart` [ RunTime:0.0243s ]
SQL: INSERT INTO `tp_shopping_cart` (`pro_id`,`attr`,`number`,`collect`,`state`,`pro_name`,`price`,`new_price`,`num`,`image`,`create_time`,`user_id`) VALUES ('10','{\"3\":\"人\",\"4\":\"人\"}','1','0','0','eeeee','33','34.65','33','./Uploads/product/2017-05-27/59291a82eac0c.jpg','1499758042','6') [ RunTime:0.0236s ]
INFO: [ app_end ] --START--
INFO: Run Behavior\ShowPageTraceBehavior [ RunTime:0.000704s ]
INFO: [ app_end ] --END-- [ RunTime:0.000736s ]

[ 2017-07-11T15:27:38+08:00 ] ::1 /qmss/index.php/Home/Shopping/add_cart.html?id=10&number=1&attr={%223%22:%22%E4%BA%BA%22,%224%22:%22%E4%BA%BA%22}
INFO: [ app_init ] --START--
INFO: Run Behavior\BuildLiteBehavior [ RunTime:0.000011s ]
INFO: [ app_init ] --END-- [ RunTime:0.000417s ]
INFO: [ app_begin ] --START--
INFO: Run Behavior\ReadHtmlCacheBehavior [ RunTime:0.000616s ]
INFO: [ app_begin ] --END-- [ RunTime:0.000652s ]
SQL: SHOW COLUMNS FROM `tp_product` [ RunTime:0.0128s ]
SQL: SELECT * FROM `tp_product` WHERE `id` = 10 LIMIT 1   [ RunTime:0.0007s ]
SQL: SHOW COLUMNS FROM `tp_shopping_cart` [ RunTime:0.0073s ]
SQL: INSERT INTO `tp_shopping_cart` (`pro_id`,`attr`,`number`,`collect`,`state`,`pro_name`,`price`,`new_price`,`num`,`image`,`create_time`,`user_id`) VALUES ('10','{\"3\":\"人\",\"4\":\"人\"}','1','0','0','eeeee','33','34.65','33','./Uploads/product/2017-05-27/59291a82eac0c.jpg','1499758057','6') [ RunTime:0.0004s ]
INFO: [ app_end ] --START--
INFO: Run Behavior\ShowPageTraceBehavior [ RunTime:0.001175s ]
INFO: [ app_end ] --END-- [ RunTime:0.001248s ]

[ 2017-07-11T15:27:47+08:00 ] ::1 /qmss/index.php/Home/Shopping/pay_cart.html?id=10&number=1&attr={%223%22:%22%E4%BA%BA%22,%224%22:%22%E4%BA%BA%22}
INFO: [ app_init ] --START--
INFO: Run Behavior\BuildLiteBehavior [ RunTime:0.000012s ]
INFO: [ app_init ] --END-- [ RunTime:0.000414s ]
INFO: [ app_begin ] --START--
INFO: Run Behavior\ReadHtmlCacheBehavior [ RunTime:0.000674s ]
INFO: [ app_begin ] --END-- [ RunTime:0.000710s ]
SQL: SHOW COLUMNS FROM `tp_product` [ RunTime:0.0111s ]
SQL: SELECT * FROM `tp_product` WHERE `id` = 10 LIMIT 1   [ RunTime:0.0004s ]

[ 2017-07-11T15:27:48+08:00 ] ::1 /qmss/index.php/Home/Shopping/comfirm_order.html
INFO: [ app_init ] --START--
INFO: Run Behavior\BuildLiteBehavior [ RunTime:0.000010s ]
INFO: [ app_init ] --END-- [ RunTime:0.000386s ]
INFO: [ app_begin ] --START--
INFO: Run Behavior\ReadHtmlCacheBehavior [ RunTime:0.000567s ]
INFO: [ app_begin ] --END-- [ RunTime:0.000604s ]
SQL: SHOW COLUMNS FROM `tp_address` [ RunTime:0.0245s ]
SQL: SELECT * FROM `tp_address` WHERE `user_id` = 6  [ RunTime:0.0005s ]
SQL: SHOW COLUMNS FROM `tp_members` [ RunTime:0.0069s ]
SQL: SELECT * FROM `tp_members` WHERE `id` = 6 LIMIT 1   [ RunTime:0.0005s ]
INFO: [ view_parse ] --START--
INFO: [ template_filter ] --START--
INFO: Run Behavior\ContentReplaceBehavior [ RunTime:0.000080s ]
INFO: [ template_filter ] --END-- [ RunTime:0.000127s ]
INFO: Run Behavior\ParseTemplateBehavior [ RunTime:0.024303s ]
INFO: [ view_parse ] --END-- [ RunTime:0.024359s ]
INFO: [ view_filter ] --START--
INFO: Run Behavior\WriteHtmlCacheBehavior [ RunTime:0.000653s ]
INFO: [ view_filter ] --END-- [ RunTime:0.000702s ]
INFO: [ app_end ] --START--
INFO: Run Behavior\ShowPageTraceBehavior [ RunTime:0.000951s ]
INFO: [ app_end ] --END-- [ RunTime:0.001002s ]

[ 2017-07-11T15:27:58+08:00 ] ::1 /qmss/index.php/Home/Index/index.html
INFO: [ app_init ] --START--
INFO: Run Behavior\BuildLiteBehavior [ RunTime:0.000009s ]
INFO: [ app_init ] --END-- [ RunTime:0.000417s ]
INFO: [ app_begin ] --START--
INFO: Run Behavior\ReadHtmlCacheBehavior [ RunTime:0.000565s ]
INFO: [ app_begin ] --END-- [ RunTime:0.000604s ]
SQL: SHOW COLUMNS FROM `tp_banner` [ RunTime:0.0158s ]
SQL: SELECT * FROM `tp_banner` ORDER BY create_time desc LIMIT 3   [ RunTime:0.0007s ]
SQL: SHOW COLUMNS FROM `tp_product` [ RunTime:0.0074s ]
SQL: SELECT * FROM `tp_product` ORDER BY create_time desc LIMIT 8   [ RunTime:0.0006s ]
INFO: [ view_parse ] --START--
INFO: [ template_filter ] --START--
INFO: Run Behavior\ContentReplaceBehavior [ RunTime:0.000061s ]
INFO: [ template_filter ] --END-- [ RunTime:0.000102s ]
INFO: Run Behavior\ParseTemplateBehavior [ RunTime:0.011185s ]
INFO: [ view_parse ] --END-- [ RunTime:0.011237s ]
INFO: [ view_filter ] --START--
INFO: Run Behavior\WriteHtmlCacheBehavior [ RunTime:0.000472s ]
INFO: [ view_filter ] --END-- [ RunTime:0.000508s ]
INFO: [ app_end ] --START--
INFO: Run Behavior\ShowPageTraceBehavior [ RunTime:0.000777s ]
INFO: [ app_end ] --END-- [ RunTime:0.000828s ]

[ 2017-07-11T15:28:00+08:00 ] ::1 /qmss/index.php/Home/Product/index/p/1.html
INFO: [ app_init ] --START--
INFO: Run Behavior\BuildLiteBehavior [ RunTime:0.000011s ]
INFO: [ app_init ] --END-- [ RunTime:0.000440s ]
INFO: [ app_begin ] --START--
INFO: Run Behavior\ReadHtmlCacheBehavior [ RunTime:0.000533s ]
INFO: [ app_begin ] --END-- [ RunTime:0.000575s ]
SQL: SHOW COLUMNS FROM `tp_product_cate` [ RunTime:0.0049s ]
SQL: SELECT * FROM `tp_product_cate` WHERE ( pid=0 )  [ RunTime:0.0003s ]
SQL: SHOW COLUMNS FROM `tp_product` [ RunTime:0.0041s ]
SQL: SELECT * FROM `tp_product` WHERE `cate` = 1 ORDER BY create_time desc LIMIT 0,3   [ RunTime:0.0003s ]
SQL: SELECT COUNT(*) AS tp_count FROM `tp_product` WHERE `cate` = 1 LIMIT 1   [ RunTime:0.0002s ]
INFO: [ view_parse ] --START--
INFO: [ template_filter ] --START--
INFO: Run Behavior\ContentReplaceBehavior [ RunTime:0.000088s ]
INFO: [ template_filter ] --END-- [ RunTime:0.000145s ]
INFO: Run Behavior\ParseTemplateBehavior [ RunTime:0.009232s ]
INFO: [ view_parse ] --END-- [ RunTime:0.009284s ]
INFO: [ view_filter ] --START--
INFO: Run Behavior\WriteHtmlCacheBehavior [ RunTime:0.000361s ]
INFO: [ view_filter ] --END-- [ RunTime:0.000395s ]
INFO: [ app_end ] --START--
INFO: Run Behavior\ShowPageTraceBehavior [ RunTime:0.000745s ]
INFO: [ app_end ] --END-- [ RunTime:0.000798s ]

[ 2017-07-11T15:28:03+08:00 ] ::1 /qmss/index.php/Home/Shopping/add_cart.html?id=9
INFO: [ app_init ] --START--
INFO: Run Behavior\BuildLiteBehavior [ RunTime:0.000010s ]
INFO: [ app_init ] --END-- [ RunTime:0.000404s ]
INFO: [ app_begin ] --START--
INFO: Run Behavior\ReadHtmlCacheBehavior [ RunTime:0.000540s ]
INFO: [ app_begin ] --END-- [ RunTime:0.000576s ]
SQL: SHOW COLUMNS FROM `tp_product` [ RunTime:0.0149s ]
SQL: SELECT * FROM `tp_product` WHERE `id` = 9 LIMIT 1   [ RunTime:0.0006s ]
NOTIC: [8] Undefined index: attr D:\phpStudy\WWW\qmss\Application\Home\Controller\ShoppingController.class.php 第 55 行.
SQL: SHOW COLUMNS FROM `tp_shopping_cart` [ RunTime:0.0071s ]
SQL: INSERT INTO `tp_shopping_cart` (`pro_id`,`number`,`attr`,`collect`,`state`,`pro_name`,`price`,`new_price`,`num`,`image`,`create_time`,`user_id`) VALUES ('9','1','{\"7\":\"7\"}','0','0','yyyyy','77','34.65','77','./Uploads/product/2017-05-27/59291a9902651.jpg','1499758083','6') [ RunTime:0.0005s ]
INFO: [ app_end ] --START--
INFO: Run Behavior\ShowPageTraceBehavior [ RunTime:0.000964s ]
INFO: [ app_end ] --END-- [ RunTime:0.001023s ]

[ 2017-07-11T15:28:08+08:00 ] ::1 /qmss/index.php/Home/Product/pro_details?id=9
INFO: [ app_init ] --START--
INFO: Run Behavior\BuildLiteBehavior [ RunTime:0.000012s ]
INFO: [ app_init ] --END-- [ RunTime:0.000500s ]
INFO: [ app_begin ] --START--
INFO: Run Behavior\ReadHtmlCacheBehavior [ RunTime:0.000638s ]
INFO: [ app_begin ] --END-- [ RunTime:0.000686s ]
SQL: SHOW COLUMNS FROM `tp_product_cate` [ RunTime:0.0123s ]
SQL: SELECT * FROM `tp_product_cate` WHERE ( pid=0 )  [ RunTime:0.0005s ]
SQL: SHOW COLUMNS FROM `tp_product` [ RunTime:0.0063s ]
SQL: SELECT * FROM `tp_product` WHERE ( id=9 ) LIMIT 1   [ RunTime:0.0004s ]
INFO: [ view_parse ] --START--
INFO: [ template_filter ] --START--
INFO: Run Behavior\ContentReplaceBehavior [ RunTime:0.000069s ]
INFO: [ template_filter ] --END-- [ RunTime:0.000109s ]
INFO: Run Behavior\ParseTemplateBehavior [ RunTime:0.011600s ]
INFO: [ view_parse ] --END-- [ RunTime:0.011650s ]
INFO: [ view_filter ] --START--
INFO: Run Behavior\WriteHtmlCacheBehavior [ RunTime:0.000435s ]
INFO: [ view_filter ] --END-- [ RunTime:0.000467s ]
INFO: [ app_end ] --START--
INFO: Run Behavior\ShowPageTraceBehavior [ RunTime:0.000853s ]
INFO: [ app_end ] --END-- [ RunTime:0.000911s ]

[ 2017-07-11T15:28:11+08:00 ] ::1 /qmss/index.php/Home/Shopping/add_cart.html?id=9&number=1&attr={%227%22:%227%22}
INFO: [ app_init ] --START--
INFO: Run Behavior\BuildLiteBehavior [ RunTime:0.000011s ]
INFO: [ app_init ] --END-- [ RunTime:0.000481s ]
INFO: [ app_begin ] --START--
INFO: Run Behavior\ReadHtmlCacheBehavior [ RunTime:0.000560s ]
INFO: [ app_begin ] --END-- [ RunTime:0.000599s ]
SQL: SHOW COLUMNS FROM `tp_product` [ RunTime:0.0086s ]
SQL: SELECT * FROM `tp_product` WHERE `id` = 9 LIMIT 1   [ RunTime:0.0004s ]
SQL: SHOW COLUMNS FROM `tp_shopping_cart` [ RunTime:0.0058s ]
SQL: INSERT INTO `tp_shopping_cart` (`pro_id`,`attr`,`number`,`collect`,`state`,`pro_name`,`price`,`new_price`,`num`,`image`,`create_time`,`user_id`) VALUES ('9','{\"7\":\"7\"}','1','0','0','yyyyy','77','34.65','77','./Uploads/product/2017-05-27/59291a9902651.jpg','1499758091','6') [ RunTime:0.0004s ]
INFO: [ app_end ] --START--
INFO: Run Behavior\ShowPageTraceBehavior [ RunTime:0.000794s ]
INFO: [ app_end ] --END-- [ RunTime:0.000840s ]

[ 2017-07-11T15:28:21+08:00 ] ::1 /qmss/index.php/Home/Shopping/index.html
INFO: [ app_init ] --START--
INFO: Run Behavior\BuildLiteBehavior [ RunTime:0.000010s ]
INFO: [ app_init ] --END-- [ RunTime:0.000412s ]
INFO: [ app_begin ] --START--
INFO: Run Behavior\ReadHtmlCacheBehavior [ RunTime:0.000552s ]
INFO: [ app_begin ] --END-- [ RunTime:0.000594s ]
SQL: SHOW COLUMNS FROM `tp_members` [ RunTime:0.0155s ]
SQL: SELECT * FROM `tp_members` WHERE `user` = 'admin123' LIMIT 1   [ RunTime:0.0006s ]
SQL: SHOW COLUMNS FROM `tp_shopping_cart` [ RunTime:0.0078s ]
SQL: SELECT * FROM `tp_shopping_cart` WHERE `user_id` = 6 ORDER BY create_time desc  [ RunTime:0.0005s ]
INFO: [ view_parse ] --START--
INFO: [ template_filter ] --START--
INFO: Run Behavior\ContentReplaceBehavior [ RunTime:0.000063s ]
INFO: [ template_filter ] --END-- [ RunTime:0.000105s ]
INFO: Run Behavior\ParseTemplateBehavior [ RunTime:0.065427s ]
INFO: [ view_parse ] --END-- [ RunTime:0.065478s ]
INFO: [ view_filter ] --START--
INFO: Run Behavior\WriteHtmlCacheBehavior [ RunTime:0.000555s ]
INFO: [ view_filter ] --END-- [ RunTime:0.000593s ]
INFO: [ app_end ] --START--
INFO: Run Behavior\ShowPageTraceBehavior [ RunTime:0.000773s ]
INFO: [ app_end ] --END-- [ RunTime:0.000821s ]

[ 2017-07-11T15:28:50+08:00 ] ::1 /qmss/index.php/Home/Shopping/images/check_box.jpg
INFO: [ app_init ] --START--
INFO: Run Behavior\BuildLiteBehavior [ RunTime:0.000011s ]
INFO: [ app_init ] --END-- [ RunTime:0.000409s ]

[ 2017-07-11T15:28:50+08:00 ] ::1 /qmss/index.php/Home/Shopping/images/checked_box.jpg
INFO: [ app_init ] --START--
INFO: Run Behavior\BuildLiteBehavior [ RunTime:0.000010s ]
INFO: [ app_init ] --END-- [ RunTime:0.000336s ]

[ 2017-07-11T15:28:51+08:00 ] ::1 /qmss/index.php/Home/Shopping/images/check_box.jpg
INFO: [ app_init ] --START--
INFO: Run Behavior\BuildLiteBehavior [ RunTime:0.000016s ]
INFO: [ app_init ] --END-- [ RunTime:0.000438s ]

[ 2017-07-11T15:28:52+08:00 ] ::1 /qmss/index.php/Home/Shopping/images/check_box.jpg
INFO: [ app_init ] --START--
INFO: Run Behavior\BuildLiteBehavior [ RunTime:0.000009s ]
INFO: [ app_init ] --END-- [ RunTime:0.000320s ]

[ 2017-07-11T15:28:52+08:00 ] ::1 /qmss/index.php/Home/Shopping/images/checked_box.jpg
INFO: [ app_init ] --START--
INFO: Run Behavior\BuildLiteBehavior [ RunTime:0.000015s ]
INFO: [ app_init ] --END-- [ RunTime:0.000492s ]

[ 2017-07-11T15:28:52+08:00 ] ::1 /qmss/index.php/Home/Shopping/images/check_box.jpg
INFO: [ app_init ] --START--
INFO: Run Behavior\BuildLiteBehavior [ RunTime:0.000010s ]
INFO: [ app_init ] --END-- [ RunTime:0.000381s ]

[ 2017-07-11T15:28:54+08:00 ] ::1 /qmss/index.php/Home/Shopping/images/checked_box.jpg
INFO: [ app_init ] --START--
INFO: Run Behavior\BuildLiteBehavior [ RunTime:0.000009s ]
INFO: [ app_init ] --END-- [ RunTime:0.000301s ]

[ 2017-07-11T15:28:54+08:00 ] ::1 /qmss/index.php/Home/Shopping/images/check_box.jpg
INFO: [ app_init ] --START--
INFO: Run Behavior\BuildLiteBehavior [ RunTime:0.000009s ]
INFO: [ app_init ] --END-- [ RunTime:0.000336s ]

[ 2017-07-11T15:28:54+08:00 ] ::1 /qmss/index.php/Home/Shopping/images/check_box.jpg
INFO: [ app_init ] --START--
INFO: Run Behavior\BuildLiteBehavior [ RunTime:0.000010s ]
INFO: [ app_init ] --END-- [ RunTime:0.000405s ]

[ 2017-07-11T15:28:56+08:00 ] ::1 /qmss/index.php/Home/Shopping/images/check_box.jpg
INFO: [ app_init ] --START--
INFO: Run Behavior\BuildLiteBehavior [ RunTime:0.000010s ]
INFO: [ app_init ] --END-- [ RunTime:0.000343s ]

[ 2017-07-11T15:28:56+08:00 ] ::1 /qmss/index.php/Home/Shopping/images/checked_box.jpg
INFO: [ app_init ] --START--
INFO: Run Behavior\BuildLiteBehavior [ RunTime:0.000010s ]
INFO: [ app_init ] --END-- [ RunTime:0.000310s ]

[ 2017-07-11T15:28:57+08:00 ] ::1 /qmss/index.php/Home/Shopping/images/check_box.jpg
INFO: [ app_init ] --START--
INFO: Run Behavior\BuildLiteBehavior [ RunTime:0.000010s ]
INFO: [ app_init ] --END-- [ RunTime:0.000420s ]

[ 2017-07-11T15:28:58+08:00 ] ::1 /qmss/index.php/Home/Shopping/images/check_box.jpg
INFO: [ app_init ] --START--
INFO: Run Behavior\BuildLiteBehavior [ RunTime:0.000014s ]
INFO: [ app_init ] --END-- [ RunTime:0.000448s ]

[ 2017-07-11T15:28:58+08:00 ] ::1 /qmss/index.php/Home/Shopping/images/checked_box.jpg
INFO: [ app_init ] --START--
INFO: Run Behavior\BuildLiteBehavior [ RunTime:0.000014s ]
INFO: [ app_init ] --END-- [ RunTime:0.000397s ]

[ 2017-07-11T15:28:59+08:00 ] ::1 /qmss/index.php/Home/Shopping/images/check_box.jpg
INFO: [ app_init ] --START--
INFO: Run Behavior\BuildLiteBehavior [ RunTime:0.000010s ]
INFO: [ app_init ] --END-- [ RunTime:0.000392s ]

[ 2017-07-11T15:29:01+08:00 ] ::1 /qmss/index.php/Home/Shopping/images/checked_box.jpg
INFO: [ app_init ] --START--
INFO: Run Behavior\BuildLiteBehavior [ RunTime:0.000011s ]
INFO: [ app_init ] --END-- [ RunTime:0.000478s ]

[ 2017-07-11T15:29:02+08:00 ] ::1 /qmss/index.php/Home/Shopping/images/check_box.jpg
INFO: [ app_init ] --START--
INFO: Run Behavior\BuildLiteBehavior [ RunTime:0.000012s ]
INFO: [ app_init ] --END-- [ RunTime:0.000406s ]

[ 2017-07-11T16:30:57+08:00 ] ::1 /qmss/index.php/Home/Shopping/index.html
INFO: [ app_init ] --START--
INFO: Run Behavior\BuildLiteBehavior [ RunTime:0.000011s ]
INFO: [ app_init ] --END-- [ RunTime:0.000358s ]
INFO: [ app_begin ] --START--
INFO: Run Behavior\ReadHtmlCacheBehavior [ RunTime:0.000517s ]
INFO: [ app_begin ] --END-- [ RunTime:0.000561s ]
SQL: SHOW COLUMNS FROM `tp_members` [ RunTime:0.0150s ]
SQL: SELECT * FROM `tp_members` WHERE `user` = 'admin123' LIMIT 1   [ RunTime:0.0003s ]
SQL: SHOW COLUMNS FROM `tp_shopping_cart` [ RunTime:0.0054s ]
SQL: SELECT * FROM `tp_shopping_cart` WHERE `user_id` = 6 ORDER BY create_time desc  [ RunTime:0.0004s ]
INFO: [ view_parse ] --START--
INFO: [ template_filter ] --START--
INFO: Run Behavior\ContentReplaceBehavior [ RunTime:0.000056s ]
INFO: [ template_filter ] --END-- [ RunTime:0.000094s ]
INFO: Run Behavior\ParseTemplateBehavior [ RunTime:0.008911s ]
INFO: [ view_parse ] --END-- [ RunTime:0.008949s ]
INFO: [ view_filter ] --START--
INFO: Run Behavior\WriteHtmlCacheBehavior [ RunTime:0.000416s ]
INFO: [ view_filter ] --END-- [ RunTime:0.000448s ]
INFO: [ app_end ] --START--
INFO: Run Behavior\ShowPageTraceBehavior [ RunTime:0.000757s ]
INFO: [ app_end ] --END-- [ RunTime:0.000800s ]

[ 2017-07-11T16:30:59+08:00 ] ::1 /qmss/index.php/Home/Shopping/images/checked_box.jpg
INFO: [ app_init ] --START--
INFO: Run Behavior\BuildLiteBehavior [ RunTime:0.000010s ]
INFO: [ app_init ] --END-- [ RunTime:0.000352s ]

[ 2017-07-11T16:31:01+08:00 ] ::1 /qmss/index.php/Home/Shopping/images/check_box.jpg
INFO: [ app_init ] --START--
INFO: Run Behavior\BuildLiteBehavior [ RunTime:0.000010s ]
INFO: [ app_init ] --END-- [ RunTime:0.000373s ]

[ 2017-07-11T16:31:05+08:00 ] ::1 /qmss/index.php/Home/Shopping/index.html
INFO: [ app_init ] --START--
INFO: Run Behavior\BuildLiteBehavior [ RunTime:0.000011s ]
INFO: [ app_init ] --END-- [ RunTime:0.000426s ]
INFO: [ app_begin ] --START--
INFO: Run Behavior\ReadHtmlCacheBehavior [ RunTime:0.000543s ]
INFO: [ app_begin ] --END-- [ RunTime:0.000587s ]
SQL: SHOW COLUMNS FROM `tp_members` [ RunTime:0.0110s ]
SQL: SELECT * FROM `tp_members` WHERE `user` = 'admin123' LIMIT 1   [ RunTime:0.0006s ]
SQL: SHOW COLUMNS FROM `tp_shopping_cart` [ RunTime:0.0083s ]
SQL: SELECT * FROM `tp_shopping_cart` WHERE `user_id` = 6 ORDER BY create_time desc  [ RunTime:0.0008s ]
INFO: [ view_parse ] --START--
INFO: [ template_filter ] --START--
INFO: Run Behavior\ContentReplaceBehavior [ RunTime:0.000075s ]
INFO: [ template_filter ] --END-- [ RunTime:0.000125s ]
INFO: Run Behavior\ParseTemplateBehavior [ RunTime:0.014944s ]
INFO: [ view_parse ] --END-- [ RunTime:0.015018s ]
INFO: [ view_filter ] --START--
INFO: Run Behavior\WriteHtmlCacheBehavior [ RunTime:0.000509s ]
INFO: [ view_filter ] --END-- [ RunTime:0.000551s ]
INFO: [ app_end ] --START--
INFO: Run Behavior\ShowPageTraceBehavior [ RunTime:0.000852s ]
INFO: [ app_end ] --END-- [ RunTime:0.000906s ]

[ 2017-07-11T16:31:14+08:00 ] ::1 /qmss/index.php/Home/Shopping/images/check_box.jpg
INFO: [ app_init ] --START--
INFO: Run Behavior\BuildLiteBehavior [ RunTime:0.000010s ]
INFO: [ app_init ] --END-- [ RunTime:0.000399s ]

[ 2017-07-11T16:31:15+08:00 ] ::1 /qmss/index.php/Home/Shopping/images/check_box.jpg
INFO: [ app_init ] --START--
INFO: Run Behavior\BuildLiteBehavior [ RunTime:0.000015s ]
INFO: [ app_init ] --END-- [ RunTime:0.000479s ]

[ 2017-07-11T16:31:15+08:00 ] ::1 /qmss/index.php/Home/Shopping/images/checked_box.jpg
INFO: [ app_init ] --START--
INFO: Run Behavior\BuildLiteBehavior [ RunTime:0.000012s ]
INFO: [ app_init ] --END-- [ RunTime:0.000524s ]

[ 2017-07-11T16:31:16+08:00 ] ::1 /qmss/index.php/Home/Shopping/images/check_box.jpg
INFO: [ app_init ] --START--
INFO: Run Behavior\BuildLiteBehavior [ RunTime:0.000015s ]
INFO: [ app_init ] --END-- [ RunTime:0.000613s ]

[ 2017-07-11T16:31:17+08:00 ] ::1 /qmss/index.php/Home/Shopping/images/check_box.jpg
INFO: [ app_init ] --START--
INFO: Run Behavior\BuildLiteBehavior [ RunTime:0.000010s ]
INFO: [ app_init ] --END-- [ RunTime:0.000348s ]

[ 2017-07-11T16:31:17+08:00 ] ::1 /qmss/index.php/Home/Shopping/images/checked_box.jpg
INFO: [ app_init ] --START--
INFO: Run Behavior\BuildLiteBehavior [ RunTime:0.000009s ]
INFO: [ app_init ] --END-- [ RunTime:0.000338s ]

[ 2017-07-11T16:31:17+08:00 ] ::1 /qmss/index.php/Home/Shopping/images/check_box.jpg
INFO: [ app_init ] --START--
INFO: Run Behavior\BuildLiteBehavior [ RunTime:0.000009s ]
INFO: [ app_init ] --END-- [ RunTime:0.000412s ]

[ 2017-07-11T16:31:18+08:00 ] ::1 /qmss/index.php/Home/Shopping/images/checked_box.jpg
INFO: [ app_init ] --START--
INFO: Run Behavior\BuildLiteBehavior [ RunTime:0.000009s ]
INFO: [ app_init ] --END-- [ RunTime:0.000342s ]

[ 2017-07-11T16:31:19+08:00 ] ::1 /qmss/index.php/Home/Shopping/images/check_box.jpg
INFO: [ app_init ] --START--
INFO: Run Behavior\BuildLiteBehavior [ RunTime:0.000010s ]
INFO: [ app_init ] --END-- [ RunTime:0.000394s ]

[ 2017-07-11T16:31:20+08:00 ] ::1 /qmss/index.php/Home/Shopping/images/check_box.jpg
INFO: [ app_init ] --START--
INFO: Run Behavior\BuildLiteBehavior [ RunTime:0.000010s ]
INFO: [ app_init ] --END-- [ RunTime:0.000441s ]

[ 2017-07-11T16:31:24+08:00 ] ::1 /qmss/index.php/Home/Shopping/index.html
INFO: [ app_init ] --START--
INFO: Run Behavior\BuildLiteBehavior [ RunTime:0.000018s ]
INFO: [ app_init ] --END-- [ RunTime:0.000504s ]
INFO: [ app_begin ] --START--
INFO: Run Behavior\ReadHtmlCacheBehavior [ RunTime:0.000620s ]
INFO: [ app_begin ] --END-- [ RunTime:0.000679s ]
SQL: SHOW COLUMNS FROM `tp_members` [ RunTime:0.0093s ]
SQL: SELECT * FROM `tp_members` WHERE `user` = 'admin123' LIMIT 1   [ RunTime:0.0004s ]
SQL: SHOW COLUMNS FROM `tp_shopping_cart` [ RunTime:0.0060s ]
SQL: SELECT * FROM `tp_shopping_cart` WHERE `user_id` = 6 ORDER BY create_time desc  [ RunTime:0.0006s ]
INFO: [ view_parse ] --START--
INFO: [ template_filter ] --START--
INFO: Run Behavior\ContentReplaceBehavior [ RunTime:0.000070s ]
INFO: [ template_filter ] --END-- [ RunTime:0.000116s ]
INFO: Run Behavior\ParseTemplateBehavior [ RunTime:0.011734s ]
INFO: [ view_parse ] --END-- [ RunTime:0.011788s ]
INFO: [ view_filter ] --START--
INFO: Run Behavior\WriteHtmlCacheBehavior [ RunTime:0.000456s ]
INFO: [ view_filter ] --END-- [ RunTime:0.000492s ]
INFO: [ app_end ] --START--
INFO: Run Behavior\ShowPageTraceBehavior [ RunTime:0.000831s ]
INFO: [ app_end ] --END-- [ RunTime:0.000876s ]

[ 2017-07-11T16:32:03+08:00 ] ::1 /qmss/index.php/Home/Shopping/index.html
INFO: [ app_init ] --START--
INFO: Run Behavior\BuildLiteBehavior [ RunTime:0.000009s ]
INFO: [ app_init ] --END-- [ RunTime:0.000418s ]
INFO: [ app_begin ] --START--
INFO: Run Behavior\ReadHtmlCacheBehavior [ RunTime:0.000538s ]
INFO: [ app_begin ] --END-- [ RunTime:0.000577s ]
SQL: SHOW COLUMNS FROM `tp_members` [ RunTime:0.0095s ]
SQL: SELECT * FROM `tp_members` WHERE `user` = 'admin123' LIMIT 1   [ RunTime:0.0005s ]
SQL: SHOW COLUMNS FROM `tp_shopping_cart` [ RunTime:0.0056s ]
SQL: SELECT * FROM `tp_shopping_cart` WHERE `user_id` = 6 ORDER BY create_time desc  [ RunTime:0.0005s ]
INFO: [ view_parse ] --START--
INFO: [ template_filter ] --START--
INFO: Run Behavior\ContentReplaceBehavior [ RunTime:0.000090s ]
INFO: [ template_filter ] --END-- [ RunTime:0.000149s ]
INFO: Run Behavior\ParseTemplateBehavior [ RunTime:0.013533s ]
INFO: [ view_parse ] --END-- [ RunTime:0.013593s ]
INFO: [ view_filter ] --START--
INFO: Run Behavior\WriteHtmlCacheBehavior [ RunTime:0.000536s ]
INFO: [ view_filter ] --END-- [ RunTime:0.000578s ]
INFO: [ app_end ] --START--
INFO: Run Behavior\ShowPageTraceBehavior [ RunTime:0.000955s ]
INFO: [ app_end ] --END-- [ RunTime:0.001010s ]

[ 2017-07-11T16:32:05+08:00 ] ::1 /qmss/index.php/Home/Shopping/images/check_box.jpg
INFO: [ app_init ] --START--
INFO: Run Behavior\BuildLiteBehavior [ RunTime:0.000010s ]
INFO: [ app_init ] --END-- [ RunTime:0.000336s ]

[ 2017-07-11T16:32:05+08:00 ] ::1 /qmss/index.php/Home/Shopping/images/check_box.jpg
INFO: [ app_init ] --START--
INFO: Run Behavior\BuildLiteBehavior [ RunTime:0.000010s ]
INFO: [ app_init ] --END-- [ RunTime:0.000340s ]

[ 2017-07-11T16:32:05+08:00 ] ::1 /qmss/index.php/Home/Shopping/images/checked_box.jpg
INFO: [ app_init ] --START--
INFO: Run Behavior\BuildLiteBehavior [ RunTime:0.000010s ]
INFO: [ app_init ] --END-- [ RunTime:0.000341s ]

[ 2017-07-11T16:32:06+08:00 ] ::1 /qmss/index.php/Home/Shopping/images/check_box.jpg
INFO: [ app_init ] --START--
INFO: Run Behavior\BuildLiteBehavior [ RunTime:0.000010s ]
INFO: [ app_init ] --END-- [ RunTime:0.000415s ]

[ 2017-07-11T16:32:06+08:00 ] ::1 /qmss/index.php/Home/Shopping/images/check_box.jpg
INFO: [ app_init ] --START--
INFO: Run Behavior\BuildLiteBehavior [ RunTime:0.000010s ]
INFO: [ app_init ] --END-- [ RunTime:0.000340s ]

[ 2017-07-11T16:32:06+08:00 ] ::1 /qmss/index.php/Home/Shopping/images/checked_box.jpg
INFO: [ app_init ] --START--
INFO: Run Behavior\BuildLiteBehavior [ RunTime:0.000009s ]
INFO: [ app_init ] --END-- [ RunTime:0.000345s ]

[ 2017-07-11T16:32:06+08:00 ] ::1 /qmss/index.php/Home/Shopping/images/check_box.jpg
INFO: [ app_init ] --START--
INFO: Run Behavior\BuildLiteBehavior [ RunTime:0.000009s ]
INFO: [ app_init ] --END-- [ RunTime:0.000410s ]

[ 2017-07-11T16:32:07+08:00 ] ::1 /qmss/index.php/Home/Shopping/images/check_box.jpg
INFO: [ app_init ] --START--
INFO: Run Behavior\BuildLiteBehavior [ RunTime:0.000011s ]
INFO: [ app_init ] --END-- [ RunTime:0.000406s ]

[ 2017-07-11T16:32:07+08:00 ] ::1 /qmss/index.php/Home/Shopping/images/checked_box.jpg
INFO: [ app_init ] --START--
INFO: Run Behavior\BuildLiteBehavior [ RunTime:0.000009s ]
INFO: [ app_init ] --END-- [ RunTime:0.000331s ]

[ 2017-07-11T16:32:08+08:00 ] ::1 /qmss/index.php/Home/Shopping/images/check_box.jpg
INFO: [ app_init ] --START--
INFO: Run Behavior\BuildLiteBehavior [ RunTime:0.000010s ]
INFO: [ app_init ] --END-- [ RunTime:0.000414s ]

[ 2017-07-11T16:32:08+08:00 ] ::1 /qmss/index.php/Home/Shopping/images/check_box.jpg
INFO: [ app_init ] --START--
INFO: Run Behavior\BuildLiteBehavior [ RunTime:0.000010s ]
INFO: [ app_init ] --END-- [ RunTime:0.000346s ]

[ 2017-07-11T16:32:08+08:00 ] ::1 /qmss/index.php/Home/Shopping/images/checked_box.jpg
INFO: [ app_init ] --START--
INFO: Run Behavior\BuildLiteBehavior [ RunTime:0.000010s ]
INFO: [ app_init ] --END-- [ RunTime:0.000342s ]

[ 2017-07-11T16:32:09+08:00 ] ::1 /qmss/index.php/Home/Shopping/images/check_box.jpg
INFO: [ app_init ] --START--
INFO: Run Behavior\BuildLiteBehavior [ RunTime:0.000011s ]
INFO: [ app_init ] --END-- [ RunTime:0.000445s ]

[ 2017-07-11T16:32:11+08:00 ] ::1 /qmss/index.php/Home/Shopping/index.html
INFO: [ app_init ] --START--
INFO: Run Behavior\BuildLiteBehavior [ RunTime:0.000011s ]
INFO: [ app_init ] --END-- [ RunTime:0.000390s ]
INFO: [ app_begin ] --START--
INFO: Run Behavior\ReadHtmlCacheBehavior [ RunTime:0.000513s ]
INFO: [ app_begin ] --END-- [ RunTime:0.000552s ]
SQL: SHOW COLUMNS FROM `tp_members` [ RunTime:0.0056s ]
SQL: SELECT * FROM `tp_members` WHERE `user` = 'admin123' LIMIT 1   [ RunTime:0.0004s ]
SQL: SHOW COLUMNS FROM `tp_shopping_cart` [ RunTime:0.0056s ]
SQL: SELECT * FROM `tp_shopping_cart` WHERE `user_id` = 6 ORDER BY create_time desc  [ RunTime:0.0005s ]
INFO: [ view_parse ] --START--
INFO: [ template_filter ] --START--
INFO: Run Behavior\ContentReplaceBehavior [ RunTime:0.000072s ]
INFO: [ template_filter ] --END-- [ RunTime:0.000118s ]
INFO: Run Behavior\ParseTemplateBehavior [ RunTime:0.012141s ]
INFO: [ view_parse ] --END-- [ RunTime:0.012187s ]
INFO: [ view_filter ] --START--
INFO: Run Behavior\WriteHtmlCacheBehavior [ RunTime:0.000469s ]
INFO: [ view_filter ] --END-- [ RunTime:0.000504s ]
INFO: [ app_end ] --START--
INFO: Run Behavior\ShowPageTraceBehavior [ RunTime:0.000701s ]
INFO: [ app_end ] --END-- [ RunTime:0.000750s ]

[ 2017-07-11T16:32:13+08:00 ] ::1 /qmss/index.php/Home/Shopping/images/check_box.jpg
INFO: [ app_init ] --START--
INFO: Run Behavior\BuildLiteBehavior [ RunTime:0.000014s ]
INFO: [ app_init ] --END-- [ RunTime:0.000468s ]

[ 2017-07-11T16:32:13+08:00 ] ::1 /qmss/index.php/Home/Shopping/images/checked_box.jpg
INFO: [ app_init ] --START--
INFO: Run Behavior\BuildLiteBehavior [ RunTime:0.000013s ]
INFO: [ app_init ] --END-- [ RunTime:0.000442s ]

[ 2017-07-11T16:32:15+08:00 ] ::1 /qmss/index.php/Home/Shopping/images/check_box.jpg
INFO: [ app_init ] --START--
INFO: Run Behavior\BuildLiteBehavior [ RunTime:0.000017s ]
INFO: [ app_init ] --END-- [ RunTime:0.000403s ]

[ 2017-07-11T16:35:40+08:00 ] ::1 /qmss/index.php/Home/Shopping/images/check_box.jpg
INFO: [ app_init ] --START--
INFO: Run Behavior\BuildLiteBehavior [ RunTime:0.000014s ]
INFO: [ app_init ] --END-- [ RunTime:0.000566s ]

[ 2017-07-11T16:35:43+08:00 ] ::1 /qmss/index.php/Home/Shopping/images/check_box.jpg
INFO: [ app_init ] --START--
INFO: Run Behavior\BuildLiteBehavior [ RunTime:0.000012s ]
INFO: [ app_init ] --END-- [ RunTime:0.000446s ]

[ 2017-07-11T16:36:29+08:00 ] ::1 /qmss/index.php/Home/Shopping/images/check_box.jpg
INFO: [ app_init ] --START--
INFO: Run Behavior\BuildLiteBehavior [ RunTime:0.000011s ]
INFO: [ app_init ] --END-- [ RunTime:0.000415s ]

[ 2017-07-11T16:36:29+08:00 ] ::1 /qmss/index.php/Home/Shopping/images/check_box.jpg
INFO: [ app_init ] --START--
INFO: Run Behavior\BuildLiteBehavior [ RunTime:0.000011s ]
INFO: [ app_init ] --END-- [ RunTime:0.000463s ]

[ 2017-07-11T16:36:30+08:00 ] ::1 /qmss/index.php/Home/Shopping/images/check_box.jpg
INFO: [ app_init ] --START--
INFO: Run Behavior\BuildLiteBehavior [ RunTime:0.000012s ]
INFO: [ app_init ] --END-- [ RunTime:0.000517s ]

[ 2017-07-11T16:37:25+08:00 ] ::1 /qmss/index.php/Home/Shopping/images/check_box.jpg
INFO: [ app_init ] --START--
INFO: Run Behavior\BuildLiteBehavior [ RunTime:0.000010s ]
INFO: [ app_init ] --END-- [ RunTime:0.000411s ]

