[ 2017-06-02T09:38:24+08:00 ] 127.0.0.1 /qmss/
INFO: [ app_init ] --START--
INFO: Run Behavior\BuildLiteBehavior [ RunTime:0.001000s ]
INFO: [ app_init ] --END-- [ RunTime:0.001000s ]
INFO: [ app_begin ] --START--
INFO: Run Behavior\ReadHtmlCacheBehavior [ RunTime:0.000000s ]
INFO: [ app_begin ] --END-- [ RunTime:0.000000s ]
SQL: SHOW COLUMNS FROM `tp_banner` [ RunTime:0.0390s ]
SQL: SELECT * FROM `tp_banner` ORDER BY create_time desc LIMIT 3   [ RunTime:0.0010s ]
SQL: SHOW COLUMNS FROM `tp_product` [ RunTime:0.0110s ]
SQL: SELECT * FROM `tp_product` ORDER BY create_time desc LIMIT 8   [ RunTime:0.0010s ]
INFO: [ view_parse ] --START--
INFO: [ template_filter ] --START--
INFO: Run Behavior\ContentReplaceBehavior [ RunTime:0.000000s ]
INFO: [ template_filter ] --END-- [ RunTime:0.000000s ]
INFO: Run Behavior\ParseTemplateBehavior [ RunTime:0.012000s ]
INFO: [ view_parse ] --END-- [ RunTime:0.012000s ]
INFO: [ view_filter ] --START--
INFO: Run Behavior\WriteHtmlCacheBehavior [ RunTime:0.001000s ]
INFO: [ view_filter ] --END-- [ RunTime:0.001000s ]
INFO: [ app_end ] --START--
INFO: Run Behavior\ShowPageTraceBehavior [ RunTime:0.001000s ]
INFO: [ app_end ] --END-- [ RunTime:0.001000s ]

[ 2017-06-02T09:38:26+08:00 ] 127.0.0.1 /qmss/index.php/Home/Brand/index.html
INFO: [ app_init ] --START--
INFO: Run Behavior\BuildLiteBehavior [ RunTime:0.000000s ]
INFO: [ app_init ] --END-- [ RunTime:0.000000s ]
INFO: [ app_begin ] --START--
INFO: Run Behavior\ReadHtmlCacheBehavior [ RunTime:0.000000s ]
INFO: [ app_begin ] --END-- [ RunTime:0.000000s ]
SQL: SHOW COLUMNS FROM `tp_brand` [ RunTime:0.0320s ]
SQL: SELECT * FROM `tp_brand` LIMIT 1   [ RunTime:0.0010s ]
INFO: [ view_parse ] --START--
INFO: [ template_filter ] --START--
INFO: Run Behavior\ContentReplaceBehavior [ RunTime:0.000000s ]
INFO: [ template_filter ] --END-- [ RunTime:0.000000s ]
INFO: Run Behavior\ParseTemplateBehavior [ RunTime:0.008000s ]
INFO: [ view_parse ] --END-- [ RunTime:0.008000s ]
INFO: [ view_filter ] --START--
INFO: Run Behavior\WriteHtmlCacheBehavior [ RunTime:0.000000s ]
INFO: [ view_filter ] --END-- [ RunTime:0.001000s ]
INFO: [ app_end ] --START--
INFO: Run Behavior\ShowPageTraceBehavior [ RunTime:0.001000s ]
INFO: [ app_end ] --END-- [ RunTime:0.001000s ]

[ 2017-06-02T09:39:41+08:00 ] 127.0.0.1 /qmss/
INFO: [ app_init ] --START--
INFO: Run Behavior\BuildLiteBehavior [ RunTime:0.000000s ]
INFO: [ app_init ] --END-- [ RunTime:0.000000s ]
INFO: [ app_begin ] --START--
INFO: Run Behavior\ReadHtmlCacheBehavior [ RunTime:0.000000s ]
INFO: [ app_begin ] --END-- [ RunTime:0.000000s ]
SQL: SHOW COLUMNS FROM `tp_banner` [ RunTime:0.0070s ]
SQL: SELECT * FROM `tp_banner` ORDER BY create_time desc LIMIT 3   [ RunTime:0.0000s ]
SQL: SHOW COLUMNS FROM `tp_product` [ RunTime:0.0060s ]
SQL: SELECT * FROM `tp_product` ORDER BY create_time desc LIMIT 8   [ RunTime:0.0010s ]
INFO: [ view_parse ] --START--
INFO: [ template_filter ] --START--
INFO: Run Behavior\ContentReplaceBehavior [ RunTime:0.000000s ]
INFO: [ template_filter ] --END-- [ RunTime:0.000000s ]
INFO: Run Behavior\ParseTemplateBehavior [ RunTime:0.012001s ]
INFO: [ view_parse ] --END-- [ RunTime:0.012001s ]
INFO: [ view_filter ] --START--
INFO: Run Behavior\WriteHtmlCacheBehavior [ RunTime:0.000000s ]
INFO: [ view_filter ] --END-- [ RunTime:0.000000s ]
INFO: [ app_end ] --START--
INFO: Run Behavior\ShowPageTraceBehavior [ RunTime:0.003000s ]
INFO: [ app_end ] --END-- [ RunTime:0.003000s ]

[ 2017-06-02T09:39:44+08:00 ] 127.0.0.1 /qmss/index.php/Home/Contact/index.html
INFO: [ app_init ] --START--
INFO: Run Behavior\BuildLiteBehavior [ RunTime:0.000000s ]
INFO: [ app_init ] --END-- [ RunTime:0.001000s ]
INFO: [ app_begin ] --START--
INFO: Run Behavior\ReadHtmlCacheBehavior [ RunTime:0.001000s ]
INFO: [ app_begin ] --END-- [ RunTime:0.001000s ]
SQL: SHOW COLUMNS FROM `tp_contact` [ RunTime:0.0100s ]
SQL: SELECT * FROM `tp_contact` LIMIT 1   [ RunTime:0.0000s ]
INFO: [ view_parse ] --START--
INFO: [ template_filter ] --START--
INFO: Run Behavior\ContentReplaceBehavior [ RunTime:0.000000s ]
INFO: [ template_filter ] --END-- [ RunTime:0.000000s ]
INFO: Run Behavior\ParseTemplateBehavior [ RunTime:0.017001s ]
INFO: [ view_parse ] --END-- [ RunTime:0.017001s ]
INFO: [ view_filter ] --START--
INFO: Run Behavior\WriteHtmlCacheBehavior [ RunTime:0.000000s ]
INFO: [ view_filter ] --END-- [ RunTime:0.000000s ]
INFO: [ app_end ] --START--
INFO: Run Behavior\ShowPageTraceBehavior [ RunTime:0.001000s ]
INFO: [ app_end ] --END-- [ RunTime:0.001000s ]

[ 2017-06-02T09:39:44+08:00 ] 127.0.0.1 /qmss/index.php/Home/Contact/ver
INFO: [ app_init ] --START--
INFO: Run Behavior\BuildLiteBehavior [ RunTime:0.000000s ]
INFO: [ app_init ] --END-- [ RunTime:0.001000s ]
INFO: [ app_begin ] --START--
INFO: Run Behavior\ReadHtmlCacheBehavior [ RunTime:0.001000s ]
INFO: [ app_begin ] --END-- [ RunTime:0.001000s ]
INFO: [ app_end ] --START--
INFO: Run Behavior\ShowPageTraceBehavior [ RunTime:0.001000s ]
INFO: [ app_end ] --END-- [ RunTime:0.001000s ]

[ 2017-06-02T14:18:38+08:00 ] 127.0.0.1 /qmss/
INFO: [ app_init ] --START--
INFO: Run Behavior\BuildLiteBehavior [ RunTime:0.000000s ]
INFO: [ app_init ] --END-- [ RunTime:0.000000s ]
INFO: [ app_begin ] --START--
INFO: Run Behavior\ReadHtmlCacheBehavior [ RunTime:0.001000s ]
INFO: [ app_begin ] --END-- [ RunTime:0.001000s ]
SQL: SHOW COLUMNS FROM `tp_banner` [ RunTime:0.0070s ]
SQL: SELECT * FROM `tp_banner` ORDER BY create_time desc LIMIT 3   [ RunTime:0.0000s ]
SQL: SHOW COLUMNS FROM `tp_product` [ RunTime:0.0080s ]
SQL: SELECT * FROM `tp_product` ORDER BY create_time desc LIMIT 8   [ RunTime:0.0000s ]
INFO: [ view_parse ] --START--
INFO: [ template_filter ] --START--
INFO: Run Behavior\ContentReplaceBehavior [ RunTime:0.001000s ]
INFO: [ template_filter ] --END-- [ RunTime:0.001000s ]
INFO: Run Behavior\ParseTemplateBehavior [ RunTime:0.011000s ]
INFO: [ view_parse ] --END-- [ RunTime:0.011000s ]
INFO: [ view_filter ] --START--
INFO: Run Behavior\WriteHtmlCacheBehavior [ RunTime:0.000000s ]
INFO: [ view_filter ] --END-- [ RunTime:0.000000s ]
INFO: [ app_end ] --START--
INFO: Run Behavior\ShowPageTraceBehavior [ RunTime:0.002000s ]
INFO: [ app_end ] --END-- [ RunTime:0.002000s ]

[ 2017-06-02T14:19:07+08:00 ] 127.0.0.1 /qmss/
INFO: [ app_init ] --START--
INFO: Run Behavior\BuildLiteBehavior [ RunTime:0.000000s ]
INFO: [ app_init ] --END-- [ RunTime:0.001000s ]
INFO: [ app_begin ] --START--
INFO: Run Behavior\ReadHtmlCacheBehavior [ RunTime:0.001000s ]
INFO: [ app_begin ] --END-- [ RunTime:0.001000s ]
SQL: SHOW COLUMNS FROM `tp_banner` [ RunTime:0.0080s ]
SQL: SELECT * FROM `tp_banner` ORDER BY create_time desc LIMIT 3   [ RunTime:0.0000s ]
SQL: SHOW COLUMNS FROM `tp_product` [ RunTime:0.0080s ]
SQL: SELECT * FROM `tp_product` ORDER BY create_time desc LIMIT 8   [ RunTime:0.0010s ]
INFO: [ view_parse ] --START--
INFO: [ template_filter ] --START--
INFO: Run Behavior\ContentReplaceBehavior [ RunTime:0.000000s ]
INFO: [ template_filter ] --END-- [ RunTime:0.000000s ]
INFO: Run Behavior\ParseTemplateBehavior [ RunTime:0.010000s ]
INFO: [ view_parse ] --END-- [ RunTime:0.010000s ]
INFO: [ view_filter ] --START--
INFO: Run Behavior\WriteHtmlCacheBehavior [ RunTime:0.000000s ]
INFO: [ view_filter ] --END-- [ RunTime:0.000000s ]
INFO: [ app_end ] --START--
INFO: Run Behavior\ShowPageTraceBehavior [ RunTime:0.001000s ]
INFO: [ app_end ] --END-- [ RunTime:0.001000s ]

[ 2017-06-02T14:19:34+08:00 ] 127.0.0.1 /qmss/
INFO: [ app_init ] --START--
INFO: Run Behavior\BuildLiteBehavior [ RunTime:0.000000s ]
INFO: [ app_init ] --END-- [ RunTime:0.001000s ]
INFO: [ app_begin ] --START--
INFO: Run Behavior\ReadHtmlCacheBehavior [ RunTime:0.000000s ]
INFO: [ app_begin ] --END-- [ RunTime:0.000000s ]
SQL: SHOW COLUMNS FROM `tp_banner` [ RunTime:0.0050s ]
SQL: SELECT * FROM `tp_banner` ORDER BY create_time desc LIMIT 3   [ RunTime:0.0010s ]
SQL: SHOW COLUMNS FROM `tp_product` [ RunTime:0.0060s ]
SQL: SELECT * FROM `tp_product` ORDER BY create_time desc LIMIT 8   [ RunTime:0.0000s ]
INFO: [ view_parse ] --START--
INFO: [ template_filter ] --START--
INFO: Run Behavior\ContentReplaceBehavior [ RunTime:0.000000s ]
INFO: [ template_filter ] --END-- [ RunTime:0.000000s ]
INFO: Run Behavior\ParseTemplateBehavior [ RunTime:0.012001s ]
INFO: [ view_parse ] --END-- [ RunTime:0.012001s ]
INFO: [ view_filter ] --START--
INFO: Run Behavior\WriteHtmlCacheBehavior [ RunTime:0.000000s ]
INFO: [ view_filter ] --END-- [ RunTime:0.000000s ]
INFO: [ app_end ] --START--
INFO: Run Behavior\ShowPageTraceBehavior [ RunTime:0.001000s ]
INFO: [ app_end ] --END-- [ RunTime:0.001000s ]

[ 2017-06-02T14:21:22+08:00 ] 127.0.0.1 /qmss/
INFO: [ app_init ] --START--
INFO: Run Behavior\BuildLiteBehavior [ RunTime:0.000000s ]
INFO: [ app_init ] --END-- [ RunTime:0.000000s ]
INFO: [ app_begin ] --START--
INFO: Run Behavior\ReadHtmlCacheBehavior [ RunTime:0.000000s ]
INFO: [ app_begin ] --END-- [ RunTime:0.000000s ]
SQL: SHOW COLUMNS FROM `tp_banner` [ RunTime:0.0070s ]
SQL: SELECT * FROM `tp_banner` ORDER BY create_time desc LIMIT 3   [ RunTime:0.0000s ]
SQL: SHOW COLUMNS FROM `tp_product` [ RunTime:0.0070s ]
SQL: SELECT * FROM `tp_product` ORDER BY create_time desc LIMIT 8   [ RunTime:0.0010s ]
INFO: [ view_parse ] --START--
INFO: [ template_filter ] --START--
INFO: Run Behavior\ContentReplaceBehavior [ RunTime:0.000000s ]
INFO: [ template_filter ] --END-- [ RunTime:0.000000s ]
INFO: Run Behavior\ParseTemplateBehavior [ RunTime:0.010000s ]
INFO: [ view_parse ] --END-- [ RunTime:0.010000s ]
INFO: [ view_filter ] --START--
INFO: Run Behavior\WriteHtmlCacheBehavior [ RunTime:0.001000s ]
INFO: [ view_filter ] --END-- [ RunTime:0.001000s ]
INFO: [ app_end ] --START--
INFO: Run Behavior\ShowPageTraceBehavior [ RunTime:0.001000s ]
INFO: [ app_end ] --END-- [ RunTime:0.001000s ]

[ 2017-06-02T14:21:24+08:00 ] 127.0.0.1 /qmss/index.php/Home/Members/create_user.html
INFO: [ app_init ] --START--
INFO: Run Behavior\BuildLiteBehavior [ RunTime:0.000000s ]
INFO: [ app_init ] --END-- [ RunTime:0.001000s ]
INFO: [ app_begin ] --START--
INFO: Run Behavior\ReadHtmlCacheBehavior [ RunTime:0.001000s ]
INFO: [ app_begin ] --END-- [ RunTime:0.001000s ]
INFO: [ view_parse ] --START--
INFO: [ template_filter ] --START--
INFO: Run Behavior\ContentReplaceBehavior [ RunTime:0.000000s ]
INFO: [ template_filter ] --END-- [ RunTime:0.000000s ]
INFO: Run Behavior\ParseTemplateBehavior [ RunTime:0.008000s ]
INFO: [ view_parse ] --END-- [ RunTime:0.008000s ]
INFO: [ view_filter ] --START--
INFO: Run Behavior\WriteHtmlCacheBehavior [ RunTime:0.000000s ]
INFO: [ view_filter ] --END-- [ RunTime:0.000000s ]
INFO: [ app_end ] --START--
INFO: Run Behavior\ShowPageTraceBehavior [ RunTime:0.001000s ]
INFO: [ app_end ] --END-- [ RunTime:0.001000s ]

[ 2017-06-02T14:23:15+08:00 ] 127.0.0.1 /qmss/index.php/Home/Members/images/checked_box.jpg
INFO: [ app_init ] --START--
INFO: Run Behavior\BuildLiteBehavior [ RunTime:0.000000s ]
INFO: [ app_init ] --END-- [ RunTime:0.001000s ]

[ 2017-06-02T14:23:15+08:00 ] 127.0.0.1 /qmss/index.php/Home/Members/images/check_box.jpg
INFO: [ app_init ] --START--
INFO: Run Behavior\BuildLiteBehavior [ RunTime:0.000000s ]
INFO: [ app_init ] --END-- [ RunTime:0.000000s ]

[ 2017-06-02T14:23:18+08:00 ] 127.0.0.1 /qmss/index.php/Home/Members/create_user.html
INFO: [ app_init ] --START--
INFO: Run Behavior\BuildLiteBehavior [ RunTime:0.000000s ]
INFO: [ app_init ] --END-- [ RunTime:0.000000s ]
INFO: [ app_begin ] --START--
INFO: Run Behavior\ReadHtmlCacheBehavior [ RunTime:0.001000s ]
INFO: [ app_begin ] --END-- [ RunTime:0.001000s ]
INFO: [ view_parse ] --START--
INFO: [ template_filter ] --START--
INFO: Run Behavior\ContentReplaceBehavior [ RunTime:0.000000s ]
INFO: [ template_filter ] --END-- [ RunTime:0.001000s ]
INFO: Run Behavior\ParseTemplateBehavior [ RunTime:0.015001s ]
INFO: [ view_parse ] --END-- [ RunTime:0.015001s ]
INFO: [ view_filter ] --START--
INFO: Run Behavior\WriteHtmlCacheBehavior [ RunTime:0.000000s ]
INFO: [ view_filter ] --END-- [ RunTime:0.000000s ]
INFO: [ app_end ] --START--
INFO: Run Behavior\ShowPageTraceBehavior [ RunTime:0.001000s ]
INFO: [ app_end ] --END-- [ RunTime:0.001000s ]

[ 2017-06-02T14:35:47+08:00 ] 127.0.0.1 /qmss/index.php/Home/Product/index/p/1.html
INFO: [ app_init ] --START--
INFO: Run Behavior\BuildLiteBehavior [ RunTime:0.000000s ]
INFO: [ app_init ] --END-- [ RunTime:0.001000s ]
INFO: [ app_begin ] --START--
INFO: Run Behavior\ReadHtmlCacheBehavior [ RunTime:0.000000s ]
INFO: [ app_begin ] --END-- [ RunTime:0.001000s ]
SQL: SHOW COLUMNS FROM `tp_product_cate` [ RunTime:0.0210s ]
SQL: SELECT * FROM `tp_product_cate` WHERE ( pid=0 )  [ RunTime:0.0010s ]
SQL: SHOW COLUMNS FROM `tp_product` [ RunTime:0.0070s ]
SQL: SELECT * FROM `tp_product` WHERE `cate` = 1 ORDER BY create_time desc LIMIT 0,3   [ RunTime:0.0000s ]
SQL: SELECT COUNT(*) AS tp_count FROM `tp_product` WHERE `cate` = 1 LIMIT 1   [ RunTime:0.0010s ]
INFO: [ view_parse ] --START--
INFO: [ template_filter ] --START--
INFO: Run Behavior\ContentReplaceBehavior [ RunTime:0.000000s ]
INFO: [ template_filter ] --END-- [ RunTime:0.000000s ]
INFO: Run Behavior\ParseTemplateBehavior [ RunTime:0.020001s ]
INFO: [ view_parse ] --END-- [ RunTime:0.020001s ]
INFO: [ view_filter ] --START--
INFO: Run Behavior\WriteHtmlCacheBehavior [ RunTime:0.001000s ]
INFO: [ view_filter ] --END-- [ RunTime:0.001000s ]
INFO: [ app_end ] --START--
INFO: Run Behavior\ShowPageTraceBehavior [ RunTime:0.001000s ]
INFO: [ app_end ] --END-- [ RunTime:0.001000s ]

[ 2017-06-02T14:35:49+08:00 ] 127.0.0.1 /qmss/index.php/Home/Product/index?cate=2&p=1
INFO: [ app_init ] --START--
INFO: Run Behavior\BuildLiteBehavior [ RunTime:0.000000s ]
INFO: [ app_init ] --END-- [ RunTime:0.000000s ]
INFO: [ app_begin ] --START--
INFO: Run Behavior\ReadHtmlCacheBehavior [ RunTime:0.000000s ]
INFO: [ app_begin ] --END-- [ RunTime:0.000000s ]
SQL: SHOW COLUMNS FROM `tp_product_cate` [ RunTime:0.0070s ]
SQL: SELECT * FROM `tp_product_cate` WHERE ( pid=0 )  [ RunTime:0.0000s ]
SQL: SHOW COLUMNS FROM `tp_product` [ RunTime:0.0070s ]
SQL: SELECT * FROM `tp_product` WHERE `cate` = 2 ORDER BY create_time desc LIMIT 0,3   [ RunTime:0.0010s ]
SQL: SELECT COUNT(*) AS tp_count FROM `tp_product` WHERE `cate` = 2 LIMIT 1   [ RunTime:0.0000s ]

[ 2017-06-02T14:35:50+08:00 ] 127.0.0.1 /qmss/index.php/Home/Product/index?cate=3&p=1
INFO: [ app_init ] --START--
INFO: Run Behavior\BuildLiteBehavior [ RunTime:0.000000s ]
INFO: [ app_init ] --END-- [ RunTime:0.000000s ]
INFO: [ app_begin ] --START--
INFO: Run Behavior\ReadHtmlCacheBehavior [ RunTime:0.000000s ]
INFO: [ app_begin ] --END-- [ RunTime:0.000000s ]
SQL: SHOW COLUMNS FROM `tp_product_cate` [ RunTime:0.0080s ]
SQL: SELECT * FROM `tp_product_cate` WHERE ( pid=0 )  [ RunTime:0.0000s ]
SQL: SHOW COLUMNS FROM `tp_product` [ RunTime:0.0060s ]
SQL: SELECT * FROM `tp_product` WHERE `cate` = 3 ORDER BY create_time desc LIMIT 0,3   [ RunTime:0.0000s ]
SQL: SELECT COUNT(*) AS tp_count FROM `tp_product` WHERE `cate` = 3 LIMIT 1   [ RunTime:0.0000s ]

[ 2017-06-02T14:35:54+08:00 ] 127.0.0.1 /qmss/index.php/Home/Product/index?cate=2&p=1
INFO: [ app_init ] --START--
INFO: Run Behavior\BuildLiteBehavior [ RunTime:0.000000s ]
INFO: [ app_init ] --END-- [ RunTime:0.000000s ]
INFO: [ app_begin ] --START--
INFO: Run Behavior\ReadHtmlCacheBehavior [ RunTime:0.001000s ]
INFO: [ app_begin ] --END-- [ RunTime:0.001000s ]
SQL: SHOW COLUMNS FROM `tp_product_cate` [ RunTime:0.0060s ]
SQL: SELECT * FROM `tp_product_cate` WHERE ( pid=0 )  [ RunTime:0.0000s ]
SQL: SHOW COLUMNS FROM `tp_product` [ RunTime:0.0090s ]
SQL: SELECT * FROM `tp_product` WHERE `cate` = 2 ORDER BY create_time desc LIMIT 0,3   [ RunTime:0.0000s ]
SQL: SELECT COUNT(*) AS tp_count FROM `tp_product` WHERE `cate` = 2 LIMIT 1   [ RunTime:0.0000s ]

[ 2017-06-02T14:35:57+08:00 ] 127.0.0.1 /qmss/index.php/Home/Product/index?cate=1&p=1
INFO: [ app_init ] --START--
INFO: Run Behavior\BuildLiteBehavior [ RunTime:0.000000s ]
INFO: [ app_init ] --END-- [ RunTime:0.000000s ]
INFO: [ app_begin ] --START--
INFO: Run Behavior\ReadHtmlCacheBehavior [ RunTime:0.000000s ]
INFO: [ app_begin ] --END-- [ RunTime:0.000000s ]
SQL: SHOW COLUMNS FROM `tp_product_cate` [ RunTime:0.0080s ]
SQL: SELECT * FROM `tp_product_cate` WHERE ( pid=0 )  [ RunTime:0.0010s ]
SQL: SHOW COLUMNS FROM `tp_product` [ RunTime:0.0070s ]
SQL: SELECT * FROM `tp_product` WHERE `cate` = 1 ORDER BY create_time desc LIMIT 0,3   [ RunTime:0.0000s ]
SQL: SELECT COUNT(*) AS tp_count FROM `tp_product` WHERE `cate` = 1 LIMIT 1   [ RunTime:0.0010s ]

[ 2017-06-02T14:35:59+08:00 ] 127.0.0.1 /qmss/index.php/Home/Product/index?cate=2&p=1
INFO: [ app_init ] --START--
INFO: Run Behavior\BuildLiteBehavior [ RunTime:0.000000s ]
INFO: [ app_init ] --END-- [ RunTime:0.001000s ]
INFO: [ app_begin ] --START--
INFO: Run Behavior\ReadHtmlCacheBehavior [ RunTime:0.001000s ]
INFO: [ app_begin ] --END-- [ RunTime:0.001000s ]
SQL: SHOW COLUMNS FROM `tp_product_cate` [ RunTime:0.0060s ]
SQL: SELECT * FROM `tp_product_cate` WHERE ( pid=0 )  [ RunTime:0.0000s ]
SQL: SHOW COLUMNS FROM `tp_product` [ RunTime:0.0070s ]
SQL: SELECT * FROM `tp_product` WHERE `cate` = 2 ORDER BY create_time desc LIMIT 0,3   [ RunTime:0.0000s ]
SQL: SELECT COUNT(*) AS tp_count FROM `tp_product` WHERE `cate` = 2 LIMIT 1   [ RunTime:0.0010s ]

[ 2017-06-02T14:36:01+08:00 ] 127.0.0.1 /qmss/index.php/Home/Product/index?cate=1&p=1
INFO: [ app_init ] --START--
INFO: Run Behavior\BuildLiteBehavior [ RunTime:0.000000s ]
INFO: [ app_init ] --END-- [ RunTime:0.001000s ]
INFO: [ app_begin ] --START--
INFO: Run Behavior\ReadHtmlCacheBehavior [ RunTime:0.001000s ]
INFO: [ app_begin ] --END-- [ RunTime:0.001000s ]
SQL: SHOW COLUMNS FROM `tp_product_cate` [ RunTime:0.0070s ]
SQL: SELECT * FROM `tp_product_cate` WHERE ( pid=0 )  [ RunTime:0.0000s ]
SQL: SHOW COLUMNS FROM `tp_product` [ RunTime:0.0060s ]
SQL: SELECT * FROM `tp_product` WHERE `cate` = 1 ORDER BY create_time desc LIMIT 0,3   [ RunTime:0.0000s ]
SQL: SELECT COUNT(*) AS tp_count FROM `tp_product` WHERE `cate` = 1 LIMIT 1   [ RunTime:0.0010s ]

[ 2017-06-02T14:36:02+08:00 ] 127.0.0.1 /qmss/index.php/Home/Product/index?cate=2&p=1
INFO: [ app_init ] --START--
INFO: Run Behavior\BuildLiteBehavior [ RunTime:0.000000s ]
INFO: [ app_init ] --END-- [ RunTime:0.001000s ]
INFO: [ app_begin ] --START--
INFO: Run Behavior\ReadHtmlCacheBehavior [ RunTime:0.001000s ]
INFO: [ app_begin ] --END-- [ RunTime:0.001000s ]
SQL: SHOW COLUMNS FROM `tp_product_cate` [ RunTime:0.0050s ]
SQL: SELECT * FROM `tp_product_cate` WHERE ( pid=0 )  [ RunTime:0.0000s ]
SQL: SHOW COLUMNS FROM `tp_product` [ RunTime:0.0080s ]
SQL: SELECT * FROM `tp_product` WHERE `cate` = 2 ORDER BY create_time desc LIMIT 0,3   [ RunTime:0.0000s ]
SQL: SELECT COUNT(*) AS tp_count FROM `tp_product` WHERE `cate` = 2 LIMIT 1   [ RunTime:0.0000s ]

[ 2017-06-02T14:36:03+08:00 ] 127.0.0.1 /qmss/index.php/Home/Product/index?cate=1&p=1
INFO: [ app_init ] --START--
INFO: Run Behavior\BuildLiteBehavior [ RunTime:0.000000s ]
INFO: [ app_init ] --END-- [ RunTime:0.001000s ]
INFO: [ app_begin ] --START--
INFO: Run Behavior\ReadHtmlCacheBehavior [ RunTime:0.001000s ]
INFO: [ app_begin ] --END-- [ RunTime:0.001000s ]
SQL: SHOW COLUMNS FROM `tp_product_cate` [ RunTime:0.0060s ]
SQL: SELECT * FROM `tp_product_cate` WHERE ( pid=0 )  [ RunTime:0.0000s ]
SQL: SHOW COLUMNS FROM `tp_product` [ RunTime:0.0070s ]
SQL: SELECT * FROM `tp_product` WHERE `cate` = 1 ORDER BY create_time desc LIMIT 0,3   [ RunTime:0.0010s ]
SQL: SELECT COUNT(*) AS tp_count FROM `tp_product` WHERE `cate` = 1 LIMIT 1   [ RunTime:0.0000s ]

[ 2017-06-02T14:36:04+08:00 ] 127.0.0.1 /qmss/index.php/Home/Product/index?cate=2&p=1
INFO: [ app_init ] --START--
INFO: Run Behavior\BuildLiteBehavior [ RunTime:0.000000s ]
INFO: [ app_init ] --END-- [ RunTime:0.000000s ]
INFO: [ app_begin ] --START--
INFO: Run Behavior\ReadHtmlCacheBehavior [ RunTime:0.000000s ]
INFO: [ app_begin ] --END-- [ RunTime:0.000000s ]
SQL: SHOW COLUMNS FROM `tp_product_cate` [ RunTime:0.0060s ]
SQL: SELECT * FROM `tp_product_cate` WHERE ( pid=0 )  [ RunTime:0.0010s ]
SQL: SHOW COLUMNS FROM `tp_product` [ RunTime:0.0070s ]
SQL: SELECT * FROM `tp_product` WHERE `cate` = 2 ORDER BY create_time desc LIMIT 0,3   [ RunTime:0.0000s ]
SQL: SELECT COUNT(*) AS tp_count FROM `tp_product` WHERE `cate` = 2 LIMIT 1   [ RunTime:0.0010s ]

[ 2017-06-02T14:36:07+08:00 ] 127.0.0.1 /qmss/index.php/Home/Product/index?cate=1&p=1
INFO: [ app_init ] --START--
INFO: Run Behavior\BuildLiteBehavior [ RunTime:0.000000s ]
INFO: [ app_init ] --END-- [ RunTime:0.001000s ]
INFO: [ app_begin ] --START--
INFO: Run Behavior\ReadHtmlCacheBehavior [ RunTime:0.001000s ]
INFO: [ app_begin ] --END-- [ RunTime:0.001000s ]
SQL: SHOW COLUMNS FROM `tp_product_cate` [ RunTime:0.0060s ]
SQL: SELECT * FROM `tp_product_cate` WHERE ( pid=0 )  [ RunTime:0.0010s ]
SQL: SHOW COLUMNS FROM `tp_product` [ RunTime:0.0080s ]
SQL: SELECT * FROM `tp_product` WHERE `cate` = 1 ORDER BY create_time desc LIMIT 0,3   [ RunTime:0.0010s ]
SQL: SELECT COUNT(*) AS tp_count FROM `tp_product` WHERE `cate` = 1 LIMIT 1   [ RunTime:0.0000s ]

[ 2017-06-02T14:36:07+08:00 ] 127.0.0.1 /qmss/index.php/Home/Product/index?cate=2&p=1
INFO: [ app_init ] --START--
INFO: Run Behavior\BuildLiteBehavior [ RunTime:0.000000s ]
INFO: [ app_init ] --END-- [ RunTime:0.000000s ]
INFO: [ app_begin ] --START--
INFO: Run Behavior\ReadHtmlCacheBehavior [ RunTime:0.000000s ]
INFO: [ app_begin ] --END-- [ RunTime:0.000000s ]
SQL: SHOW COLUMNS FROM `tp_product_cate` [ RunTime:0.0060s ]
SQL: SELECT * FROM `tp_product_cate` WHERE ( pid=0 )  [ RunTime:0.0000s ]
SQL: SHOW COLUMNS FROM `tp_product` [ RunTime:0.0060s ]
SQL: SELECT * FROM `tp_product` WHERE `cate` = 2 ORDER BY create_time desc LIMIT 0,3   [ RunTime:0.0000s ]
SQL: SELECT COUNT(*) AS tp_count FROM `tp_product` WHERE `cate` = 2 LIMIT 1   [ RunTime:0.0010s ]

[ 2017-06-02T14:36:08+08:00 ] 127.0.0.1 /qmss/index.php/Home/Product/index?cate=1&p=1
INFO: [ app_init ] --START--
INFO: Run Behavior\BuildLiteBehavior [ RunTime:0.000000s ]
INFO: [ app_init ] --END-- [ RunTime:0.000000s ]
INFO: [ app_begin ] --START--
INFO: Run Behavior\ReadHtmlCacheBehavior [ RunTime:0.001000s ]
INFO: [ app_begin ] --END-- [ RunTime:0.001000s ]
SQL: SHOW COLUMNS FROM `tp_product_cate` [ RunTime:0.0060s ]
SQL: SELECT * FROM `tp_product_cate` WHERE ( pid=0 )  [ RunTime:0.0000s ]
SQL: SHOW COLUMNS FROM `tp_product` [ RunTime:0.0070s ]
SQL: SELECT * FROM `tp_product` WHERE `cate` = 1 ORDER BY create_time desc LIMIT 0,3   [ RunTime:0.0010s ]
SQL: SELECT COUNT(*) AS tp_count FROM `tp_product` WHERE `cate` = 1 LIMIT 1   [ RunTime:0.0000s ]

[ 2017-06-02T14:36:08+08:00 ] 127.0.0.1 /qmss/index.php/Home/Product/index?cate=2&p=1
INFO: [ app_init ] --START--
INFO: Run Behavior\BuildLiteBehavior [ RunTime:0.000000s ]
INFO: [ app_init ] --END-- [ RunTime:0.001000s ]
INFO: [ app_begin ] --START--
INFO: Run Behavior\ReadHtmlCacheBehavior [ RunTime:0.001000s ]
INFO: [ app_begin ] --END-- [ RunTime:0.001000s ]
SQL: SHOW COLUMNS FROM `tp_product_cate` [ RunTime:0.0070s ]
SQL: SELECT * FROM `tp_product_cate` WHERE ( pid=0 )  [ RunTime:0.0010s ]
SQL: SHOW COLUMNS FROM `tp_product` [ RunTime:0.0080s ]
SQL: SELECT * FROM `tp_product` WHERE `cate` = 2 ORDER BY create_time desc LIMIT 0,3   [ RunTime:0.0000s ]
SQL: SELECT COUNT(*) AS tp_count FROM `tp_product` WHERE `cate` = 2 LIMIT 1   [ RunTime:0.0010s ]

[ 2017-06-02T14:36:09+08:00 ] 127.0.0.1 /qmss/index.php/Home/Product/index?cate=1&p=1
INFO: [ app_init ] --START--
INFO: Run Behavior\BuildLiteBehavior [ RunTime:0.000000s ]
INFO: [ app_init ] --END-- [ RunTime:0.000000s ]
INFO: [ app_begin ] --START--
INFO: Run Behavior\ReadHtmlCacheBehavior [ RunTime:0.001000s ]
INFO: [ app_begin ] --END-- [ RunTime:0.001000s ]
SQL: SHOW COLUMNS FROM `tp_product_cate` [ RunTime:0.0080s ]
SQL: SELECT * FROM `tp_product_cate` WHERE ( pid=0 )  [ RunTime:0.0000s ]
SQL: SHOW COLUMNS FROM `tp_product` [ RunTime:0.0060s ]
SQL: SELECT * FROM `tp_product` WHERE `cate` = 1 ORDER BY create_time desc LIMIT 0,3   [ RunTime:0.0000s ]
SQL: SELECT COUNT(*) AS tp_count FROM `tp_product` WHERE `cate` = 1 LIMIT 1   [ RunTime:0.0010s ]

[ 2017-06-02T14:36:09+08:00 ] 127.0.0.1 /qmss/index.php/Home/Product/index?cate=2&p=1
INFO: [ app_init ] --START--
INFO: Run Behavior\BuildLiteBehavior [ RunTime:0.000000s ]
INFO: [ app_init ] --END-- [ RunTime:0.000000s ]
INFO: [ app_begin ] --START--
INFO: Run Behavior\ReadHtmlCacheBehavior [ RunTime:0.000000s ]
INFO: [ app_begin ] --END-- [ RunTime:0.000000s ]
SQL: SHOW COLUMNS FROM `tp_product_cate` [ RunTime:0.0060s ]
SQL: SELECT * FROM `tp_product_cate` WHERE ( pid=0 )  [ RunTime:0.0000s ]
SQL: SHOW COLUMNS FROM `tp_product` [ RunTime:0.0060s ]
SQL: SELECT * FROM `tp_product` WHERE `cate` = 2 ORDER BY create_time desc LIMIT 0,3   [ RunTime:0.0000s ]
SQL: SELECT COUNT(*) AS tp_count FROM `tp_product` WHERE `cate` = 2 LIMIT 1   [ RunTime:0.0000s ]

[ 2017-06-02T14:36:10+08:00 ] 127.0.0.1 /qmss/index.php/Home/Product/index?cate=1&p=1
INFO: [ app_init ] --START--
INFO: Run Behavior\BuildLiteBehavior [ RunTime:0.000000s ]
INFO: [ app_init ] --END-- [ RunTime:0.001000s ]
INFO: [ app_begin ] --START--
INFO: Run Behavior\ReadHtmlCacheBehavior [ RunTime:0.001000s ]
INFO: [ app_begin ] --END-- [ RunTime:0.001000s ]
SQL: SHOW COLUMNS FROM `tp_product_cate` [ RunTime:0.0060s ]
SQL: SELECT * FROM `tp_product_cate` WHERE ( pid=0 )  [ RunTime:0.0010s ]
SQL: SHOW COLUMNS FROM `tp_product` [ RunTime:0.0060s ]
SQL: SELECT * FROM `tp_product` WHERE `cate` = 1 ORDER BY create_time desc LIMIT 0,3   [ RunTime:0.0000s ]
SQL: SELECT COUNT(*) AS tp_count FROM `tp_product` WHERE `cate` = 1 LIMIT 1   [ RunTime:0.0010s ]

[ 2017-06-02T14:36:11+08:00 ] 127.0.0.1 /qmss/index.php/Home/Product/index?cate=2&p=1
INFO: [ app_init ] --START--
INFO: Run Behavior\BuildLiteBehavior [ RunTime:0.000000s ]
INFO: [ app_init ] --END-- [ RunTime:0.000000s ]
INFO: [ app_begin ] --START--
INFO: Run Behavior\ReadHtmlCacheBehavior [ RunTime:0.001000s ]
INFO: [ app_begin ] --END-- [ RunTime:0.001000s ]
SQL: SHOW COLUMNS FROM `tp_product_cate` [ RunTime:0.0060s ]
SQL: SELECT * FROM `tp_product_cate` WHERE ( pid=0 )  [ RunTime:0.0010s ]
SQL: SHOW COLUMNS FROM `tp_product` [ RunTime:0.0070s ]
SQL: SELECT * FROM `tp_product` WHERE `cate` = 2 ORDER BY create_time desc LIMIT 0,3   [ RunTime:0.0000s ]
SQL: SELECT COUNT(*) AS tp_count FROM `tp_product` WHERE `cate` = 2 LIMIT 1   [ RunTime:0.0010s ]

[ 2017-06-02T14:36:12+08:00 ] 127.0.0.1 /qmss/index.php/Home/Product/index?cate=1&p=1
INFO: [ app_init ] --START--
INFO: Run Behavior\BuildLiteBehavior [ RunTime:0.000000s ]
INFO: [ app_init ] --END-- [ RunTime:0.000000s ]
INFO: [ app_begin ] --START--
INFO: Run Behavior\ReadHtmlCacheBehavior [ RunTime:0.001000s ]
INFO: [ app_begin ] --END-- [ RunTime:0.001000s ]
SQL: SHOW COLUMNS FROM `tp_product_cate` [ RunTime:0.0060s ]
SQL: SELECT * FROM `tp_product_cate` WHERE ( pid=0 )  [ RunTime:0.0010s ]
SQL: SHOW COLUMNS FROM `tp_product` [ RunTime:0.0060s ]
SQL: SELECT * FROM `tp_product` WHERE `cate` = 1 ORDER BY create_time desc LIMIT 0,3   [ RunTime:0.0010s ]
SQL: SELECT COUNT(*) AS tp_count FROM `tp_product` WHERE `cate` = 1 LIMIT 1   [ RunTime:0.0000s ]

[ 2017-06-02T14:36:13+08:00 ] 127.0.0.1 /qmss/index.php/Home/Product/index?cate=2&p=1
INFO: [ app_init ] --START--
INFO: Run Behavior\BuildLiteBehavior [ RunTime:0.000000s ]
INFO: [ app_init ] --END-- [ RunTime:0.000000s ]
INFO: [ app_begin ] --START--
INFO: Run Behavior\ReadHtmlCacheBehavior [ RunTime:0.000000s ]
INFO: [ app_begin ] --END-- [ RunTime:0.001000s ]
SQL: SHOW COLUMNS FROM `tp_product_cate` [ RunTime:0.0060s ]
SQL: SELECT * FROM `tp_product_cate` WHERE ( pid=0 )  [ RunTime:0.0000s ]
SQL: SHOW COLUMNS FROM `tp_product` [ RunTime:0.0060s ]
SQL: SELECT * FROM `tp_product` WHERE `cate` = 2 ORDER BY create_time desc LIMIT 0,3   [ RunTime:0.0010s ]
SQL: SELECT COUNT(*) AS tp_count FROM `tp_product` WHERE `cate` = 2 LIMIT 1   [ RunTime:0.0000s ]

[ 2017-06-02T14:36:14+08:00 ] 127.0.0.1 /qmss/index.php/Home/Product/index?cate=1&p=1
INFO: [ app_init ] --START--
INFO: Run Behavior\BuildLiteBehavior [ RunTime:0.000000s ]
INFO: [ app_init ] --END-- [ RunTime:0.000000s ]
INFO: [ app_begin ] --START--
INFO: Run Behavior\ReadHtmlCacheBehavior [ RunTime:0.000000s ]
INFO: [ app_begin ] --END-- [ RunTime:0.001000s ]
SQL: SHOW COLUMNS FROM `tp_product_cate` [ RunTime:0.0080s ]
SQL: SELECT * FROM `tp_product_cate` WHERE ( pid=0 )  [ RunTime:0.0010s ]
SQL: SHOW COLUMNS FROM `tp_product` [ RunTime:0.0070s ]
SQL: SELECT * FROM `tp_product` WHERE `cate` = 1 ORDER BY create_time desc LIMIT 0,3   [ RunTime:0.0000s ]
SQL: SELECT COUNT(*) AS tp_count FROM `tp_product` WHERE `cate` = 1 LIMIT 1   [ RunTime:0.0010s ]

[ 2017-06-02T14:36:15+08:00 ] 127.0.0.1 /qmss/index.php/Home/Product/index?cate=2&p=1
INFO: [ app_init ] --START--
INFO: Run Behavior\BuildLiteBehavior [ RunTime:0.000000s ]
INFO: [ app_init ] --END-- [ RunTime:0.000000s ]
INFO: [ app_begin ] --START--
INFO: Run Behavior\ReadHtmlCacheBehavior [ RunTime:0.001000s ]
INFO: [ app_begin ] --END-- [ RunTime:0.001000s ]
SQL: SHOW COLUMNS FROM `tp_product_cate` [ RunTime:0.0060s ]
SQL: SELECT * FROM `tp_product_cate` WHERE ( pid=0 )  [ RunTime:0.0010s ]
SQL: SHOW COLUMNS FROM `tp_product` [ RunTime:0.0070s ]
SQL: SELECT * FROM `tp_product` WHERE `cate` = 2 ORDER BY create_time desc LIMIT 0,3   [ RunTime:0.0010s ]
SQL: SELECT COUNT(*) AS tp_count FROM `tp_product` WHERE `cate` = 2 LIMIT 1   [ RunTime:0.0000s ]

[ 2017-06-02T14:36:16+08:00 ] 127.0.0.1 /qmss/index.php/Home/Product/index?cate=1&p=1
INFO: [ app_init ] --START--
INFO: Run Behavior\BuildLiteBehavior [ RunTime:0.000000s ]
INFO: [ app_init ] --END-- [ RunTime:0.000000s ]
INFO: [ app_begin ] --START--
INFO: Run Behavior\ReadHtmlCacheBehavior [ RunTime:0.001000s ]
INFO: [ app_begin ] --END-- [ RunTime:0.001000s ]
SQL: SHOW COLUMNS FROM `tp_product_cate` [ RunTime:0.0060s ]
SQL: SELECT * FROM `tp_product_cate` WHERE ( pid=0 )  [ RunTime:0.0000s ]
SQL: SHOW COLUMNS FROM `tp_product` [ RunTime:0.0070s ]
SQL: SELECT * FROM `tp_product` WHERE `cate` = 1 ORDER BY create_time desc LIMIT 0,3   [ RunTime:0.0010s ]
SQL: SELECT COUNT(*) AS tp_count FROM `tp_product` WHERE `cate` = 1 LIMIT 1   [ RunTime:0.0000s ]

[ 2017-06-02T14:36:16+08:00 ] 127.0.0.1 /qmss/index.php/Home/Product/index?cate=2&p=1
INFO: [ app_init ] --START--
INFO: Run Behavior\BuildLiteBehavior [ RunTime:0.000000s ]
INFO: [ app_init ] --END-- [ RunTime:0.000000s ]
INFO: [ app_begin ] --START--
INFO: Run Behavior\ReadHtmlCacheBehavior [ RunTime:0.001000s ]
INFO: [ app_begin ] --END-- [ RunTime:0.001000s ]
SQL: SHOW COLUMNS FROM `tp_product_cate` [ RunTime:0.0060s ]
SQL: SELECT * FROM `tp_product_cate` WHERE ( pid=0 )  [ RunTime:0.0000s ]
SQL: SHOW COLUMNS FROM `tp_product` [ RunTime:0.0060s ]
SQL: SELECT * FROM `tp_product` WHERE `cate` = 2 ORDER BY create_time desc LIMIT 0,3   [ RunTime:0.0000s ]
SQL: SELECT COUNT(*) AS tp_count FROM `tp_product` WHERE `cate` = 2 LIMIT 1   [ RunTime:0.0000s ]

[ 2017-06-02T14:36:16+08:00 ] 127.0.0.1 /qmss/index.php/Home/Product/index?cate=1&p=1
INFO: [ app_init ] --START--
INFO: Run Behavior\BuildLiteBehavior [ RunTime:0.000000s ]
INFO: [ app_init ] --END-- [ RunTime:0.001000s ]
INFO: [ app_begin ] --START--
INFO: Run Behavior\ReadHtmlCacheBehavior [ RunTime:0.001000s ]
INFO: [ app_begin ] --END-- [ RunTime:0.001000s ]
SQL: SHOW COLUMNS FROM `tp_product_cate` [ RunTime:0.0070s ]
SQL: SELECT * FROM `tp_product_cate` WHERE ( pid=0 )  [ RunTime:0.0010s ]
SQL: SHOW COLUMNS FROM `tp_product` [ RunTime:0.0060s ]
SQL: SELECT * FROM `tp_product` WHERE `cate` = 1 ORDER BY create_time desc LIMIT 0,3   [ RunTime:0.0000s ]
SQL: SELECT COUNT(*) AS tp_count FROM `tp_product` WHERE `cate` = 1 LIMIT 1   [ RunTime:0.0000s ]

[ 2017-06-02T14:36:17+08:00 ] 127.0.0.1 /qmss/index.php/Home/Product/index?cate=2&p=1
INFO: [ app_init ] --START--
INFO: Run Behavior\BuildLiteBehavior [ RunTime:0.000000s ]
INFO: [ app_init ] --END-- [ RunTime:0.001000s ]
INFO: [ app_begin ] --START--
INFO: Run Behavior\ReadHtmlCacheBehavior [ RunTime:0.001001s ]
INFO: [ app_begin ] --END-- [ RunTime:0.001001s ]
SQL: SHOW COLUMNS FROM `tp_product_cate` [ RunTime:0.0070s ]
SQL: SELECT * FROM `tp_product_cate` WHERE ( pid=0 )  [ RunTime:0.0000s ]
SQL: SHOW COLUMNS FROM `tp_product` [ RunTime:0.0060s ]
SQL: SELECT * FROM `tp_product` WHERE `cate` = 2 ORDER BY create_time desc LIMIT 0,3   [ RunTime:0.0000s ]
SQL: SELECT COUNT(*) AS tp_count FROM `tp_product` WHERE `cate` = 2 LIMIT 1   [ RunTime:0.0000s ]

[ 2017-06-02T14:36:18+08:00 ] 127.0.0.1 /qmss/index.php/Home/Product/index?cate=1&p=1
INFO: [ app_init ] --START--
INFO: Run Behavior\BuildLiteBehavior [ RunTime:0.000000s ]
INFO: [ app_init ] --END-- [ RunTime:0.000000s ]
INFO: [ app_begin ] --START--
INFO: Run Behavior\ReadHtmlCacheBehavior [ RunTime:0.001000s ]
INFO: [ app_begin ] --END-- [ RunTime:0.001000s ]
SQL: SHOW COLUMNS FROM `tp_product_cate` [ RunTime:0.0060s ]
SQL: SELECT * FROM `tp_product_cate` WHERE ( pid=0 )  [ RunTime:0.0000s ]
SQL: SHOW COLUMNS FROM `tp_product` [ RunTime:0.0070s ]
SQL: SELECT * FROM `tp_product` WHERE `cate` = 1 ORDER BY create_time desc LIMIT 0,3   [ RunTime:0.0010s ]
SQL: SELECT COUNT(*) AS tp_count FROM `tp_product` WHERE `cate` = 1 LIMIT 1   [ RunTime:0.0010s ]

[ 2017-06-02T14:36:18+08:00 ] 127.0.0.1 /qmss/index.php/Home/Product/index?cate=2&p=1
INFO: [ app_init ] --START--
INFO: Run Behavior\BuildLiteBehavior [ RunTime:0.000000s ]
INFO: [ app_init ] --END-- [ RunTime:0.000000s ]
INFO: [ app_begin ] --START--
INFO: Run Behavior\ReadHtmlCacheBehavior [ RunTime:0.000000s ]
INFO: [ app_begin ] --END-- [ RunTime:0.000000s ]
SQL: SHOW COLUMNS FROM `tp_product_cate` [ RunTime:0.0060s ]
SQL: SELECT * FROM `tp_product_cate` WHERE ( pid=0 )  [ RunTime:0.0010s ]
SQL: SHOW COLUMNS FROM `tp_product` [ RunTime:0.0060s ]
SQL: SELECT * FROM `tp_product` WHERE `cate` = 2 ORDER BY create_time desc LIMIT 0,3   [ RunTime:0.0000s ]
SQL: SELECT COUNT(*) AS tp_count FROM `tp_product` WHERE `cate` = 2 LIMIT 1   [ RunTime:0.0000s ]

[ 2017-06-02T14:36:19+08:00 ] 127.0.0.1 /qmss/index.php/Home/Product/index?cate=1&p=1
INFO: [ app_init ] --START--
INFO: Run Behavior\BuildLiteBehavior [ RunTime:0.000000s ]
INFO: [ app_init ] --END-- [ RunTime:0.001000s ]
INFO: [ app_begin ] --START--
INFO: Run Behavior\ReadHtmlCacheBehavior [ RunTime:0.001000s ]
INFO: [ app_begin ] --END-- [ RunTime:0.001000s ]
SQL: SHOW COLUMNS FROM `tp_product_cate` [ RunTime:0.0090s ]
SQL: SELECT * FROM `tp_product_cate` WHERE ( pid=0 )  [ RunTime:0.0010s ]
SQL: SHOW COLUMNS FROM `tp_product` [ RunTime:0.0060s ]
SQL: SELECT * FROM `tp_product` WHERE `cate` = 1 ORDER BY create_time desc LIMIT 0,3   [ RunTime:0.0000s ]
SQL: SELECT COUNT(*) AS tp_count FROM `tp_product` WHERE `cate` = 1 LIMIT 1   [ RunTime:0.0010s ]

[ 2017-06-02T14:36:19+08:00 ] 127.0.0.1 /qmss/index.php/Home/Product/index?cate=2&p=1
INFO: [ app_init ] --START--
INFO: Run Behavior\BuildLiteBehavior [ RunTime:0.000000s ]
INFO: [ app_init ] --END-- [ RunTime:0.001000s ]
INFO: [ app_begin ] --START--
INFO: Run Behavior\ReadHtmlCacheBehavior [ RunTime:0.001000s ]
INFO: [ app_begin ] --END-- [ RunTime:0.001000s ]
SQL: SHOW COLUMNS FROM `tp_product_cate` [ RunTime:0.0070s ]
SQL: SELECT * FROM `tp_product_cate` WHERE ( pid=0 )  [ RunTime:0.0000s ]
SQL: SHOW COLUMNS FROM `tp_product` [ RunTime:0.0060s ]
SQL: SELECT * FROM `tp_product` WHERE `cate` = 2 ORDER BY create_time desc LIMIT 0,3   [ RunTime:0.0000s ]
SQL: SELECT COUNT(*) AS tp_count FROM `tp_product` WHERE `cate` = 2 LIMIT 1   [ RunTime:0.0000s ]

[ 2017-06-02T14:36:20+08:00 ] 127.0.0.1 /qmss/index.php/Home/Product/index?cate=1&p=1
INFO: [ app_init ] --START--
INFO: Run Behavior\BuildLiteBehavior [ RunTime:0.000000s ]
INFO: [ app_init ] --END-- [ RunTime:0.000000s ]
INFO: [ app_begin ] --START--
INFO: Run Behavior\ReadHtmlCacheBehavior [ RunTime:0.001000s ]
INFO: [ app_begin ] --END-- [ RunTime:0.001000s ]
SQL: SHOW COLUMNS FROM `tp_product_cate` [ RunTime:0.0060s ]
SQL: SELECT * FROM `tp_product_cate` WHERE ( pid=0 )  [ RunTime:0.0010s ]
SQL: SHOW COLUMNS FROM `tp_product` [ RunTime:0.0060s ]
SQL: SELECT * FROM `tp_product` WHERE `cate` = 1 ORDER BY create_time desc LIMIT 0,3   [ RunTime:0.0010s ]
SQL: SELECT COUNT(*) AS tp_count FROM `tp_product` WHERE `cate` = 1 LIMIT 1   [ RunTime:0.0000s ]

[ 2017-06-02T14:36:20+08:00 ] 127.0.0.1 /qmss/index.php/Home/Product/index?cate=2&p=1
INFO: [ app_init ] --START--
INFO: Run Behavior\BuildLiteBehavior [ RunTime:0.000000s ]
INFO: [ app_init ] --END-- [ RunTime:0.000000s ]
INFO: [ app_begin ] --START--
INFO: Run Behavior\ReadHtmlCacheBehavior [ RunTime:0.000000s ]
INFO: [ app_begin ] --END-- [ RunTime:0.000000s ]
SQL: SHOW COLUMNS FROM `tp_product_cate` [ RunTime:0.0080s ]
SQL: SELECT * FROM `tp_product_cate` WHERE ( pid=0 )  [ RunTime:0.0000s ]
SQL: SHOW COLUMNS FROM `tp_product` [ RunTime:0.0070s ]
SQL: SELECT * FROM `tp_product` WHERE `cate` = 2 ORDER BY create_time desc LIMIT 0,3   [ RunTime:0.0000s ]
SQL: SELECT COUNT(*) AS tp_count FROM `tp_product` WHERE `cate` = 2 LIMIT 1   [ RunTime:0.0010s ]

[ 2017-06-02T14:36:20+08:00 ] 127.0.0.1 /qmss/index.php/Home/Product/index?cate=1&p=1
INFO: [ app_init ] --START--
INFO: Run Behavior\BuildLiteBehavior [ RunTime:0.000000s ]
INFO: [ app_init ] --END-- [ RunTime:0.000000s ]
INFO: [ app_begin ] --START--
INFO: Run Behavior\ReadHtmlCacheBehavior [ RunTime:0.001000s ]
INFO: [ app_begin ] --END-- [ RunTime:0.001000s ]
SQL: SHOW COLUMNS FROM `tp_product_cate` [ RunTime:0.0060s ]
SQL: SELECT * FROM `tp_product_cate` WHERE ( pid=0 )  [ RunTime:0.0010s ]
SQL: SHOW COLUMNS FROM `tp_product` [ RunTime:0.0060s ]
SQL: SELECT * FROM `tp_product` WHERE `cate` = 1 ORDER BY create_time desc LIMIT 0,3   [ RunTime:0.0000s ]
SQL: SELECT COUNT(*) AS tp_count FROM `tp_product` WHERE `cate` = 1 LIMIT 1   [ RunTime:0.0000s ]

[ 2017-06-02T14:36:21+08:00 ] 127.0.0.1 /qmss/index.php/Home/Product/index?cate=2&p=1
INFO: [ app_init ] --START--
INFO: Run Behavior\BuildLiteBehavior [ RunTime:0.000000s ]
INFO: [ app_init ] --END-- [ RunTime:0.001000s ]
INFO: [ app_begin ] --START--
INFO: Run Behavior\ReadHtmlCacheBehavior [ RunTime:0.001000s ]
INFO: [ app_begin ] --END-- [ RunTime:0.001000s ]
SQL: SHOW COLUMNS FROM `tp_product_cate` [ RunTime:0.0070s ]
SQL: SELECT * FROM `tp_product_cate` WHERE ( pid=0 )  [ RunTime:0.0000s ]
SQL: SHOW COLUMNS FROM `tp_product` [ RunTime:0.0060s ]
SQL: SELECT * FROM `tp_product` WHERE `cate` = 2 ORDER BY create_time desc LIMIT 0,3   [ RunTime:0.0010s ]
SQL: SELECT COUNT(*) AS tp_count FROM `tp_product` WHERE `cate` = 2 LIMIT 1   [ RunTime:0.0000s ]

[ 2017-06-02T14:36:21+08:00 ] 127.0.0.1 /qmss/index.php/Home/Product/index?cate=1&p=1
INFO: [ app_init ] --START--
INFO: Run Behavior\BuildLiteBehavior [ RunTime:0.001000s ]
INFO: [ app_init ] --END-- [ RunTime:0.001000s ]
INFO: [ app_begin ] --START--
INFO: Run Behavior\ReadHtmlCacheBehavior [ RunTime:0.001000s ]
INFO: [ app_begin ] --END-- [ RunTime:0.001000s ]
SQL: SHOW COLUMNS FROM `tp_product_cate` [ RunTime:0.0060s ]
SQL: SELECT * FROM `tp_product_cate` WHERE ( pid=0 )  [ RunTime:0.0000s ]
SQL: SHOW COLUMNS FROM `tp_product` [ RunTime:0.0070s ]
SQL: SELECT * FROM `tp_product` WHERE `cate` = 1 ORDER BY create_time desc LIMIT 0,3   [ RunTime:0.0000s ]
SQL: SELECT COUNT(*) AS tp_count FROM `tp_product` WHERE `cate` = 1 LIMIT 1   [ RunTime:0.0000s ]

[ 2017-06-02T14:36:21+08:00 ] 127.0.0.1 /qmss/index.php/Home/Product/index?cate=2&p=1
INFO: [ app_init ] --START--
INFO: Run Behavior\BuildLiteBehavior [ RunTime:0.000000s ]
INFO: [ app_init ] --END-- [ RunTime:0.000000s ]
INFO: [ app_begin ] --START--
INFO: Run Behavior\ReadHtmlCacheBehavior [ RunTime:0.001000s ]
INFO: [ app_begin ] --END-- [ RunTime:0.001000s ]
SQL: SHOW COLUMNS FROM `tp_product_cate` [ RunTime:0.0060s ]
SQL: SELECT * FROM `tp_product_cate` WHERE ( pid=0 )  [ RunTime:0.0000s ]
SQL: SHOW COLUMNS FROM `tp_product` [ RunTime:0.0090s ]
SQL: SELECT * FROM `tp_product` WHERE `cate` = 2 ORDER BY create_time desc LIMIT 0,3   [ RunTime:0.0010s ]
SQL: SELECT COUNT(*) AS tp_count FROM `tp_product` WHERE `cate` = 2 LIMIT 1   [ RunTime:0.0000s ]
INFO: [ view_parse ] --START--
INFO: [ template_filter ] --START--
INFO: Run Behavior\ContentReplaceBehavior [ RunTime:0.000000s ]
INFO: [ template_filter ] --END-- [ RunTime:0.000000s ]
INFO: Run Behavior\ParseTemplateBehavior [ RunTime:0.010000s ]
INFO: [ view_parse ] --END-- [ RunTime:0.011001s ]
INFO: [ view_filter ] --START--
INFO: Run Behavior\WriteHtmlCacheBehavior [ RunTime:0.000000s ]
INFO: [ view_filter ] --END-- [ RunTime:0.000000s ]
INFO: [ app_end ] --START--
INFO: Run Behavior\ShowPageTraceBehavior [ RunTime:0.001000s ]
INFO: [ app_end ] --END-- [ RunTime:0.002000s ]

[ 2017-06-02T14:36:22+08:00 ] 127.0.0.1 /qmss/index.php/Home/Product/index?cate=1&p=1
INFO: [ app_init ] --START--
INFO: Run Behavior\BuildLiteBehavior [ RunTime:0.000000s ]
INFO: [ app_init ] --END-- [ RunTime:0.000000s ]
INFO: [ app_begin ] --START--
INFO: Run Behavior\ReadHtmlCacheBehavior [ RunTime:0.001000s ]
INFO: [ app_begin ] --END-- [ RunTime:0.001000s ]
SQL: SHOW COLUMNS FROM `tp_product_cate` [ RunTime:0.0080s ]
SQL: SELECT * FROM `tp_product_cate` WHERE ( pid=0 )  [ RunTime:0.0000s ]
SQL: SHOW COLUMNS FROM `tp_product` [ RunTime:0.0090s ]
SQL: SELECT * FROM `tp_product` WHERE `cate` = 1 ORDER BY create_time desc LIMIT 0,3   [ RunTime:0.0010s ]
SQL: SELECT COUNT(*) AS tp_count FROM `tp_product` WHERE `cate` = 1 LIMIT 1   [ RunTime:0.0000s ]

[ 2017-06-02T14:36:22+08:00 ] 127.0.0.1 /qmss/index.php/Home/Product/index?cate=2&p=1
INFO: [ app_init ] --START--
INFO: Run Behavior\BuildLiteBehavior [ RunTime:0.000000s ]
INFO: [ app_init ] --END-- [ RunTime:0.000000s ]
INFO: [ app_begin ] --START--
INFO: Run Behavior\ReadHtmlCacheBehavior [ RunTime:0.000000s ]
INFO: [ app_begin ] --END-- [ RunTime:0.001000s ]
SQL: SHOW COLUMNS FROM `tp_product_cate` [ RunTime:0.0070s ]
SQL: SELECT * FROM `tp_product_cate` WHERE ( pid=0 )  [ RunTime:0.0010s ]
SQL: SHOW COLUMNS FROM `tp_product` [ RunTime:0.0060s ]
SQL: SELECT * FROM `tp_product` WHERE `cate` = 2 ORDER BY create_time desc LIMIT 0,3   [ RunTime:0.0010s ]
SQL: SELECT COUNT(*) AS tp_count FROM `tp_product` WHERE `cate` = 2 LIMIT 1   [ RunTime:0.0000s ]

[ 2017-06-02T14:36:27+08:00 ] 127.0.0.1 /qmss/index.php/Home/Product/index?cate=1&p=1
INFO: [ app_init ] --START--
INFO: Run Behavior\BuildLiteBehavior [ RunTime:0.000000s ]
INFO: [ app_init ] --END-- [ RunTime:0.001000s ]
INFO: [ app_begin ] --START--
INFO: Run Behavior\ReadHtmlCacheBehavior [ RunTime:0.000000s ]
INFO: [ app_begin ] --END-- [ RunTime:0.001000s ]
SQL: SHOW COLUMNS FROM `tp_product_cate` [ RunTime:0.0060s ]
SQL: SELECT * FROM `tp_product_cate` WHERE ( pid=0 )  [ RunTime:0.0000s ]
SQL: SHOW COLUMNS FROM `tp_product` [ RunTime:0.0060s ]
SQL: SELECT * FROM `tp_product` WHERE `cate` = 1 ORDER BY create_time desc LIMIT 0,3   [ RunTime:0.0010s ]
SQL: SELECT COUNT(*) AS tp_count FROM `tp_product` WHERE `cate` = 1 LIMIT 1   [ RunTime:0.0000s ]

[ 2017-06-02T14:36:31+08:00 ] 127.0.0.1 /qmss/index.php/Home/Product/index/cate/1/p/2.html
INFO: [ app_init ] --START--
INFO: Run Behavior\BuildLiteBehavior [ RunTime:0.000000s ]
INFO: [ app_init ] --END-- [ RunTime:0.000000s ]
INFO: [ app_begin ] --START--
INFO: Run Behavior\ReadHtmlCacheBehavior [ RunTime:0.001000s ]
INFO: [ app_begin ] --END-- [ RunTime:0.001000s ]
SQL: SHOW COLUMNS FROM `tp_product_cate` [ RunTime:0.0090s ]
SQL: SELECT * FROM `tp_product_cate` WHERE ( pid=0 )  [ RunTime:0.0000s ]
SQL: SHOW COLUMNS FROM `tp_product` [ RunTime:0.0070s ]
SQL: SELECT * FROM `tp_product` WHERE `cate` = 1 ORDER BY create_time desc LIMIT 3,3   [ RunTime:0.0010s ]
SQL: SELECT COUNT(*) AS tp_count FROM `tp_product` WHERE `cate` = 1 LIMIT 1   [ RunTime:0.0000s ]

[ 2017-06-02T14:36:32+08:00 ] 127.0.0.1 /qmss/index.php/Home/Product/index?cate=2&p=1
INFO: [ app_init ] --START--
INFO: Run Behavior\BuildLiteBehavior [ RunTime:0.000000s ]
INFO: [ app_init ] --END-- [ RunTime:0.001000s ]
INFO: [ app_begin ] --START--
INFO: Run Behavior\ReadHtmlCacheBehavior [ RunTime:0.001000s ]
INFO: [ app_begin ] --END-- [ RunTime:0.001000s ]
SQL: SHOW COLUMNS FROM `tp_product_cate` [ RunTime:0.0060s ]
SQL: SELECT * FROM `tp_product_cate` WHERE ( pid=0 )  [ RunTime:0.0000s ]
SQL: SHOW COLUMNS FROM `tp_product` [ RunTime:0.0070s ]
SQL: SELECT * FROM `tp_product` WHERE `cate` = 2 ORDER BY create_time desc LIMIT 0,3   [ RunTime:0.0000s ]
SQL: SELECT COUNT(*) AS tp_count FROM `tp_product` WHERE `cate` = 2 LIMIT 1   [ RunTime:0.0010s ]

[ 2017-06-02T14:36:34+08:00 ] 127.0.0.1 /qmss/index.php/Home/Product/index/cate/2/p/2.html
INFO: [ app_init ] --START--
INFO: Run Behavior\BuildLiteBehavior [ RunTime:0.000000s ]
INFO: [ app_init ] --END-- [ RunTime:0.000000s ]
INFO: [ app_begin ] --START--
INFO: Run Behavior\ReadHtmlCacheBehavior [ RunTime:0.000000s ]
INFO: [ app_begin ] --END-- [ RunTime:0.000000s ]
SQL: SHOW COLUMNS FROM `tp_product_cate` [ RunTime:0.0060s ]
SQL: SELECT * FROM `tp_product_cate` WHERE ( pid=0 )  [ RunTime:0.0000s ]
SQL: SHOW COLUMNS FROM `tp_product` [ RunTime:0.0060s ]
SQL: SELECT * FROM `tp_product` WHERE `cate` = 2 ORDER BY create_time desc LIMIT 3,3   [ RunTime:0.0010s ]
SQL: SELECT COUNT(*) AS tp_count FROM `tp_product` WHERE `cate` = 2 LIMIT 1   [ RunTime:0.0000s ]

[ 2017-06-02T14:36:36+08:00 ] 127.0.0.1 /qmss/index.php/Home/Product/index/cate/2/p/1.html
INFO: [ app_init ] --START--
INFO: Run Behavior\BuildLiteBehavior [ RunTime:0.000000s ]
INFO: [ app_init ] --END-- [ RunTime:0.000000s ]
INFO: [ app_begin ] --START--
INFO: Run Behavior\ReadHtmlCacheBehavior [ RunTime:0.000000s ]
INFO: [ app_begin ] --END-- [ RunTime:0.000000s ]
SQL: SHOW COLUMNS FROM `tp_product_cate` [ RunTime:0.0060s ]
SQL: SELECT * FROM `tp_product_cate` WHERE ( pid=0 )  [ RunTime:0.0010s ]
SQL: SHOW COLUMNS FROM `tp_product` [ RunTime:0.0060s ]
SQL: SELECT * FROM `tp_product` WHERE `cate` = 2 ORDER BY create_time desc LIMIT 0,3   [ RunTime:0.0000s ]
SQL: SELECT COUNT(*) AS tp_count FROM `tp_product` WHERE `cate` = 2 LIMIT 1   [ RunTime:0.0010s ]

[ 2017-06-02T14:36:40+08:00 ] 127.0.0.1 /qmss/index.php/Home/Product/index?cate=1&p=1
INFO: [ app_init ] --START--
INFO: Run Behavior\BuildLiteBehavior [ RunTime:0.000000s ]
INFO: [ app_init ] --END-- [ RunTime:0.001000s ]
INFO: [ app_begin ] --START--
INFO: Run Behavior\ReadHtmlCacheBehavior [ RunTime:0.000000s ]
INFO: [ app_begin ] --END-- [ RunTime:0.001000s ]
SQL: SHOW COLUMNS FROM `tp_product_cate` [ RunTime:0.0070s ]
SQL: SELECT * FROM `tp_product_cate` WHERE ( pid=0 )  [ RunTime:0.0000s ]
SQL: SHOW COLUMNS FROM `tp_product` [ RunTime:0.0060s ]
SQL: SELECT * FROM `tp_product` WHERE `cate` = 1 ORDER BY create_time desc LIMIT 0,3   [ RunTime:0.0010s ]
SQL: SELECT COUNT(*) AS tp_count FROM `tp_product` WHERE `cate` = 1 LIMIT 1   [ RunTime:0.0000s ]

[ 2017-06-02T14:36:41+08:00 ] 127.0.0.1 /qmss/index.php/Home/Product/index?cate=2&p=1
INFO: [ app_init ] --START--
INFO: Run Behavior\BuildLiteBehavior [ RunTime:0.000000s ]
INFO: [ app_init ] --END-- [ RunTime:0.001000s ]
INFO: [ app_begin ] --START--
INFO: Run Behavior\ReadHtmlCacheBehavior [ RunTime:0.001001s ]
INFO: [ app_begin ] --END-- [ RunTime:0.001001s ]
SQL: SHOW COLUMNS FROM `tp_product_cate` [ RunTime:0.0060s ]
SQL: SELECT * FROM `tp_product_cate` WHERE ( pid=0 )  [ RunTime:0.0000s ]
SQL: SHOW COLUMNS FROM `tp_product` [ RunTime:0.0070s ]
SQL: SELECT * FROM `tp_product` WHERE `cate` = 2 ORDER BY create_time desc LIMIT 0,3   [ RunTime:0.0000s ]
SQL: SELECT COUNT(*) AS tp_count FROM `tp_product` WHERE `cate` = 2 LIMIT 1   [ RunTime:0.0000s ]

[ 2017-06-02T14:54:50+08:00 ] 127.0.0.1 /qmss/index.php/Home/Product/index?cate=1&p=1
INFO: [ app_init ] --START--
INFO: Run Behavior\BuildLiteBehavior [ RunTime:0.000000s ]
INFO: [ app_init ] --END-- [ RunTime:0.000000s ]
INFO: [ app_begin ] --START--
INFO: Run Behavior\ReadHtmlCacheBehavior [ RunTime:0.001000s ]
INFO: [ app_begin ] --END-- [ RunTime:0.001000s ]
SQL: SHOW COLUMNS FROM `tp_product_cate` [ RunTime:0.0070s ]
SQL: SELECT * FROM `tp_product_cate` WHERE ( pid=0 )  [ RunTime:0.0000s ]
SQL: SHOW COLUMNS FROM `tp_product` [ RunTime:0.0070s ]
SQL: SELECT * FROM `tp_product` WHERE `cate` = 1 ORDER BY create_time desc LIMIT 0,3   [ RunTime:0.0010s ]
SQL: SELECT COUNT(*) AS tp_count FROM `tp_product` WHERE `cate` = 1 LIMIT 1   [ RunTime:0.0000s ]

[ 2017-06-02T15:03:27+08:00 ] 127.0.0.1 /qmss/index.php/Home/Product/index?cate=2&p=1
INFO: [ app_init ] --START--
INFO: Run Behavior\BuildLiteBehavior [ RunTime:0.000000s ]
INFO: [ app_init ] --END-- [ RunTime:0.001000s ]
INFO: [ app_begin ] --START--
INFO: Run Behavior\ReadHtmlCacheBehavior [ RunTime:0.001000s ]
INFO: [ app_begin ] --END-- [ RunTime:0.001000s ]
SQL: SHOW COLUMNS FROM `tp_product_cate` [ RunTime:0.0070s ]
SQL: SELECT * FROM `tp_product_cate` WHERE ( pid=0 )  [ RunTime:0.0010s ]
SQL: SHOW COLUMNS FROM `tp_product` [ RunTime:0.0080s ]
SQL: SELECT * FROM `tp_product` WHERE `cate` = 2 ORDER BY create_time desc LIMIT 0,3   [ RunTime:0.0010s ]
SQL: SELECT COUNT(*) AS tp_count FROM `tp_product` WHERE `cate` = 2 LIMIT 1   [ RunTime:0.0000s ]
INFO: [ view_parse ] --START--
INFO: [ template_filter ] --START--
INFO: Run Behavior\ContentReplaceBehavior [ RunTime:0.000000s ]
INFO: [ template_filter ] --END-- [ RunTime:0.000000s ]
INFO: Run Behavior\ParseTemplateBehavior [ RunTime:0.012000s ]
INFO: [ view_parse ] --END-- [ RunTime:0.012000s ]
INFO: [ view_filter ] --START--
INFO: Run Behavior\WriteHtmlCacheBehavior [ RunTime:0.000000s ]
INFO: [ view_filter ] --END-- [ RunTime:0.000000s ]
INFO: [ app_end ] --START--
INFO: Run Behavior\ShowPageTraceBehavior [ RunTime:0.001001s ]
INFO: [ app_end ] --END-- [ RunTime:0.001001s ]

[ 2017-06-02T15:03:47+08:00 ] 127.0.0.1 /qmss/index.php/Home/Product/index/p/login.html
INFO: [ app_init ] --START--
INFO: Run Behavior\BuildLiteBehavior [ RunTime:0.000000s ]
INFO: [ app_init ] --END-- [ RunTime:0.001000s ]
INFO: [ app_begin ] --START--
INFO: Run Behavior\ReadHtmlCacheBehavior [ RunTime:0.000000s ]
INFO: [ app_begin ] --END-- [ RunTime:0.000000s ]
SQL: SHOW COLUMNS FROM `tp_product_cate` [ RunTime:0.0080s ]
SQL: SELECT * FROM `tp_product_cate` WHERE ( pid=0 )  [ RunTime:0.0000s ]
SQL: SHOW COLUMNS FROM `tp_product` [ RunTime:0.0060s ]
SQL: SELECT * FROM `tp_product` WHERE `cate` = 1 ORDER BY create_time desc LIMIT 0,3   [ RunTime:0.0010s ]
SQL: SELECT COUNT(*) AS tp_count FROM `tp_product` WHERE `cate` = 1 LIMIT 1   [ RunTime:0.0000s ]
INFO: [ view_parse ] --START--
INFO: [ template_filter ] --START--
INFO: Run Behavior\ContentReplaceBehavior [ RunTime:0.000000s ]
INFO: [ template_filter ] --END-- [ RunTime:0.000000s ]
INFO: Run Behavior\ParseTemplateBehavior [ RunTime:0.010001s ]
INFO: [ view_parse ] --END-- [ RunTime:0.010001s ]
INFO: [ view_filter ] --START--
INFO: Run Behavior\WriteHtmlCacheBehavior [ RunTime:0.000000s ]
INFO: [ view_filter ] --END-- [ RunTime:0.000000s ]
INFO: [ app_end ] --START--
INFO: Run Behavior\ShowPageTraceBehavior [ RunTime:0.001000s ]
INFO: [ app_end ] --END-- [ RunTime:0.001000s ]

[ 2017-06-02T15:03:51+08:00 ] 127.0.0.1 /qmss/index.php/Home/Product/index/p/login.html
INFO: [ app_init ] --START--
INFO: Run Behavior\BuildLiteBehavior [ RunTime:0.000000s ]
INFO: [ app_init ] --END-- [ RunTime:0.000000s ]
INFO: [ app_begin ] --START--
INFO: Run Behavior\ReadHtmlCacheBehavior [ RunTime:0.001000s ]
INFO: [ app_begin ] --END-- [ RunTime:0.001000s ]
SQL: SHOW COLUMNS FROM `tp_product_cate` [ RunTime:0.0070s ]
SQL: SELECT * FROM `tp_product_cate` WHERE ( pid=0 )  [ RunTime:0.0000s ]
SQL: SHOW COLUMNS FROM `tp_product` [ RunTime:0.0060s ]
SQL: SELECT * FROM `tp_product` WHERE `cate` = 1 ORDER BY create_time desc LIMIT 0,3   [ RunTime:0.0010s ]
SQL: SELECT COUNT(*) AS tp_count FROM `tp_product` WHERE `cate` = 1 LIMIT 1   [ RunTime:0.0000s ]
INFO: [ view_parse ] --START--
INFO: [ template_filter ] --START--
INFO: Run Behavior\ContentReplaceBehavior [ RunTime:0.000000s ]
INFO: [ template_filter ] --END-- [ RunTime:0.000000s ]
INFO: Run Behavior\ParseTemplateBehavior [ RunTime:0.010000s ]
INFO: [ view_parse ] --END-- [ RunTime:0.010000s ]
INFO: [ view_filter ] --START--
INFO: Run Behavior\WriteHtmlCacheBehavior [ RunTime:0.001001s ]
INFO: [ view_filter ] --END-- [ RunTime:0.001001s ]
INFO: [ app_end ] --START--
INFO: Run Behavior\ShowPageTraceBehavior [ RunTime:0.000000s ]
INFO: [ app_end ] --END-- [ RunTime:0.000000s ]

[ 2017-06-02T15:03:55+08:00 ] 127.0.0.1 /qmss/index.php/Home/Members/create_user.html
INFO: [ app_init ] --START--
INFO: Run Behavior\BuildLiteBehavior [ RunTime:0.000000s ]
INFO: [ app_init ] --END-- [ RunTime:0.000000s ]
INFO: [ app_begin ] --START--
INFO: Run Behavior\ReadHtmlCacheBehavior [ RunTime:0.000000s ]
INFO: [ app_begin ] --END-- [ RunTime:0.000000s ]
INFO: [ view_parse ] --START--
INFO: [ template_filter ] --START--
INFO: Run Behavior\ContentReplaceBehavior [ RunTime:0.000000s ]
INFO: [ template_filter ] --END-- [ RunTime:0.000000s ]
INFO: Run Behavior\ParseTemplateBehavior [ RunTime:0.011001s ]
INFO: [ view_parse ] --END-- [ RunTime:0.011001s ]
INFO: [ view_filter ] --START--
INFO: Run Behavior\WriteHtmlCacheBehavior [ RunTime:0.000000s ]
INFO: [ view_filter ] --END-- [ RunTime:0.000000s ]
INFO: [ app_end ] --START--
INFO: Run Behavior\ShowPageTraceBehavior [ RunTime:0.001000s ]
INFO: [ app_end ] --END-- [ RunTime:0.001000s ]

[ 2017-06-02T15:10:30+08:00 ] 127.0.0.1 /qmss/index.php/Home/Product/index/p/1.html
INFO: [ app_init ] --START--
INFO: Run Behavior\BuildLiteBehavior [ RunTime:0.000000s ]
INFO: [ app_init ] --END-- [ RunTime:0.000000s ]
INFO: [ app_begin ] --START--
INFO: Run Behavior\ReadHtmlCacheBehavior [ RunTime:0.000000s ]
INFO: [ app_begin ] --END-- [ RunTime:0.000000s ]
SQL: SHOW COLUMNS FROM `tp_product_cate` [ RunTime:0.0060s ]
SQL: SELECT * FROM `tp_product_cate` WHERE ( pid=0 )  [ RunTime:0.0000s ]
SQL: SHOW COLUMNS FROM `tp_product` [ RunTime:0.0080s ]
SQL: SELECT * FROM `tp_product` WHERE `cate` = 1 ORDER BY create_time desc LIMIT 0,3   [ RunTime:0.0000s ]
SQL: SELECT COUNT(*) AS tp_count FROM `tp_product` WHERE `cate` = 1 LIMIT 1   [ RunTime:0.0010s ]
INFO: [ view_parse ] --START--
INFO: [ template_filter ] --START--
INFO: Run Behavior\ContentReplaceBehavior [ RunTime:0.000000s ]
INFO: [ template_filter ] --END-- [ RunTime:0.000000s ]
INFO: Run Behavior\ParseTemplateBehavior [ RunTime:0.010000s ]
INFO: [ view_parse ] --END-- [ RunTime:0.010000s ]
INFO: [ view_filter ] --START--
INFO: Run Behavior\WriteHtmlCacheBehavior [ RunTime:0.001000s ]
INFO: [ view_filter ] --END-- [ RunTime:0.001000s ]
INFO: [ app_end ] --START--
INFO: Run Behavior\ShowPageTraceBehavior [ RunTime:0.001001s ]
INFO: [ app_end ] --END-- [ RunTime:0.001001s ]

[ 2017-06-02T15:13:08+08:00 ] 127.0.0.1 /qmss/index.php/Home/Product/index?cate=1&p=1
INFO: [ app_init ] --START--
INFO: Run Behavior\BuildLiteBehavior [ RunTime:0.000000s ]
INFO: [ app_init ] --END-- [ RunTime:0.000000s ]
INFO: [ app_begin ] --START--
INFO: Run Behavior\ReadHtmlCacheBehavior [ RunTime:0.001000s ]
INFO: [ app_begin ] --END-- [ RunTime:0.001000s ]
SQL: SHOW COLUMNS FROM `tp_product_cate` [ RunTime:0.0060s ]
SQL: SELECT * FROM `tp_product_cate` WHERE ( pid=0 )  [ RunTime:0.0000s ]
SQL: SHOW COLUMNS FROM `tp_product` [ RunTime:0.0070s ]
SQL: SELECT * FROM `tp_product` WHERE `cate` = 1 ORDER BY create_time desc LIMIT 0,3   [ RunTime:0.0010s ]
SQL: SELECT COUNT(*) AS tp_count FROM `tp_product` WHERE `cate` = 1 LIMIT 1   [ RunTime:0.0000s ]

[ 2017-06-02T15:13:11+08:00 ] 127.0.0.1 /qmss/index.php/Home/Product/index/cate/1/p/2.html
INFO: [ app_init ] --START--
INFO: Run Behavior\BuildLiteBehavior [ RunTime:0.000000s ]
INFO: [ app_init ] --END-- [ RunTime:0.000000s ]
INFO: [ app_begin ] --START--
INFO: Run Behavior\ReadHtmlCacheBehavior [ RunTime:0.001000s ]
INFO: [ app_begin ] --END-- [ RunTime:0.001000s ]
SQL: SHOW COLUMNS FROM `tp_product_cate` [ RunTime:0.0060s ]
SQL: SELECT * FROM `tp_product_cate` WHERE ( pid=0 )  [ RunTime:0.0000s ]
SQL: SHOW COLUMNS FROM `tp_product` [ RunTime:0.0070s ]
SQL: SELECT * FROM `tp_product` WHERE `cate` = 1 ORDER BY create_time desc LIMIT 3,3   [ RunTime:0.0000s ]
SQL: SELECT COUNT(*) AS tp_count FROM `tp_product` WHERE `cate` = 1 LIMIT 1   [ RunTime:0.0010s ]

[ 2017-06-02T15:13:14+08:00 ] 127.0.0.1 /qmss/index.php/Home/Product/index?cate=2&p=1
INFO: [ app_init ] --START--
INFO: Run Behavior\BuildLiteBehavior [ RunTime:0.000000s ]
INFO: [ app_init ] --END-- [ RunTime:0.000000s ]
INFO: [ app_begin ] --START--
INFO: Run Behavior\ReadHtmlCacheBehavior [ RunTime:0.000000s ]
INFO: [ app_begin ] --END-- [ RunTime:0.000000s ]
SQL: SHOW COLUMNS FROM `tp_product_cate` [ RunTime:0.0070s ]
SQL: SELECT * FROM `tp_product_cate` WHERE ( pid=0 )  [ RunTime:0.0010s ]
SQL: SHOW COLUMNS FROM `tp_product` [ RunTime:0.0070s ]
SQL: SELECT * FROM `tp_product` WHERE `cate` = 2 ORDER BY create_time desc LIMIT 0,3   [ RunTime:0.0000s ]
SQL: SELECT COUNT(*) AS tp_count FROM `tp_product` WHERE `cate` = 2 LIMIT 1   [ RunTime:0.0000s ]

[ 2017-06-02T15:13:16+08:00 ] 127.0.0.1 /qmss/index.php/Home/Product/index/cate/2/p/2.html
INFO: [ app_init ] --START--
INFO: Run Behavior\BuildLiteBehavior [ RunTime:0.000000s ]
INFO: [ app_init ] --END-- [ RunTime:0.000000s ]
INFO: [ app_begin ] --START--
INFO: Run Behavior\ReadHtmlCacheBehavior [ RunTime:0.000000s ]
INFO: [ app_begin ] --END-- [ RunTime:0.000000s ]
SQL: SHOW COLUMNS FROM `tp_product_cate` [ RunTime:0.0060s ]
SQL: SELECT * FROM `tp_product_cate` WHERE ( pid=0 )  [ RunTime:0.0000s ]
SQL: SHOW COLUMNS FROM `tp_product` [ RunTime:0.0070s ]
SQL: SELECT * FROM `tp_product` WHERE `cate` = 2 ORDER BY create_time desc LIMIT 3,3   [ RunTime:0.0010s ]
SQL: SELECT COUNT(*) AS tp_count FROM `tp_product` WHERE `cate` = 2 LIMIT 1   [ RunTime:0.0000s ]

[ 2017-06-02T15:13:22+08:00 ] 127.0.0.1 /qmss/index.php/Home/Product/index?cate=1&p=1
INFO: [ app_init ] --START--
INFO: Run Behavior\BuildLiteBehavior [ RunTime:0.000000s ]
INFO: [ app_init ] --END-- [ RunTime:0.001000s ]
INFO: [ app_begin ] --START--
INFO: Run Behavior\ReadHtmlCacheBehavior [ RunTime:0.000000s ]
INFO: [ app_begin ] --END-- [ RunTime:0.000000s ]
SQL: SHOW COLUMNS FROM `tp_product_cate` [ RunTime:0.0070s ]
SQL: SELECT * FROM `tp_product_cate` WHERE ( pid=0 )  [ RunTime:0.0020s ]
SQL: SHOW COLUMNS FROM `tp_product` [ RunTime:0.0070s ]
SQL: SELECT * FROM `tp_product` WHERE `cate` = 1 ORDER BY create_time desc LIMIT 0,3   [ RunTime:0.0010s ]
SQL: SELECT COUNT(*) AS tp_count FROM `tp_product` WHERE `cate` = 1 LIMIT 1   [ RunTime:0.0000s ]

[ 2017-06-02T15:13:24+08:00 ] 127.0.0.1 /qmss/index.php/Home/Product/index/cate/1/p/2.html
INFO: [ app_init ] --START--
INFO: Run Behavior\BuildLiteBehavior [ RunTime:0.000000s ]
INFO: [ app_init ] --END-- [ RunTime:0.000000s ]
INFO: [ app_begin ] --START--
INFO: Run Behavior\ReadHtmlCacheBehavior [ RunTime:0.000000s ]
INFO: [ app_begin ] --END-- [ RunTime:0.000000s ]
SQL: SHOW COLUMNS FROM `tp_product_cate` [ RunTime:0.0070s ]
SQL: SELECT * FROM `tp_product_cate` WHERE ( pid=0 )  [ RunTime:0.0000s ]
SQL: SHOW COLUMNS FROM `tp_product` [ RunTime:0.0070s ]
SQL: SELECT * FROM `tp_product` WHERE `cate` = 1 ORDER BY create_time desc LIMIT 3,3   [ RunTime:0.0010s ]
SQL: SELECT COUNT(*) AS tp_count FROM `tp_product` WHERE `cate` = 1 LIMIT 1   [ RunTime:0.0010s ]

[ 2017-06-02T15:14:04+08:00 ] 127.0.0.1 /qmss/index.php/Home/Product/index/cate/1/p/1.html
INFO: [ app_init ] --START--
INFO: Run Behavior\BuildLiteBehavior [ RunTime:0.000000s ]
INFO: [ app_init ] --END-- [ RunTime:0.000000s ]
INFO: [ app_begin ] --START--
INFO: Run Behavior\ReadHtmlCacheBehavior [ RunTime:0.000000s ]
INFO: [ app_begin ] --END-- [ RunTime:0.000000s ]
SQL: SHOW COLUMNS FROM `tp_product_cate` [ RunTime:0.0060s ]
SQL: SELECT * FROM `tp_product_cate` WHERE ( pid=0 )  [ RunTime:0.0000s ]
SQL: SHOW COLUMNS FROM `tp_product` [ RunTime:0.0060s ]
SQL: SELECT * FROM `tp_product` WHERE `cate` = 1 ORDER BY create_time desc LIMIT 0,3   [ RunTime:0.0000s ]
SQL: SELECT COUNT(*) AS tp_count FROM `tp_product` WHERE `cate` = 1 LIMIT 1   [ RunTime:0.0000s ]

