[ 2017-07-08T15:37:58+08:00 ] ::1 /qmss/
INFO: [ app_init ] --START--
INFO: Run Behavior\BuildLiteBehavior [ RunTime:0.000010s ]
INFO: [ app_init ] --END-- [ RunTime:0.000492s ]
INFO: [ app_begin ] --START--
INFO: Run Behavior\ReadHtmlCacheBehavior [ RunTime:0.106164s ]
INFO: [ app_begin ] --END-- [ RunTime:0.106231s ]
SQL: SHOW COLUMNS FROM `tp_banner` [ RunTime:0.0673s ]
SQL: SELECT * FROM `tp_banner` ORDER BY create_time desc LIMIT 3   [ RunTime:0.0005s ]
SQL: SHOW COLUMNS FROM `tp_product` [ RunTime:0.0242s ]
SQL: SELECT * FROM `tp_product` ORDER BY create_time desc LIMIT 8   [ RunTime:0.0015s ]
INFO: [ view_parse ] --START--
INFO: [ template_filter ] --START--
INFO: Run Behavior\ContentReplaceBehavior [ RunTime:0.000055s ]
INFO: [ template_filter ] --END-- [ RunTime:0.000095s ]
NOTIC: [8] Undefined index: user D:\phpStudy\WWW\qmss\Application\Runtime\Cache\Home\2a94b8bda04ff446dcedd42276fc99ee.php 第 71 行.
INFO: Run Behavior\ParseTemplateBehavior [ RunTime:0.064713s ]
INFO: [ view_parse ] --END-- [ RunTime:0.064771s ]
INFO: [ view_filter ] --START--
INFO: Run Behavior\WriteHtmlCacheBehavior [ RunTime:0.016493s ]
INFO: [ view_filter ] --END-- [ RunTime:0.016534s ]
INFO: [ app_end ] --START--
INFO: Run Behavior\ShowPageTraceBehavior [ RunTime:0.001978s ]
INFO: [ app_end ] --END-- [ RunTime:0.002036s ]

[ 2017-07-08T15:38:01+08:00 ] ::1 /qmss/index.php/Home/Product/index/p/1.html
INFO: [ app_init ] --START--
INFO: Run Behavior\BuildLiteBehavior [ RunTime:0.000012s ]
INFO: [ app_init ] --END-- [ RunTime:0.000546s ]
INFO: [ app_begin ] --START--
INFO: Run Behavior\ReadHtmlCacheBehavior [ RunTime:0.000615s ]
INFO: [ app_begin ] --END-- [ RunTime:0.000657s ]
SQL: SHOW COLUMNS FROM `tp_product_cate` [ RunTime:0.0832s ]
SQL: SELECT * FROM `tp_product_cate` WHERE ( pid=0 )  [ RunTime:0.0010s ]
SQL: SHOW COLUMNS FROM `tp_product` [ RunTime:0.0101s ]
SQL: SELECT * FROM `tp_product` WHERE `cate` = 1 ORDER BY create_time desc LIMIT 0,3   [ RunTime:0.0008s ]
SQL: SELECT COUNT(*) AS tp_count FROM `tp_product` WHERE `cate` = 1 LIMIT 1   [ RunTime:0.0005s ]
INFO: [ view_parse ] --START--
INFO: [ template_filter ] --START--
INFO: Run Behavior\ContentReplaceBehavior [ RunTime:0.000082s ]
INFO: [ template_filter ] --END-- [ RunTime:0.000137s ]
NOTIC: [8] Undefined index: user D:\phpStudy\WWW\qmss\Application\Runtime\Cache\Home\3458861da0342b1f9413030055ee3fb6.php 第 20 行.
INFO: Run Behavior\ParseTemplateBehavior [ RunTime:0.047301s ]
INFO: [ view_parse ] --END-- [ RunTime:0.047385s ]
INFO: [ view_filter ] --START--
INFO: Run Behavior\WriteHtmlCacheBehavior [ RunTime:0.001007s ]
INFO: [ view_filter ] --END-- [ RunTime:0.001059s ]
INFO: [ app_end ] --START--
INFO: Run Behavior\ShowPageTraceBehavior [ RunTime:0.001336s ]
INFO: [ app_end ] --END-- [ RunTime:0.001398s ]

[ 2017-07-08T15:38:09+08:00 ] ::1 /qmss/index.php/Home/Product/index/p/1.html
INFO: [ app_init ] --START--
INFO: Run Behavior\BuildLiteBehavior [ RunTime:0.000011s ]
INFO: [ app_init ] --END-- [ RunTime:0.000470s ]
INFO: [ app_begin ] --START--
INFO: Run Behavior\ReadHtmlCacheBehavior [ RunTime:0.000681s ]
INFO: [ app_begin ] --END-- [ RunTime:0.000721s ]
SQL: SHOW COLUMNS FROM `tp_product_cate` [ RunTime:0.0057s ]
SQL: SELECT * FROM `tp_product_cate` WHERE ( pid=0 )  [ RunTime:0.0004s ]
SQL: SHOW COLUMNS FROM `tp_product` [ RunTime:0.0057s ]
SQL: SELECT * FROM `tp_product` WHERE `cate` = 1 ORDER BY create_time desc LIMIT 0,3   [ RunTime:0.0005s ]
SQL: SELECT COUNT(*) AS tp_count FROM `tp_product` WHERE `cate` = 1 LIMIT 1   [ RunTime:0.0003s ]
INFO: [ view_parse ] --START--
INFO: [ template_filter ] --START--
INFO: Run Behavior\ContentReplaceBehavior [ RunTime:0.000068s ]
INFO: [ template_filter ] --END-- [ RunTime:0.000116s ]
NOTIC: [8] Undefined index: user D:\phpStudy\WWW\qmss\Application\Runtime\Cache\Home\3458861da0342b1f9413030055ee3fb6.php 第 20 行.
INFO: Run Behavior\ParseTemplateBehavior [ RunTime:0.012350s ]
INFO: [ view_parse ] --END-- [ RunTime:0.012416s ]
INFO: [ view_filter ] --START--
INFO: Run Behavior\WriteHtmlCacheBehavior [ RunTime:0.000688s ]
INFO: [ view_filter ] --END-- [ RunTime:0.000725s ]
INFO: [ app_end ] --START--
INFO: Run Behavior\ShowPageTraceBehavior [ RunTime:0.000970s ]
INFO: [ app_end ] --END-- [ RunTime:0.001018s ]

[ 2017-07-08T15:38:14+08:00 ] ::1 /qmss/index.php/Home/Product/index?cate=2&p=1
INFO: [ app_init ] --START--
INFO: Run Behavior\BuildLiteBehavior [ RunTime:0.000009s ]
INFO: [ app_init ] --END-- [ RunTime:0.000460s ]
INFO: [ app_begin ] --START--
INFO: Run Behavior\ReadHtmlCacheBehavior [ RunTime:0.000667s ]
INFO: [ app_begin ] --END-- [ RunTime:0.000703s ]
SQL: SHOW COLUMNS FROM `tp_product_cate` [ RunTime:0.0138s ]
SQL: SELECT * FROM `tp_product_cate` WHERE ( pid=0 )  [ RunTime:0.0009s ]
SQL: SHOW COLUMNS FROM `tp_product` [ RunTime:0.0089s ]
SQL: SELECT * FROM `tp_product` WHERE `cate` = 2 ORDER BY create_time desc LIMIT 0,3   [ RunTime:0.0007s ]
SQL: SELECT COUNT(*) AS tp_count FROM `tp_product` WHERE `cate` = 2 LIMIT 1   [ RunTime:0.0004s ]

[ 2017-07-08T15:38:16+08:00 ] ::1 /qmss/index.php/Home/Product/index?cate=3&p=1
INFO: [ app_init ] --START--
INFO: Run Behavior\BuildLiteBehavior [ RunTime:0.000010s ]
INFO: [ app_init ] --END-- [ RunTime:0.000458s ]
INFO: [ app_begin ] --START--
INFO: Run Behavior\ReadHtmlCacheBehavior [ RunTime:0.000669s ]
INFO: [ app_begin ] --END-- [ RunTime:0.000705s ]
SQL: SHOW COLUMNS FROM `tp_product_cate` [ RunTime:0.1007s ]
SQL: SELECT * FROM `tp_product_cate` WHERE ( pid=0 )  [ RunTime:0.0002s ]
SQL: SHOW COLUMNS FROM `tp_product` [ RunTime:0.0035s ]
SQL: SELECT * FROM `tp_product` WHERE `cate` = 3 ORDER BY create_time desc LIMIT 0,3   [ RunTime:0.0004s ]
SQL: SELECT COUNT(*) AS tp_count FROM `tp_product` WHERE `cate` = 3 LIMIT 1   [ RunTime:0.0002s ]

[ 2017-07-08T15:38:18+08:00 ] ::1 /qmss/index.php/Home/Product/index?cate=4&p=1
INFO: [ app_init ] --START--
INFO: Run Behavior\BuildLiteBehavior [ RunTime:0.000012s ]
INFO: [ app_init ] --END-- [ RunTime:0.000506s ]
INFO: [ app_begin ] --START--
INFO: Run Behavior\ReadHtmlCacheBehavior [ RunTime:0.000716s ]
INFO: [ app_begin ] --END-- [ RunTime:0.000756s ]
SQL: SHOW COLUMNS FROM `tp_product_cate` [ RunTime:0.0106s ]
SQL: SELECT * FROM `tp_product_cate` WHERE ( pid=0 )  [ RunTime:0.0009s ]
SQL: SHOW COLUMNS FROM `tp_product` [ RunTime:0.0088s ]
SQL: SELECT * FROM `tp_product` WHERE `cate` = 4 ORDER BY create_time desc LIMIT 0,3   [ RunTime:0.0005s ]
SQL: SELECT COUNT(*) AS tp_count FROM `tp_product` WHERE `cate` = 4 LIMIT 1   [ RunTime:0.0004s ]

[ 2017-07-08T15:38:21+08:00 ] ::1 /qmss/index.php/Home/Product/index?cate=5&p=1
INFO: [ app_init ] --START--
INFO: Run Behavior\BuildLiteBehavior [ RunTime:0.000013s ]
INFO: [ app_init ] --END-- [ RunTime:0.000611s ]
INFO: [ app_begin ] --START--
INFO: Run Behavior\ReadHtmlCacheBehavior [ RunTime:0.000705s ]
INFO: [ app_begin ] --END-- [ RunTime:0.000745s ]
SQL: SHOW COLUMNS FROM `tp_product_cate` [ RunTime:0.0072s ]
SQL: SELECT * FROM `tp_product_cate` WHERE ( pid=0 )  [ RunTime:0.0003s ]
SQL: SHOW COLUMNS FROM `tp_product` [ RunTime:0.0047s ]
SQL: SELECT * FROM `tp_product` WHERE `cate` = 5 ORDER BY create_time desc LIMIT 0,3   [ RunTime:0.0003s ]
SQL: SELECT COUNT(*) AS tp_count FROM `tp_product` WHERE `cate` = 5 LIMIT 1   [ RunTime:0.0002s ]

[ 2017-07-08T15:38:23+08:00 ] ::1 /qmss/index.php/Home/Product/index?cate=1&p=1
INFO: [ app_init ] --START--
INFO: Run Behavior\BuildLiteBehavior [ RunTime:0.000011s ]
INFO: [ app_init ] --END-- [ RunTime:0.000471s ]
INFO: [ app_begin ] --START--
INFO: Run Behavior\ReadHtmlCacheBehavior [ RunTime:0.000665s ]
INFO: [ app_begin ] --END-- [ RunTime:0.000702s ]
SQL: SHOW COLUMNS FROM `tp_product_cate` [ RunTime:0.0095s ]
SQL: SELECT * FROM `tp_product_cate` WHERE ( pid=0 )  [ RunTime:0.0004s ]
SQL: SHOW COLUMNS FROM `tp_product` [ RunTime:0.0048s ]
SQL: SELECT * FROM `tp_product` WHERE `cate` = 1 ORDER BY create_time desc LIMIT 0,3   [ RunTime:0.0005s ]
SQL: SELECT COUNT(*) AS tp_count FROM `tp_product` WHERE `cate` = 1 LIMIT 1   [ RunTime:0.0003s ]

[ 2017-07-08T15:38:24+08:00 ] ::1 /qmss/index.php/Home/Product/index?cate=2&p=1
INFO: [ app_init ] --START--
INFO: Run Behavior\BuildLiteBehavior [ RunTime:0.000011s ]
INFO: [ app_init ] --END-- [ RunTime:0.000473s ]
INFO: [ app_begin ] --START--
INFO: Run Behavior\ReadHtmlCacheBehavior [ RunTime:0.000709s ]
INFO: [ app_begin ] --END-- [ RunTime:0.000750s ]
SQL: SHOW COLUMNS FROM `tp_product_cate` [ RunTime:0.0101s ]
SQL: SELECT * FROM `tp_product_cate` WHERE ( pid=0 )  [ RunTime:0.0006s ]
SQL: SHOW COLUMNS FROM `tp_product` [ RunTime:0.0076s ]
SQL: SELECT * FROM `tp_product` WHERE `cate` = 2 ORDER BY create_time desc LIMIT 0,3   [ RunTime:0.0007s ]
SQL: SELECT COUNT(*) AS tp_count FROM `tp_product` WHERE `cate` = 2 LIMIT 1   [ RunTime:0.0003s ]

[ 2017-07-08T15:38:26+08:00 ] ::1 /qmss/index.php/Home/Product/index?cate=4&p=1
INFO: [ app_init ] --START--
INFO: Run Behavior\BuildLiteBehavior [ RunTime:0.000010s ]
INFO: [ app_init ] --END-- [ RunTime:0.000454s ]
INFO: [ app_begin ] --START--
INFO: Run Behavior\ReadHtmlCacheBehavior [ RunTime:0.000694s ]
INFO: [ app_begin ] --END-- [ RunTime:0.000732s ]
SQL: SHOW COLUMNS FROM `tp_product_cate` [ RunTime:0.0036s ]
SQL: SELECT * FROM `tp_product_cate` WHERE ( pid=0 )  [ RunTime:0.0003s ]
SQL: SHOW COLUMNS FROM `tp_product` [ RunTime:0.0041s ]
SQL: SELECT * FROM `tp_product` WHERE `cate` = 4 ORDER BY create_time desc LIMIT 0,3   [ RunTime:0.0004s ]
SQL: SELECT COUNT(*) AS tp_count FROM `tp_product` WHERE `cate` = 4 LIMIT 1   [ RunTime:0.0002s ]

[ 2017-07-08T15:38:27+08:00 ] ::1 /qmss/index.php/Home/Product/index?cate=3&p=1
INFO: [ app_init ] --START--
INFO: Run Behavior\BuildLiteBehavior [ RunTime:0.000012s ]
INFO: [ app_init ] --END-- [ RunTime:0.000506s ]
INFO: [ app_begin ] --START--
INFO: Run Behavior\ReadHtmlCacheBehavior [ RunTime:0.000677s ]
INFO: [ app_begin ] --END-- [ RunTime:0.000734s ]
SQL: SHOW COLUMNS FROM `tp_product_cate` [ RunTime:0.0110s ]
SQL: SELECT * FROM `tp_product_cate` WHERE ( pid=0 )  [ RunTime:0.0006s ]
SQL: SHOW COLUMNS FROM `tp_product` [ RunTime:0.0089s ]
SQL: SELECT * FROM `tp_product` WHERE `cate` = 3 ORDER BY create_time desc LIMIT 0,3   [ RunTime:0.0007s ]
SQL: SELECT COUNT(*) AS tp_count FROM `tp_product` WHERE `cate` = 3 LIMIT 1   [ RunTime:0.0006s ]

[ 2017-07-08T15:38:28+08:00 ] ::1 /qmss/index.php/Home/Product/index?cate=4&p=1
INFO: [ app_init ] --START--
INFO: Run Behavior\BuildLiteBehavior [ RunTime:0.000012s ]
INFO: [ app_init ] --END-- [ RunTime:0.000544s ]
INFO: [ app_begin ] --START--
INFO: Run Behavior\ReadHtmlCacheBehavior [ RunTime:0.000775s ]
INFO: [ app_begin ] --END-- [ RunTime:0.000830s ]
SQL: SHOW COLUMNS FROM `tp_product_cate` [ RunTime:0.0126s ]
SQL: SELECT * FROM `tp_product_cate` WHERE ( pid=0 )  [ RunTime:0.0008s ]
SQL: SHOW COLUMNS FROM `tp_product` [ RunTime:0.0070s ]
SQL: SELECT * FROM `tp_product` WHERE `cate` = 4 ORDER BY create_time desc LIMIT 0,3   [ RunTime:0.0005s ]
SQL: SELECT COUNT(*) AS tp_count FROM `tp_product` WHERE `cate` = 4 LIMIT 1   [ RunTime:0.0004s ]

[ 2017-07-08T15:38:30+08:00 ] ::1 /qmss/index.php/Home/Product/index?cate=5&p=1
INFO: [ app_init ] --START--
INFO: Run Behavior\BuildLiteBehavior [ RunTime:0.000011s ]
INFO: [ app_init ] --END-- [ RunTime:0.000532s ]
INFO: [ app_begin ] --START--
INFO: Run Behavior\ReadHtmlCacheBehavior [ RunTime:0.000710s ]
INFO: [ app_begin ] --END-- [ RunTime:0.000749s ]
SQL: SHOW COLUMNS FROM `tp_product_cate` [ RunTime:0.0077s ]
SQL: SELECT * FROM `tp_product_cate` WHERE ( pid=0 )  [ RunTime:0.0004s ]
SQL: SHOW COLUMNS FROM `tp_product` [ RunTime:0.0055s ]
SQL: SELECT * FROM `tp_product` WHERE `cate` = 5 ORDER BY create_time desc LIMIT 0,3   [ RunTime:0.0004s ]
SQL: SELECT COUNT(*) AS tp_count FROM `tp_product` WHERE `cate` = 5 LIMIT 1   [ RunTime:0.0003s ]

[ 2017-07-08T15:38:31+08:00 ] ::1 /qmss/index.php/Home/Product/index?cate=1&p=1
INFO: [ app_init ] --START--
INFO: Run Behavior\BuildLiteBehavior [ RunTime:0.000014s ]
INFO: [ app_init ] --END-- [ RunTime:0.000548s ]
INFO: [ app_begin ] --START--
INFO: Run Behavior\ReadHtmlCacheBehavior [ RunTime:0.000679s ]
INFO: [ app_begin ] --END-- [ RunTime:0.000724s ]
SQL: SHOW COLUMNS FROM `tp_product_cate` [ RunTime:0.0133s ]
SQL: SELECT * FROM `tp_product_cate` WHERE ( pid=0 )  [ RunTime:0.0008s ]
SQL: SHOW COLUMNS FROM `tp_product` [ RunTime:0.0159s ]
SQL: SELECT * FROM `tp_product` WHERE `cate` = 1 ORDER BY create_time desc LIMIT 0,3   [ RunTime:0.0009s ]
SQL: SELECT COUNT(*) AS tp_count FROM `tp_product` WHERE `cate` = 1 LIMIT 1   [ RunTime:0.0006s ]

[ 2017-07-08T15:38:33+08:00 ] ::1 /qmss/index.php/Home/Product/index?cate=2&p=1
INFO: [ app_init ] --START--
INFO: Run Behavior\BuildLiteBehavior [ RunTime:0.000011s ]
INFO: [ app_init ] --END-- [ RunTime:0.000484s ]
INFO: [ app_begin ] --START--
INFO: Run Behavior\ReadHtmlCacheBehavior [ RunTime:0.000721s ]
INFO: [ app_begin ] --END-- [ RunTime:0.000761s ]
SQL: SHOW COLUMNS FROM `tp_product_cate` [ RunTime:0.0064s ]
SQL: SELECT * FROM `tp_product_cate` WHERE ( pid=0 )  [ RunTime:0.0003s ]
SQL: SHOW COLUMNS FROM `tp_product` [ RunTime:0.0045s ]
SQL: SELECT * FROM `tp_product` WHERE `cate` = 2 ORDER BY create_time desc LIMIT 0,3   [ RunTime:0.0003s ]
SQL: SELECT COUNT(*) AS tp_count FROM `tp_product` WHERE `cate` = 2 LIMIT 1   [ RunTime:0.0002s ]

[ 2017-07-08T15:38:35+08:00 ] ::1 /qmss/index.php/Home/Product/index?cate=3&p=1
INFO: [ app_init ] --START--
INFO: Run Behavior\BuildLiteBehavior [ RunTime:0.000011s ]
INFO: [ app_init ] --END-- [ RunTime:0.000487s ]
INFO: [ app_begin ] --START--
INFO: Run Behavior\ReadHtmlCacheBehavior [ RunTime:0.000673s ]
INFO: [ app_begin ] --END-- [ RunTime:0.000710s ]
SQL: SHOW COLUMNS FROM `tp_product_cate` [ RunTime:0.0129s ]
SQL: SELECT * FROM `tp_product_cate` WHERE ( pid=0 )  [ RunTime:0.0008s ]
SQL: SHOW COLUMNS FROM `tp_product` [ RunTime:0.0078s ]
SQL: SELECT * FROM `tp_product` WHERE `cate` = 3 ORDER BY create_time desc LIMIT 0,3   [ RunTime:0.0011s ]
SQL: SELECT COUNT(*) AS tp_count FROM `tp_product` WHERE `cate` = 3 LIMIT 1   [ RunTime:0.0005s ]

[ 2017-07-08T15:38:37+08:00 ] ::1 /qmss/index.php/Home/Product/index?cate=4&p=1
INFO: [ app_init ] --START--
INFO: Run Behavior\BuildLiteBehavior [ RunTime:0.000011s ]
INFO: [ app_init ] --END-- [ RunTime:0.000445s ]
INFO: [ app_begin ] --START--
INFO: Run Behavior\ReadHtmlCacheBehavior [ RunTime:0.000671s ]
INFO: [ app_begin ] --END-- [ RunTime:0.000708s ]
SQL: SHOW COLUMNS FROM `tp_product_cate` [ RunTime:0.0104s ]
SQL: SELECT * FROM `tp_product_cate` WHERE ( pid=0 )  [ RunTime:0.0008s ]
SQL: SHOW COLUMNS FROM `tp_product` [ RunTime:0.0084s ]
SQL: SELECT * FROM `tp_product` WHERE `cate` = 4 ORDER BY create_time desc LIMIT 0,3   [ RunTime:0.0005s ]
SQL: SELECT COUNT(*) AS tp_count FROM `tp_product` WHERE `cate` = 4 LIMIT 1   [ RunTime:0.0003s ]

[ 2017-07-08T15:38:38+08:00 ] ::1 /qmss/index.php/Home/Product/index?cate=5&p=1
INFO: [ app_init ] --START--
INFO: Run Behavior\BuildLiteBehavior [ RunTime:0.000012s ]
INFO: [ app_init ] --END-- [ RunTime:0.000550s ]
INFO: [ app_begin ] --START--
INFO: Run Behavior\ReadHtmlCacheBehavior [ RunTime:0.000821s ]
INFO: [ app_begin ] --END-- [ RunTime:0.000867s ]
SQL: SHOW COLUMNS FROM `tp_product_cate` [ RunTime:0.0143s ]
SQL: SELECT * FROM `tp_product_cate` WHERE ( pid=0 )  [ RunTime:0.0008s ]
SQL: SHOW COLUMNS FROM `tp_product` [ RunTime:0.0072s ]
SQL: SELECT * FROM `tp_product` WHERE `cate` = 5 ORDER BY create_time desc LIMIT 0,3   [ RunTime:0.0005s ]
SQL: SELECT COUNT(*) AS tp_count FROM `tp_product` WHERE `cate` = 5 LIMIT 1   [ RunTime:0.0004s ]

[ 2017-07-08T15:38:42+08:00 ] ::1 /qmss/index.php/Home/Product/index?cate=1&p=1
INFO: [ app_init ] --START--
INFO: Run Behavior\BuildLiteBehavior [ RunTime:0.000015s ]
INFO: [ app_init ] --END-- [ RunTime:0.000604s ]
INFO: [ app_begin ] --START--
INFO: Run Behavior\ReadHtmlCacheBehavior [ RunTime:0.000911s ]
INFO: [ app_begin ] --END-- [ RunTime:0.000972s ]
SQL: SHOW COLUMNS FROM `tp_product_cate` [ RunTime:0.0872s ]
SQL: SELECT * FROM `tp_product_cate` WHERE ( pid=0 )  [ RunTime:0.0008s ]
SQL: SHOW COLUMNS FROM `tp_product` [ RunTime:0.0103s ]
SQL: SELECT * FROM `tp_product` WHERE `cate` = 1 ORDER BY create_time desc LIMIT 0,3   [ RunTime:0.0007s ]
SQL: SELECT COUNT(*) AS tp_count FROM `tp_product` WHERE `cate` = 1 LIMIT 1   [ RunTime:0.0004s ]

[ 2017-07-08T15:38:49+08:00 ] ::1 /qmss/index.php/Home/Product/index/cate/1/p/2.html
INFO: [ app_init ] --START--
INFO: Run Behavior\BuildLiteBehavior [ RunTime:0.000010s ]
INFO: [ app_init ] --END-- [ RunTime:0.000447s ]
INFO: [ app_begin ] --START--
INFO: Run Behavior\ReadHtmlCacheBehavior [ RunTime:0.000637s ]
INFO: [ app_begin ] --END-- [ RunTime:0.000674s ]
SQL: SHOW COLUMNS FROM `tp_product_cate` [ RunTime:0.0136s ]
SQL: SELECT * FROM `tp_product_cate` WHERE ( pid=0 )  [ RunTime:0.0008s ]
SQL: SHOW COLUMNS FROM `tp_product` [ RunTime:0.0105s ]
SQL: SELECT * FROM `tp_product` WHERE `cate` = 1 ORDER BY create_time desc LIMIT 3,3   [ RunTime:0.0007s ]
SQL: SELECT COUNT(*) AS tp_count FROM `tp_product` WHERE `cate` = 1 LIMIT 1   [ RunTime:0.0005s ]

[ 2017-07-08T15:38:52+08:00 ] ::1 /qmss/index.php/Home/Product/index/cate/1/p/1.html
INFO: [ app_init ] --START--
INFO: Run Behavior\BuildLiteBehavior [ RunTime:0.000011s ]
INFO: [ app_init ] --END-- [ RunTime:0.000343s ]
INFO: [ app_begin ] --START--
INFO: Run Behavior\ReadHtmlCacheBehavior [ RunTime:0.000504s ]
INFO: [ app_begin ] --END-- [ RunTime:0.000543s ]
SQL: SHOW COLUMNS FROM `tp_product_cate` [ RunTime:0.0115s ]
SQL: SELECT * FROM `tp_product_cate` WHERE ( pid=0 )  [ RunTime:0.0006s ]
SQL: SHOW COLUMNS FROM `tp_product` [ RunTime:0.0057s ]
SQL: SELECT * FROM `tp_product` WHERE `cate` = 1 ORDER BY create_time desc LIMIT 0,3   [ RunTime:0.0005s ]
SQL: SELECT COUNT(*) AS tp_count FROM `tp_product` WHERE `cate` = 1 LIMIT 1   [ RunTime:0.0002s ]

[ 2017-07-08T15:38:55+08:00 ] ::1 /qmss/index.php/Home/Product/index?cate=2&p=1
INFO: [ app_init ] --START--
INFO: Run Behavior\BuildLiteBehavior [ RunTime:0.000026s ]
INFO: [ app_init ] --END-- [ RunTime:0.000426s ]
INFO: [ app_begin ] --START--
INFO: Run Behavior\ReadHtmlCacheBehavior [ RunTime:0.000554s ]
INFO: [ app_begin ] --END-- [ RunTime:0.000589s ]
SQL: SHOW COLUMNS FROM `tp_product_cate` [ RunTime:0.0140s ]
SQL: SELECT * FROM `tp_product_cate` WHERE ( pid=0 )  [ RunTime:0.0008s ]
SQL: SHOW COLUMNS FROM `tp_product` [ RunTime:0.0117s ]
SQL: SELECT * FROM `tp_product` WHERE `cate` = 2 ORDER BY create_time desc LIMIT 0,3   [ RunTime:0.0009s ]
SQL: SELECT COUNT(*) AS tp_count FROM `tp_product` WHERE `cate` = 2 LIMIT 1   [ RunTime:0.0005s ]

[ 2017-07-08T15:38:57+08:00 ] ::1 /qmss/index.php/Home/Product/index?cate=3&p=1
INFO: [ app_init ] --START--
INFO: Run Behavior\BuildLiteBehavior [ RunTime:0.000011s ]
INFO: [ app_init ] --END-- [ RunTime:0.000440s ]
INFO: [ app_begin ] --START--
INFO: Run Behavior\ReadHtmlCacheBehavior [ RunTime:0.000612s ]
INFO: [ app_begin ] --END-- [ RunTime:0.000651s ]
SQL: SHOW COLUMNS FROM `tp_product_cate` [ RunTime:0.0102s ]
SQL: SELECT * FROM `tp_product_cate` WHERE ( pid=0 )  [ RunTime:0.0009s ]
SQL: SHOW COLUMNS FROM `tp_product` [ RunTime:0.0782s ]
SQL: SELECT * FROM `tp_product` WHERE `cate` = 3 ORDER BY create_time desc LIMIT 0,3   [ RunTime:0.0009s ]
SQL: SELECT COUNT(*) AS tp_count FROM `tp_product` WHERE `cate` = 3 LIMIT 1   [ RunTime:0.0008s ]

[ 2017-07-08T15:38:59+08:00 ] ::1 /qmss/index.php/Home/Product/index?cate=4&p=1
INFO: [ app_init ] --START--
INFO: Run Behavior\BuildLiteBehavior [ RunTime:0.000012s ]
INFO: [ app_init ] --END-- [ RunTime:0.000463s ]
INFO: [ app_begin ] --START--
INFO: Run Behavior\ReadHtmlCacheBehavior [ RunTime:0.000672s ]
INFO: [ app_begin ] --END-- [ RunTime:0.000722s ]
SQL: SHOW COLUMNS FROM `tp_product_cate` [ RunTime:0.0063s ]
SQL: SELECT * FROM `tp_product_cate` WHERE ( pid=0 )  [ RunTime:0.0002s ]
SQL: SHOW COLUMNS FROM `tp_product` [ RunTime:0.0033s ]
SQL: SELECT * FROM `tp_product` WHERE `cate` = 4 ORDER BY create_time desc LIMIT 0,3   [ RunTime:0.0003s ]
SQL: SELECT COUNT(*) AS tp_count FROM `tp_product` WHERE `cate` = 4 LIMIT 1   [ RunTime:0.0002s ]

[ 2017-07-08T15:39:00+08:00 ] ::1 /qmss/index.php/Home/Product/index?cate=5&p=1
INFO: [ app_init ] --START--
INFO: Run Behavior\BuildLiteBehavior [ RunTime:0.000011s ]
INFO: [ app_init ] --END-- [ RunTime:0.000460s ]
INFO: [ app_begin ] --START--
INFO: Run Behavior\ReadHtmlCacheBehavior [ RunTime:0.000591s ]
INFO: [ app_begin ] --END-- [ RunTime:0.000629s ]
SQL: SHOW COLUMNS FROM `tp_product_cate` [ RunTime:0.0100s ]
SQL: SELECT * FROM `tp_product_cate` WHERE ( pid=0 )  [ RunTime:0.0006s ]
SQL: SHOW COLUMNS FROM `tp_product` [ RunTime:0.0073s ]
SQL: SELECT * FROM `tp_product` WHERE `cate` = 5 ORDER BY create_time desc LIMIT 0,3   [ RunTime:0.0006s ]
SQL: SELECT COUNT(*) AS tp_count FROM `tp_product` WHERE `cate` = 5 LIMIT 1   [ RunTime:0.0005s ]

[ 2017-07-08T15:39:03+08:00 ] ::1 /qmss/index.php/Home/Product/index?cate=1&p=1
INFO: [ app_init ] --START--
INFO: Run Behavior\BuildLiteBehavior [ RunTime:0.000012s ]
INFO: [ app_init ] --END-- [ RunTime:0.000498s ]
INFO: [ app_begin ] --START--
INFO: Run Behavior\ReadHtmlCacheBehavior [ RunTime:0.000674s ]
INFO: [ app_begin ] --END-- [ RunTime:0.000722s ]
SQL: SHOW COLUMNS FROM `tp_product_cate` [ RunTime:0.0064s ]
SQL: SELECT * FROM `tp_product_cate` WHERE ( pid=0 )  [ RunTime:0.0003s ]
SQL: SHOW COLUMNS FROM `tp_product` [ RunTime:0.0047s ]
SQL: SELECT * FROM `tp_product` WHERE `cate` = 1 ORDER BY create_time desc LIMIT 0,3   [ RunTime:0.0003s ]
SQL: SELECT COUNT(*) AS tp_count FROM `tp_product` WHERE `cate` = 1 LIMIT 1   [ RunTime:0.0002s ]

[ 2017-07-08T15:39:14+08:00 ] ::1 /qmss/index.php/Home/Product/index/cate/1/p/2.html
INFO: [ app_init ] --START--
INFO: Run Behavior\BuildLiteBehavior [ RunTime:0.000011s ]
INFO: [ app_init ] --END-- [ RunTime:0.000357s ]
INFO: [ app_begin ] --START--
INFO: Run Behavior\ReadHtmlCacheBehavior [ RunTime:0.000514s ]
INFO: [ app_begin ] --END-- [ RunTime:0.000553s ]
SQL: SHOW COLUMNS FROM `tp_product_cate` [ RunTime:0.0110s ]
SQL: SELECT * FROM `tp_product_cate` WHERE ( pid=0 )  [ RunTime:0.0009s ]
SQL: SHOW COLUMNS FROM `tp_product` [ RunTime:0.0080s ]
SQL: SELECT * FROM `tp_product` WHERE `cate` = 1 ORDER BY create_time desc LIMIT 3,3   [ RunTime:0.0005s ]
SQL: SELECT COUNT(*) AS tp_count FROM `tp_product` WHERE `cate` = 1 LIMIT 1   [ RunTime:0.0004s ]

[ 2017-07-08T15:39:16+08:00 ] ::1 /qmss/index.php/Home/Product/index/cate/1/p/1.html
INFO: [ app_init ] --START--
INFO: Run Behavior\BuildLiteBehavior [ RunTime:0.000011s ]
INFO: [ app_init ] --END-- [ RunTime:0.000337s ]
INFO: [ app_begin ] --START--
INFO: Run Behavior\ReadHtmlCacheBehavior [ RunTime:0.000476s ]
INFO: [ app_begin ] --END-- [ RunTime:0.000512s ]
SQL: SHOW COLUMNS FROM `tp_product_cate` [ RunTime:0.0123s ]
SQL: SELECT * FROM `tp_product_cate` WHERE ( pid=0 )  [ RunTime:0.0008s ]
SQL: SHOW COLUMNS FROM `tp_product` [ RunTime:0.0095s ]
SQL: SELECT * FROM `tp_product` WHERE `cate` = 1 ORDER BY create_time desc LIMIT 0,3   [ RunTime:0.0007s ]
SQL: SELECT COUNT(*) AS tp_count FROM `tp_product` WHERE `cate` = 1 LIMIT 1   [ RunTime:0.0005s ]

[ 2017-07-08T15:39:27+08:00 ] ::1 /qmss/index.php/Home/Product/index?cate=2&p=1
INFO: [ app_init ] --START--
INFO: Run Behavior\BuildLiteBehavior [ RunTime:0.000014s ]
INFO: [ app_init ] --END-- [ RunTime:0.000443s ]
INFO: [ app_begin ] --START--
INFO: Run Behavior\ReadHtmlCacheBehavior [ RunTime:0.000568s ]
INFO: [ app_begin ] --END-- [ RunTime:0.000608s ]
SQL: SHOW COLUMNS FROM `tp_product_cate` [ RunTime:0.0093s ]
SQL: SELECT * FROM `tp_product_cate` WHERE ( pid=0 )  [ RunTime:0.0005s ]
SQL: SHOW COLUMNS FROM `tp_product` [ RunTime:0.0078s ]
SQL: SELECT * FROM `tp_product` WHERE `cate` = 2 ORDER BY create_time desc LIMIT 0,3   [ RunTime:0.0007s ]
SQL: SELECT COUNT(*) AS tp_count FROM `tp_product` WHERE `cate` = 2 LIMIT 1   [ RunTime:0.0005s ]

[ 2017-07-08T15:39:31+08:00 ] ::1 /qmss/index.php/Home/Product/index?cate=1&p=1
INFO: [ app_init ] --START--
INFO: Run Behavior\BuildLiteBehavior [ RunTime:0.000011s ]
INFO: [ app_init ] --END-- [ RunTime:0.000463s ]
INFO: [ app_begin ] --START--
INFO: Run Behavior\ReadHtmlCacheBehavior [ RunTime:0.000553s ]
INFO: [ app_begin ] --END-- [ RunTime:0.000591s ]
SQL: SHOW COLUMNS FROM `tp_product_cate` [ RunTime:0.0044s ]
SQL: SELECT * FROM `tp_product_cate` WHERE ( pid=0 )  [ RunTime:0.0005s ]
SQL: SHOW COLUMNS FROM `tp_product` [ RunTime:0.0053s ]
SQL: SELECT * FROM `tp_product` WHERE `cate` = 1 ORDER BY create_time desc LIMIT 0,3   [ RunTime:0.0004s ]
SQL: SELECT COUNT(*) AS tp_count FROM `tp_product` WHERE `cate` = 1 LIMIT 1   [ RunTime:0.0003s ]

[ 2017-07-08T15:54:11+08:00 ] ::1 /qmss/index.php/Home/Product/index/p/1.html
INFO: [ app_init ] --START--
INFO: Run Behavior\BuildLiteBehavior [ RunTime:0.000010s ]
INFO: [ app_init ] --END-- [ RunTime:0.000428s ]
INFO: [ app_begin ] --START--
INFO: Run Behavior\ReadHtmlCacheBehavior [ RunTime:0.000615s ]
INFO: [ app_begin ] --END-- [ RunTime:0.000655s ]
SQL: SHOW COLUMNS FROM `tp_product_cate` [ RunTime:0.0039s ]
SQL: SELECT * FROM `tp_product_cate` WHERE ( pid=0 )  [ RunTime:0.0003s ]
SQL: SHOW COLUMNS FROM `tp_product` [ RunTime:0.0048s ]
SQL: SELECT * FROM `tp_product` WHERE `cate` = 1 ORDER BY create_time desc LIMIT 0,3   [ RunTime:0.0004s ]
SQL: SELECT COUNT(*) AS tp_count FROM `tp_product` WHERE `cate` = 1 LIMIT 1   [ RunTime:0.0002s ]
INFO: [ view_parse ] --START--
INFO: [ template_filter ] --START--
INFO: Run Behavior\ContentReplaceBehavior [ RunTime:0.000055s ]
INFO: [ template_filter ] --END-- [ RunTime:0.000093s ]
NOTIC: [8] Undefined index: user D:\phpStudy\WWW\qmss\Application\Runtime\Cache\Home\3458861da0342b1f9413030055ee3fb6.php 第 20 行.
INFO: Run Behavior\ParseTemplateBehavior [ RunTime:0.008515s ]
INFO: [ view_parse ] --END-- [ RunTime:0.008563s ]
INFO: [ view_filter ] --START--
INFO: Run Behavior\WriteHtmlCacheBehavior [ RunTime:0.000443s ]
INFO: [ view_filter ] --END-- [ RunTime:0.000475s ]
INFO: [ app_end ] --START--
INFO: Run Behavior\ShowPageTraceBehavior [ RunTime:0.000691s ]
INFO: [ app_end ] --END-- [ RunTime:0.000735s ]

[ 2017-07-08T15:54:13+08:00 ] ::1 /qmss/index.php/Home/Product/index/p/1.html
INFO: [ app_init ] --START--
INFO: Run Behavior\BuildLiteBehavior [ RunTime:0.000010s ]
INFO: [ app_init ] --END-- [ RunTime:0.000416s ]
INFO: [ app_begin ] --START--
INFO: Run Behavior\ReadHtmlCacheBehavior [ RunTime:0.000642s ]
INFO: [ app_begin ] --END-- [ RunTime:0.000695s ]
SQL: SHOW COLUMNS FROM `tp_product_cate` [ RunTime:0.0038s ]
SQL: SELECT * FROM `tp_product_cate` WHERE ( pid=0 )  [ RunTime:0.0005s ]
SQL: SHOW COLUMNS FROM `tp_product` [ RunTime:0.0042s ]
SQL: SELECT * FROM `tp_product` WHERE `cate` = 1 ORDER BY create_time desc LIMIT 0,3   [ RunTime:0.0004s ]
SQL: SELECT COUNT(*) AS tp_count FROM `tp_product` WHERE `cate` = 1 LIMIT 1   [ RunTime:0.0002s ]
INFO: [ view_parse ] --START--
INFO: [ template_filter ] --START--
INFO: Run Behavior\ContentReplaceBehavior [ RunTime:0.000054s ]
INFO: [ template_filter ] --END-- [ RunTime:0.000091s ]
NOTIC: [8] Undefined index: user D:\phpStudy\WWW\qmss\Application\Runtime\Cache\Home\3458861da0342b1f9413030055ee3fb6.php 第 20 行.
INFO: Run Behavior\ParseTemplateBehavior [ RunTime:0.009188s ]
INFO: [ view_parse ] --END-- [ RunTime:0.009244s ]
INFO: [ view_filter ] --START--
INFO: Run Behavior\WriteHtmlCacheBehavior [ RunTime:0.000550s ]
INFO: [ view_filter ] --END-- [ RunTime:0.000597s ]
INFO: [ app_end ] --START--
INFO: Run Behavior\ShowPageTraceBehavior [ RunTime:0.000759s ]
INFO: [ app_end ] --END-- [ RunTime:0.000822s ]

[ 2017-07-08T16:37:13+08:00 ] ::1 /qmss/index.php/Home/Product/index/p/1.html
INFO: [ app_init ] --START--
INFO: Run Behavior\BuildLiteBehavior [ RunTime:0.000018s ]
INFO: [ app_init ] --END-- [ RunTime:0.000645s ]
INFO: [ app_begin ] --START--
INFO: Run Behavior\ReadHtmlCacheBehavior [ RunTime:0.000880s ]
INFO: [ app_begin ] --END-- [ RunTime:0.000950s ]
SQL: SHOW COLUMNS FROM `tp_product_cate` [ RunTime:0.0072s ]
SQL: SELECT * FROM `tp_product_cate` WHERE ( pid=0 )  [ RunTime:0.0003s ]
SQL: SHOW COLUMNS FROM `tp_product` [ RunTime:0.0054s ]
SQL: SELECT * FROM `tp_product` WHERE `cate` = 1 ORDER BY create_time desc LIMIT 0,3   [ RunTime:0.0004s ]
SQL: SELECT COUNT(*) AS tp_count FROM `tp_product` WHERE `cate` = 1 LIMIT 1   [ RunTime:0.0003s ]
INFO: [ view_parse ] --START--
INFO: [ template_filter ] --START--
INFO: Run Behavior\ContentReplaceBehavior [ RunTime:0.000064s ]
INFO: [ template_filter ] --END-- [ RunTime:0.000120s ]
NOTIC: [8] Undefined index: user D:\phpStudy\WWW\qmss\Application\Runtime\Cache\Home\3458861da0342b1f9413030055ee3fb6.php 第 20 行.
INFO: Run Behavior\ParseTemplateBehavior [ RunTime:0.009160s ]
INFO: [ view_parse ] --END-- [ RunTime:0.009216s ]
INFO: [ view_filter ] --START--
INFO: Run Behavior\WriteHtmlCacheBehavior [ RunTime:0.000575s ]
INFO: [ view_filter ] --END-- [ RunTime:0.000651s ]
INFO: [ app_end ] --START--
INFO: Run Behavior\ShowPageTraceBehavior [ RunTime:0.000989s ]
INFO: [ app_end ] --END-- [ RunTime:0.001067s ]

[ 2017-07-08T19:41:37+08:00 ] ::1 /qmss/index.php/Home/Product/pro_details?id=9
INFO: [ app_init ] --START--
INFO: Run Behavior\BuildLiteBehavior [ RunTime:0.000021s ]
INFO: [ app_init ] --END-- [ RunTime:0.001167s ]
INFO: [ app_begin ] --START--
INFO: Run Behavior\ReadHtmlCacheBehavior [ RunTime:0.001610s ]
INFO: [ app_begin ] --END-- [ RunTime:0.001670s ]
SQL: SHOW COLUMNS FROM `tp_product_cate` [ RunTime:0.0564s ]
SQL: SELECT * FROM `tp_product_cate` WHERE ( pid=0 )  [ RunTime:0.0004s ]
SQL: SHOW COLUMNS FROM `tp_product` [ RunTime:0.0051s ]
SQL: SELECT * FROM `tp_product` WHERE ( id=9 ) LIMIT 1   [ RunTime:0.0006s ]
INFO: [ view_parse ] --START--
INFO: [ template_filter ] --START--
INFO: Run Behavior\ContentReplaceBehavior [ RunTime:0.000066s ]
INFO: [ template_filter ] --END-- [ RunTime:0.000104s ]
NOTIC: [8] Undefined index: user D:\phpStudy\WWW\qmss\Application\Runtime\Cache\Home\f391e383773027cb0c31f1a4280110a8.php 第 20 行.
INFO: Run Behavior\ParseTemplateBehavior [ RunTime:0.059587s ]
INFO: [ view_parse ] --END-- [ RunTime:0.059629s ]
INFO: [ view_filter ] --START--
INFO: Run Behavior\WriteHtmlCacheBehavior [ RunTime:0.001060s ]
INFO: [ view_filter ] --END-- [ RunTime:0.001098s ]
INFO: [ app_end ] --START--
INFO: Run Behavior\ShowPageTraceBehavior [ RunTime:0.001269s ]
INFO: [ app_end ] --END-- [ RunTime:0.001319s ]

[ 2017-07-08T19:41:42+08:00 ] ::1 /qmss/index.php/Home/Shopping/pay_cart.html?id=9&number=1&attr={%227%22:%227%22}
INFO: [ app_init ] --START--
INFO: Run Behavior\BuildLiteBehavior [ RunTime:0.000010s ]
INFO: [ app_init ] --END-- [ RunTime:0.000381s ]
INFO: [ app_begin ] --START--
INFO: Run Behavior\ReadHtmlCacheBehavior [ RunTime:0.000560s ]
INFO: [ app_begin ] --END-- [ RunTime:0.000598s ]

[ 2017-07-08T19:41:42+08:00 ] ::1 /qmss/index.php/Home/Members/login.html
INFO: [ app_init ] --START--
INFO: Run Behavior\BuildLiteBehavior [ RunTime:0.000013s ]
INFO: [ app_init ] --END-- [ RunTime:0.000515s ]
INFO: [ app_begin ] --START--
INFO: Run Behavior\ReadHtmlCacheBehavior [ RunTime:0.000631s ]
INFO: [ app_begin ] --END-- [ RunTime:0.000670s ]
INFO: [ view_parse ] --START--
INFO: [ template_filter ] --START--
INFO: Run Behavior\ContentReplaceBehavior [ RunTime:0.000041s ]
INFO: [ template_filter ] --END-- [ RunTime:0.000075s ]
NOTIC: [8] Undefined index: user D:\phpStudy\WWW\qmss\Application\Runtime\Cache\Home\2574a9564b5f0b89c8a068b81a9c05d5.php 第 20 行.
INFO: Run Behavior\ParseTemplateBehavior [ RunTime:0.008109s ]
INFO: [ view_parse ] --END-- [ RunTime:0.008151s ]
INFO: [ view_filter ] --START--
INFO: Run Behavior\WriteHtmlCacheBehavior [ RunTime:0.000504s ]
INFO: [ view_filter ] --END-- [ RunTime:0.000532s ]
INFO: [ app_end ] --START--
INFO: Run Behavior\ShowPageTraceBehavior [ RunTime:0.000620s ]
INFO: [ app_end ] --END-- [ RunTime:0.000651s ]

