[ 2017-07-04T18:26:24+08:00 ] ::1 /qmss/Application/Home/View/Members/__ROOT__/Application/Home/Common/js/register.js
INFO: [ app_init ] --START--
INFO: Run Behavior\BuildLiteBehavior [ RunTime:0.000011s ]
INFO: [ app_init ] --END-- [ RunTime:0.000814s ]
ERR: 无法加载模块:Application

[ 2017-07-04T18:26:24+08:00 ] ::1 /qmss/Application/Home/View/Members/__ROOT__/Application/Home/Common/css/register.css
INFO: [ app_init ] --START--
INFO: Run Behavior\BuildLiteBehavior [ RunTime:0.000010s ]
INFO: [ app_init ] --END-- [ RunTime:0.000739s ]
ERR: 无法加载模块:Application

[ 2017-07-04T18:26:24+08:00 ] ::1 /qmss/Application/Home/View/Members/__ROOT__/Application/Home/Common/images/check_box.jpg
INFO: [ app_init ] --START--
INFO: Run Behavior\BuildLiteBehavior [ RunTime:0.000012s ]
INFO: [ app_init ] --END-- [ RunTime:0.000383s ]
ERR: 无法加载模块:Application

[ 2017-07-04T18:26:43+08:00 ] ::1 /qmss/4Home/View/Members/create_user.html
INFO: [ app_init ] --START--
INFO: Run Behavior\BuildLiteBehavior [ RunTime:0.000010s ]
INFO: [ app_init ] --END-- [ RunTime:0.000421s ]
ERR: 无法加载模块:4Home

