[ 2017-07-15T13:59:18+08:00 ] ::1 /qmss/Application/Admin/View/Index/__ROOT__/Application/Admin/Common/resources/scripts/jquery-1.3.2.min.js
INFO: [ app_init ] --START--
INFO: Run Behavior\BuildLiteBehavior [ RunTime:0.000017s ]
INFO: [ app_init ] --END-- [ RunTime:0.000959s ]
ERR: 无法加载模块:A[ 2017-07-15T13:59:18+08:00 ] ::1 /qmss/Application/Admin/View/Index/__ROOT__/Application/Admin/Common/resources/css/style.css
INFO: [ app_init ] --START--
INFO: Run Behavior\BuildLiteBehavior [ RunTime:0.000016s ]
INFO: [ app_init ] --END-- [ RunTime:0.000561s ]
ERR: 无法加载模块:Application

[ 2017-07-15T13:59:18+08:00 ] ::1 /qmss/Application/Admin/View/Index/__ROOT__/Application/Admin/Common/resources/scripts/simpla.jquery.configuration.js
INFO: [ app_init ] --START--
INFO: Run Behavior\BuildLiteBehavior [ RunTime:0.000016s ]
INFO: [ app_init ] --END-- [ RunTime:0.000488s ]
ERR: 无法加载模块:Application

[ 2017-07-15T13:59:18+08:00 ] ::1 /qmss/Application/Admin/View/Index/__ROOT__/Application/Admin/Common/resources/scripts/jquery.wysiwyg.js
INFO: [ app_init ] --START--
INFO: Run Behavior\BuildLiteBehavior [ RunTime:0.000020s ]
INFO: [ app_init ] --END-- [ RunTime:0.000554s ]
ERR: 无法加载模块:Application

[ 2017-07-15T13:59:18+08:00 ] ::1 /qmss/Application/Admin/View/Index/__URL__/ver
INFO: [ app_init ] --START--
INFO: Run Behavior\BuildLiteBehavior [ RunTime:0.000037s ]
INFO: [ app_init ] --END-- [ RunTime:0.000614s ]
ERR: 无法加载模块:Application

[ 2017-07-15T13:59:18+08:00 ] ::1 /qmss/Application/Admin/View/Index/__ROOT__/Application/Admin/Common/resources/images/logo.png
INFO: [ app_init ] --START--
INFO: Run Behavior\BuildLiteBehavior [ RunTime:0.000018s ]
INFO: [ app_init ] --END-- [ RunTime:0.000573s ]
ERR: 无法加载模块:Application

