[ 2017-06-09T17:04:59+08:00 ] 127.0.0.1 /qmss/Application/Home/Common/js/shop_car.js
INFO: [ app_init ] --START--
INFO: Run Behavior\BuildLiteBehavior [ RunTime:0.000000s ]
INFO: [ app_init ] --END-- [ RunTime:0.001000s ]
ERR: 无法加载模块:Application

[ 2017-06-09T17:05:06+08:00 ] 127.0.0.1 /qmss/Application/Home/Common/js/shop_car.js
INFO: [ app_init ] --START--
INFO: Run Behavior\BuildLiteBehavior [ RunTime:0.000000s ]
INFO: [ app_init ] --END-- [ RunTime:0.000000s ]
ERR: 无法加载模块:Application

[ 2017-06-09T17:05:06+08:00 ] 127.0.0.1 /qmss/Application/Home/Common/js/shop_car.js
INFO: [ app_init ] --START--
INFO: Run Behavior\BuildLiteBehavior [ RunTime:0.000000s ]
INFO: [ app_init ] --END-- [ RunTime:0.000000s ]
ERR: 无法加载模块:Application

[ 2017-06-09T17:33:02+08:00 ] 127.0.0.1 /qmss/Application/Home/Common/js/jquery.mCustomScrollba.concat.min.js
INFO: [ app_init ] --START--
INFO: Run Behavior\BuildLiteBehavior [ RunTime:0.000000s ]
INFO: [ app_init ] --END-- [ RunTime:0.000000s ]
ERR: 无法加载模块:Application

[ 2017-06-09T17:33:02+08:00 ] 127.0.0.1 /qmss/Application/Home/Common/js/jquery.mCustomScrollba.concat.min.js
INFO: [ app_init ] --START--
INFO: Run Behavior\BuildLiteBehavior [ RunTime:0.000000s ]
INFO: [ app_init ] --END-- [ RunTime:0.002000s ]
ERR: 无法加载模块:Application

