[ 2017-05-24T10:35:04+08:00 ] 127.0.0.1 /qmss/Public/admin/images/icons/hammer_screwdriver.png
INFO: [ app_init ] --START--
INFO: Run Behavior\BuildLiteBehavior [ RunTime:0.000000s ]
INFO: [ app_init ] --END-- [ RunTime:0.000000s ]
ERR: 无法加载模块:Public

[ 2017-05-24T10:35:04+08:00 ] 127.0.0.1 /qmss/Public/admin/images/icons/pencil.png
INFO: [ app_init ] --START--
INFO: Run Behavior\BuildLiteBehavior [ RunTime:0.000000s ]
INFO: [ app_init ] --END-- [ RunTime:0.001000s ]
ERR: 无法加载模块:Public

[ 2017-05-24T10:35:04+08:00 ] 127.0.0.1 /qmss/Public/admin/images/icons/cross.png
INFO: [ app_init ] --START--
INFO: Run Behavior\BuildLiteBehavior [ RunTime:0.000000s ]
INFO: [ app_init ] --END-- [ RunTime:0.009000s ]
ERR: 无法加载模块:Public

[ 2017-05-24T10:41:11+08:00 ] 127.0.0.1 /qmss/Public/admin/images/icons/pencil.png
INFO: [ app_init ] --START--
INFO: Run Behavior\BuildLiteBehavior [ RunTime:0.000000s ]
INFO: [ app_init ] --END-- [ RunTime:0.001000s ]
ERR: 无法加载模块:Public

[ 2017-05-24T10:41:11+08:00 ] 127.0.0.1 /qmss/Public/admin/images/icons/cross.png
INFO: [ app_init ] --START--
INFO: Run Behavior\BuildLiteBehavior [ RunTime:0.000000s ]
INFO: [ app_init ] --END-- [ RunTime:0.001000s ]
ERR: 无法加载模块:Public

[ 2017-05-24T10:41:11+08:00 ] 127.0.0.1 /qmss/Public/admin/images/icons/hammer_screwdriver.png
INFO: [ app_init ] --START--
INFO: Run Behavior\BuildLiteBehavior [ RunTime:0.000000s ]
INFO: [ app_init ] --END-- [ RunTime:0.001000s ]
ERR: 无法加载模块:Public

